Log file open, 03/10/22 16:35:39
LogWindows: Failed to load 'aqProf.dll' (GetLastError=126)
LogWindows: File 'aqProf.dll' does not exist
LogWindows: Failed to load 'VSPerf140.dll' (GetLastError=126)
LogWindows: File 'VSPerf140.dll' does not exist
LogWindows: Failed to load 'VtuneApi.dll' (GetLastError=126)
LogWindows: File 'VtuneApi.dll' does not exist
LogWindows: Failed to load 'VtuneApi32e.dll' (GetLastError=126)
LogWindows: File 'VtuneApi32e.dll' does not exist
LogInit: Display: Running engine for game: Ball_Runner
LogPlatformFile: Not using cached read wrapper
LogTaskGraph: Started task graph with 5 named threads and 23 total threads with 3 sets of task threads.
LogStats: Stats thread started at 0.408254
LogD3D11RHI: Loaded GFSDK_Aftermath_Lib.x64.dll
LogICUInternationalization: Display: ICU TimeZone Detection - Raw Offset: +1:00, Platform Override: ''
LogPluginManager: Mounting plugin Paper2D
LogPluginManager: Mounting plugin AISupport
LogPluginManager: Mounting plugin LightPropagationVolume
LogPluginManager: Mounting plugin CLionSourceCodeAccess
LogPluginManager: Mounting plugin CodeLiteSourceCodeAccess
LogPluginManager: Mounting plugin GitSourceControl
LogPluginManager: Mounting plugin KDevelopSourceCodeAccess
LogPluginManager: Mounting plugin NullSourceCodeAccess
LogPluginManager: Mounting plugin PerforceSourceControl
LogPluginManager: Mounting plugin SubversionSourceControl
LogPluginManager: Mounting plugin UObjectPlugin
LogPluginManager: Mounting plugin VisualStudioCodeSourceCodeAccess
LogPluginManager: Mounting plugin VisualStudioSourceCodeAccess
LogPluginManager: Mounting plugin XCodeSourceCodeAccess
LogPluginManager: Mounting plugin AssetManagerEditor
LogPluginManager: Mounting plugin CryptoKeys
LogPluginManager: Mounting plugin DataValidation
LogPluginManager: Mounting plugin FacialAnimation
LogPluginManager: Mounting plugin GameplayTagsEditor
LogPluginManager: Mounting plugin MacGraphicsSwitching
LogPluginManager: Mounting plugin MeshEditor
LogPluginManager: Mounting plugin MobileLauncherProfileWizard
LogPluginManager: Mounting plugin PluginBrowser
LogPluginManager: Mounting plugin SpeedTreeImporter
LogPluginManager: Mounting plugin DatasmithContent
LogPluginManager: Mounting plugin AlembicImporter
LogPluginManager: Mounting plugin AppleImageUtils
LogPluginManager: Mounting plugin AppleVision
LogPluginManager: Mounting plugin BackChannel
LogPluginManager: Mounting plugin CharacterAI
LogPluginManager: Mounting plugin GeometryCache
LogPluginManager: Mounting plugin HTML5Networking
LogPluginManager: Mounting plugin ProxyLODPlugin
LogPluginManager: Mounting plugin MagicLeap
LogPluginManager: Mounting plugin MagicLeapEmulator
LogPluginManager: Mounting plugin MagicLeapMedia
LogPluginManager: Mounting plugin AndroidMedia
LogPluginManager: Mounting plugin AvfMedia
LogPluginManager: Mounting plugin ImgMedia
LogPluginManager: Mounting plugin LinearTimecode
LogPluginManager: Mounting plugin MediaCompositing
LogPluginManager: Mounting plugin MediaPlayerEditor
LogPluginManager: Mounting plugin WmfMedia
LogPluginManager: Mounting plugin TcpMessaging
LogPluginManager: Mounting plugin UdpMessaging
LogPluginManager: Mounting plugin ActorSequence
LogPluginManager: Mounting plugin LevelSequenceEditor
LogPluginManager: Mounting plugin MatineeToLevelSequence
LogPluginManager: Mounting plugin NetcodeUnitTest
LogPluginManager: Mounting plugin NUTUnrealEngine4
LogPluginManager: Mounting plugin OnlineSubsystemGooglePlay
LogPluginManager: Mounting plugin OnlineSubsystemIOS
LogPluginManager: Mounting plugin OnlineSubsystem
LogPluginManager: Mounting plugin OnlineSubsystemNull
LogPluginManager: Mounting plugin OnlineSubsystemUtils
LogPluginManager: Mounting plugin LauncherChunkInstaller
LogPluginManager: Mounting plugin AndroidDeviceProfileSelector
LogPluginManager: Mounting plugin AndroidMoviePlayer
LogPluginManager: Mounting plugin AndroidPermission
LogPluginManager: Mounting plugin AppleMoviePlayer
LogPluginManager: Mounting plugin ArchVisCharacter
LogPluginManager: Mounting plugin AudioCapture
LogPluginManager: Mounting plugin CableComponent
LogPluginManager: Mounting plugin CustomMeshComponent
LogPluginManager: Mounting plugin EditableMesh
LogPluginManager: Mounting plugin ExampleDeviceProfileSelector
LogPluginManager: Mounting plugin GoogleCloudMessaging
LogPluginManager: Mounting plugin ImmediatePhysics
LogPluginManager: Mounting plugin IOSDeviceProfileSelector
LogPluginManager: Mounting plugin LinuxDeviceProfileSelector
LogPluginManager: Mounting plugin LocationServicesBPLibrary
LogPluginManager: Mounting plugin MobilePatchingUtils
LogPluginManager: Mounting plugin OculusVR
LogPluginManager: Plugin shader directory ../../../Engine/Plugins/Runtime/Oculus/OculusVR/Shaders found
LogPluginManager: Mapping shader source directory ../../../Engine/Plugins/Runtime/Oculus/OculusVR/Shaders to virtual directory /Plugin/OculusVR
LogPluginManager: Mounting plugin PhysXVehicles
LogPluginManager: Mounting plugin ProceduralMeshComponent
LogPluginManager: Mounting plugin RuntimePhysXCooking
LogPluginManager: Mounting plugin SteamVR
LogPluginManager: Mounting plugin WindowsMoviePlayer
LogStreaming: Display: Took  0.152s to configure plugins.
LogInit: Using libcurl 7.55.1-DEV
LogInit:  - built for x86_64-pc-win32
LogInit:  - supports SSL with OpenSSL/1.0.2h
LogInit:  - supports HTTP deflate (compression) using libz 1.2.8
LogInit:  - other features:
LogInit:      CURL_VERSION_SSL
LogInit:      CURL_VERSION_LIBZ
LogInit:      CURL_VERSION_IPV6
LogInit:      CURL_VERSION_ASYNCHDNS
LogInit:      CURL_VERSION_LARGEFILE
LogInit:      CURL_VERSION_IDN
LogInit:  CurlRequestOptions (configurable via config and command line):
LogInit:  - bVerifyPeer = false  - Libcurl will NOT verify peer certificate
LogInit:  - bUseHttpProxy = false  - Libcurl will NOT use HTTP proxy
LogInit:  - bDontReuseConnections = false  - Libcurl will reuse connections
LogInit:  - CertBundlePath = nullptr  - Libcurl will use whatever was configured at build time.
LogInit:  - MaxHostConnections = 16  - Libcurl will limit the number of connections to a host
LogInit:  - LocalHostAddr = Default
LogInit:  - BufferSize = 65536
LogInit: WinSock: version 1.1 (2.2), MaxSocks=32767, MaxUdp=65467
LogInit: Build: ++UE4+Release-4.20-CL-4369336
LogInit: Engine Version: 4.20.3-4369336+++UE4+Release-4.20
LogInit: Compatible Engine Version: 4.20.0-4212847+++UE4+Release-4.20
LogInit: Net CL: 4212847
LogInit: OS: Windows 10 (), CPU: Intel(R) Core(TM) i5-8250U CPU @ 1.60GHz, GPU: Intel(R) UHD Graphics 620
LogInit: Compiled (64-bit): Sep 17 2018 12:26:19
LogInit: Compiled with Visual C++: 19.13.26129.00
LogInit: Build Configuration: Development
LogInit: Branch Name: ++UE4+Release-4.20
LogInit: Command Line:  
LogInit: Base Directory: C:/Program Files/Epic Games/UE_4.20/Engine/Binaries/Win64/
LogInit: Installed Engine Build: 1
LogDevObjectVersion: Number of dev versions registered: 20
LogDevObjectVersion:   Dev-Blueprints (B0D832E4-1F89-4F0D-ACCF-7EB736FD4AA2): 10
LogDevObjectVersion:   Dev-Build (E1C64328-A22C-4D53-A36C-8E866417BD8C): 0
LogDevObjectVersion:   Dev-Core (375EC13C-06E4-48FB-B500-84F0262A717E): 2
LogDevObjectVersion:   Dev-Editor (E4B068ED-F494-42E9-A231-DA0B2E46BB41): 24
LogDevObjectVersion:   Dev-Framework (CFFC743F-43B0-4480-9391-14DF171D2073): 34
LogDevObjectVersion:   Dev-Mobile (B02B49B5-BB20-44E9-A304-32B752E40360): 2
LogDevObjectVersion:   Dev-Networking (A4E4105C-59A1-49B5-A7C5-40C4547EDFEE): 0
LogDevObjectVersion:   Dev-Online (39C831C9-5AE6-47DC-9A44-9C173E1C8E7C): 0
LogDevObjectVersion:   Dev-Physics (78F01B33-EBEA-4F98-B9B4-84EACCB95AA2): 0
LogDevObjectVersion:   Dev-Platform (6631380F-2D4D-43E0-8009-CF276956A95A): 0
LogDevObjectVersion:   Dev-Rendering (12F88B9F-8875-4AFC-A67C-D90C383ABD29): 26
LogDevObjectVersion:   Dev-Sequencer (7B5AE74C-D270-4C10-A958-57980B212A5A): 9
LogDevObjectVersion:   Dev-VR (D7296918-1DD6-4BDD-9DE2-64A83CC13884): 2
LogDevObjectVersion:   Dev-LoadTimes (C2A15278-BFE7-4AFE-6C17-90FF531DF755): 1
LogDevObjectVersion:   Private-Geometry (6EACA3D4-40EC-4CC1-B786-8BED09428FC5): 3
LogDevObjectVersion:   Dev-AnimPhys (29E575DD-E0A3-4627-9D10-D276232CDCEA): 17
LogDevObjectVersion:   Dev-ReflectionCapture (6B266CEC-1EC7-4B8F-A30B-E4D90942FC07): 1
LogDevObjectVersion:   Dev-Automation (0DF73D61-A23F-47EA-B727-89E90C41499A): 1
LogDevObjectVersion:   FortniteMain (601D1886-AC64-4F84-AA16-D3DE0DEAC7D6): 12
LogDevObjectVersion:   Dev-Enterprise (9DFFBCD6-494F-0158-E221-12823C92A888): 1
LogStreaming: Display: Took  0.000s to delete old logs.
LogInit: Presizing for max 8388607 objects, including 0 objects not considered by GC, pre-allocating 0 bytes for permanent pool.
LogInit: Object subsystem initialized
[2022.03.10-15.35.40:490][  0]LogInit: Selected Device Profile: [Windows]
[2022.03.10-15.35.40:490][  0]LogInit: Applying CVar settings loaded from the selected device profile: [Windows]
[2022.03.10-15.35.40:533][  0]LogHAL: Display: Platform has ~ 20 GB [21343473664 / 34359738368 / 20], which maps to Larger [LargestMinGB=32, LargerMinGB=12, DefaultMinGB=8, SmallerMinGB=6, SmallestMinGB=0)
[2022.03.10-15.35.40:534][  0]LogInit: Setting Device Profile CVar: [[r.Vulkan.UseRealUBs:1]]
[2022.03.10-15.35.40:534][  0]LogInit: Going up to parent DeviceProfile []
[2022.03.10-15.35.40:539][  0]LogInit: Computer: DESKTOP-C1TF8DB
[2022.03.10-15.35.40:539][  0]LogInit: User: Admin
[2022.03.10-15.35.40:539][  0]LogInit: CPU Page size=4096, Cores=4
[2022.03.10-15.35.40:539][  0]LogInit: High frequency timer resolution =10.000000 MHz
[2022.03.10-15.35.40:540][  0]LogMemory: Memory total: Physical=19.9GB (20GB approx)
[2022.03.10-15.35.40:540][  0]LogMemory: Platform Memory Stats for Windows
[2022.03.10-15.35.40:540][  0]LogMemory: Process Physical Memory: 104.34 MB used, 104.34 MB peak
[2022.03.10-15.35.40:540][  0]LogMemory: Process Virtual Memory: 91.16 MB used, 91.16 MB peak
[2022.03.10-15.35.40:540][  0]LogMemory: Physical Memory: 8377.14 MB used,  11977.58 MB free, 20354.72 MB total
[2022.03.10-15.35.40:540][  0]LogMemory: Virtual Memory: 4629.70 MB used,  11977.58 MB free, 134217728.00 MB total
[2022.03.10-15.35.40:615][  0]LogInit: Using OS detected language (pl-PL).
[2022.03.10-15.35.40:615][  0]LogInit: Using OS detected locale (pl-PL).
[2022.03.10-15.35.40:618][  0]LogTextLocalizationManager: No specific localization for 'pl-PL' exists, so the 'pl' localization will be used.
[2022.03.10-15.35.40:646][  0]LogStreaming: Display: Took  0.032s to InitEngineTextLocalization.
[2022.03.10-15.35.40:647][  0]LogInit: Setting process to per monitor DPI aware
[2022.03.10-15.35.40:794][  0]LogSlate: New Slate User Created.  User Index 0, Is Virtual User: 0
[2022.03.10-15.35.40:794][  0]LogSlate: Slate User Registered.  User Index 0, Is Virtual User: 0
[2022.03.10-15.35.43:319][  0]LogHMD: Failed to initialize OpenVR with code 110
[2022.03.10-15.35.43:319][  0]LogD3D11RHI: D3D11 adapters:
[2022.03.10-15.35.43:411][  0]LogD3D11RHI:    0. 'NVIDIA GeForce MX150' (Feature Level 11_0)
[2022.03.10-15.35.43:412][  0]LogD3D11RHI:       1983/0/10177 MB DedicatedVideo/DedicatedSystem/SharedSystem, Outputs:2, VendorId:0x10de
[2022.03.10-15.35.43:448][  0]LogD3D11RHI:    1. 'Intel(R) UHD Graphics 620' (Feature Level 11_0)
[2022.03.10-15.35.43:448][  0]LogD3D11RHI:       128/0/10177 MB DedicatedVideo/DedicatedSystem/SharedSystem, Outputs:0, VendorId:0x8086
[2022.03.10-15.35.43:454][  0]LogD3D11RHI:    2. 'Microsoft Basic Render Driver' (Feature Level 11_0)
[2022.03.10-15.35.43:454][  0]LogD3D11RHI:       0/0/10177 MB DedicatedVideo/DedicatedSystem/SharedSystem, Outputs:0, VendorId:0x1414
[2022.03.10-15.35.43:454][  0]LogD3D11RHI: Chosen D3D11 Adapter: 0
[2022.03.10-15.35.43:465][  0]LogD3D11RHI: Creating new Direct3DDevice
[2022.03.10-15.35.43:465][  0]LogD3D11RHI:     GPU DeviceId: 0x1d10 (for the marketing name, search the web for "GPU Device Id")
[2022.03.10-15.35.43:465][  0]LogWindows: EnumDisplayDevices:
[2022.03.10-15.35.43:465][  0]LogWindows:    0. 'Intel(R) UHD Graphics 620' (P:1 D:1)
[2022.03.10-15.35.43:465][  0]LogWindows:    1. 'Intel(R) UHD Graphics 620' (P:0 D:1)
[2022.03.10-15.35.43:466][  0]LogWindows:    2. 'Intel(R) UHD Graphics 620' (P:0 D:0)
[2022.03.10-15.35.43:466][  0]LogWindows: DebugString: PrimaryIsNotTheChoosenAdapter PrimaryIsNotTheChoosenAdapter PrimaryIsNotTheChoosenAdapter FoundDriverCount:0 
[2022.03.10-15.35.43:466][  0]LogD3D11RHI:     Adapter Name: NVIDIA GeForce MX150
[2022.03.10-15.35.43:466][  0]LogD3D11RHI:   Driver Version: Unknown (internal:Unknown, unified:Unknown)
[2022.03.10-15.35.43:466][  0]LogD3D11RHI:      Driver Date: Unknown
[2022.03.10-15.35.43:466][  0]LogRHI: Texture pool is 1388 MB (70% of 1983 MB)
[2022.03.10-15.35.43:532][  0]LogD3D11RHI: Async texture creation enabled
[2022.03.10-15.35.43:543][  0]LogD3D11RHI: GPU Timing Frequency: 1000.000000 (Debug: 2 1)
[2022.03.10-15.35.43:545][  0]LogShaderCompilers: Guid format shader working directory is -34 characters bigger than the processId version (../../../../../../Users/Admin/Desktop/REPOBallRunner_ROK2_2021_2022/Ball_Runner/Intermediate/Shaders/WorkingDirectory/32324/).
[2022.03.10-15.35.43:545][  0]LogShaderCompilers: Cleaned the shader compiler working directory 'C:/Users/Admin/AppData/Local/Temp/UnrealShaderWorkingDir/32EBB3B64F38F40CB9D1BFA993AA4D6D/'.
[2022.03.10-15.35.44:191][  0]LogTemp: Display: Loaded TP AllDesktopTargetPlatform
[2022.03.10-15.35.44:205][  0]LogTemp: Display: Loaded TP MacClientTargetPlatform
[2022.03.10-15.35.44:220][  0]LogTemp: Display: Loaded TP MacNoEditorTargetPlatform
[2022.03.10-15.35.44:235][  0]LogTemp: Display: Loaded TP MacServerTargetPlatform
[2022.03.10-15.35.44:251][  0]LogTemp: Display: Loaded TP MacTargetPlatform
[2022.03.10-15.35.44:267][  0]LogTemp: Display: Loaded TP WindowsClientTargetPlatform
[2022.03.10-15.35.44:285][  0]LogTemp: Display: Loaded TP WindowsNoEditorTargetPlatform
[2022.03.10-15.35.44:301][  0]LogTemp: Display: Loaded TP WindowsServerTargetPlatform
[2022.03.10-15.35.44:309][  0]LogTemp: Display: Loaded TP WindowsTargetPlatform
[2022.03.10-15.35.44:395][  0]LogTemp: Display: Loaded TP AndroidTargetPlatform
[2022.03.10-15.35.44:395][  0]LogTemp: Display: Loaded TP AndroidTargetPlatform
[2022.03.10-15.35.44:395][  0]LogTemp: Display: Loaded TP AndroidTargetPlatform
[2022.03.10-15.35.44:395][  0]LogTemp: Display: Loaded TP AndroidTargetPlatform
[2022.03.10-15.35.44:395][  0]LogTemp: Display: Loaded TP AndroidTargetPlatform
[2022.03.10-15.35.44:395][  0]LogTemp: Display: Loaded TP AndroidTargetPlatform
[2022.03.10-15.35.44:395][  0]LogTemp: Display: Loaded TP AndroidTargetPlatform
[2022.03.10-15.35.44:395][  0]LogTemp: Display: Loaded TP AndroidTargetPlatform
[2022.03.10-15.35.44:395][  0]LogTemp: Display: Loaded TP AndroidTargetPlatform
[2022.03.10-15.35.44:395][  0]LogTemp: Display: Loaded TP AndroidTargetPlatform
[2022.03.10-15.35.44:395][  0]LogTemp: Display: Loaded TP AndroidTargetPlatform
[2022.03.10-15.35.44:395][  0]LogTemp: Display: Loaded TP AndroidTargetPlatform
[2022.03.10-15.35.44:395][  0]LogTemp: Display: Loaded TP AndroidTargetPlatform
[2022.03.10-15.35.44:395][  0]LogTemp: Display: Loaded TP AndroidTargetPlatform
[2022.03.10-15.35.44:395][  0]LogTemp: Display: Loaded TP AndroidTargetPlatform
[2022.03.10-15.35.44:395][  0]LogTemp: Display: Loaded TP AndroidTargetPlatform
[2022.03.10-15.35.44:395][  0]LogTemp: Display: Loaded TP AndroidTargetPlatform
[2022.03.10-15.35.44:395][  0]LogTemp: Display: Loaded TP AndroidTargetPlatform
[2022.03.10-15.35.44:398][  0]LogTemp: Display: Loaded TP HTML5TargetPlatform
[2022.03.10-15.35.44:462][  0]LogTemp: Display: Loaded TP IOSTargetPlatform
[2022.03.10-15.35.44:462][  0]LogTemp: Display: Loaded TP IOSTargetPlatform
[2022.03.10-15.35.44:486][  0]LogTemp: Display: Loaded TP TVOSTargetPlatform
[2022.03.10-15.35.44:486][  0]LogTemp: Display: Loaded TP TVOSTargetPlatform
[2022.03.10-15.35.44:499][  0]LogTemp: Display: Loaded TP LinuxClientTargetPlatform
[2022.03.10-15.35.44:512][  0]LogTemp: Display: Loaded TP LinuxNoEditorTargetPlatform
[2022.03.10-15.35.44:524][  0]LogTemp: Display: Loaded TP LinuxServerTargetPlatform
[2022.03.10-15.35.44:539][  0]LogTemp: Display: Loaded TP LinuxTargetPlatform
[2022.03.10-15.35.44:549][  0]LogTemp: Display: Loaded TP LuminTargetPlatform
[2022.03.10-15.35.44:549][  0]LogTargetPlatformManager: Display: Building Assets For Windows
[2022.03.10-15.35.44:632][  0]LogXGEController: Cleaning working directory: C:/Users/Admin/AppData/Local/Temp/UnrealXGEWorkingDir/
[2022.03.10-15.35.44:632][  0]LogXGEController: Cannot use XGE Controller as Incredibuild is not installed on this machine.
[2022.03.10-15.35.44:632][  0]LogShaderCompilers: Cannot use XGE Shader Compiler as Incredibuild is not installed on this machine.
[2022.03.10-15.35.44:632][  0]LogShaderCompilers: Display: Using Local Shader Compiler.
[2022.03.10-15.35.45:799][  0]LogDerivedDataCache: Display: Max Cache Size: 512 MB
[2022.03.10-15.35.45:864][  0]LogDerivedDataCache: Loaded boot cache 0.06s 71MB C:/Users/Admin/AppData/Local/UnrealEngine/4.20/DerivedDataCache/Boot.ddc.
[2022.03.10-15.35.45:864][  0]LogDerivedDataCache: Display: Loaded Boot cache: C:/Users/Admin/AppData/Local/UnrealEngine/4.20/DerivedDataCache/Boot.ddc
[2022.03.10-15.35.45:864][  0]LogDerivedDataCache: FDerivedDataBackendGraph:  Pak pak cache file ../../../../../../Users/Admin/Desktop/REPOBallRunner_ROK2_2021_2022/Ball_Runner/DerivedDataCache/DDC.ddp not found, will not use a pak cache.
[2022.03.10-15.35.45:864][  0]LogDerivedDataCache: Unable to find inner node Pak for hierarchical cache Hierarchy.
[2022.03.10-15.35.45:864][  0]LogDerivedDataCache: FDerivedDataBackendGraph:  CompressedPak pak cache file ../../../../../../Users/Admin/Desktop/REPOBallRunner_ROK2_2021_2022/Ball_Runner/DerivedDataCache/Compressed.ddp not found, will not use a pak cache.
[2022.03.10-15.35.45:864][  0]LogDerivedDataCache: Unable to find inner node CompressedPak for hierarchical cache Hierarchy.
[2022.03.10-15.35.45:880][  0]LogDerivedDataCache: Display: Pak cache opened for reading ../../../Engine/DerivedDataCache/Compressed.ddp.
[2022.03.10-15.35.45:892][  0]LogDerivedDataCache: Using Local data cache path C:/Users/Admin/AppData/Local/UnrealEngine/Common/DerivedDataCache: Writable
[2022.03.10-15.35.45:892][  0]LogDerivedDataCache: Shared data cache path not found in *engine.ini, will not use an Shared cache.
[2022.03.10-15.35.45:892][  0]LogDerivedDataCache: Unable to find inner node Shared for hierarchical cache Hierarchy.
[2022.03.10-15.35.45:910][  0]LogMaterial: Verifying Global Shaders for PCD3D_SM5
[2022.03.10-15.35.45:912][  0]LogSlate: Using FreeType 2.6.0
[2022.03.10-15.35.45:914][  0]LogSlate: SlateFontServices - WITH_FREETYPE: 1, WITH_HARFBUZZ: 1
[2022.03.10-15.35.46:139][  0]LogAssetRegistry: FAssetRegistry took 0.0264 seconds to start up
[2022.03.10-15.35.47:044][  0]LogInit: Selected Device Profile: [Windows]
[2022.03.10-15.35.47:212][  0]LogSimplygon: Simplygon DLL not present - disabling.
[2022.03.10-15.35.47:223][  0]LogMeshReduction: Using SimplygonSwarm for distributed automatic mesh merging
[2022.03.10-15.35.47:223][  0]LogMeshReduction: Using ProxyLODMeshReduction for automatic mesh merging
[2022.03.10-15.35.47:223][  0]LogMeshReduction: Using QuadricMeshReduction for automatic static mesh reduction
[2022.03.10-15.35.47:223][  0]LogMeshReduction: No automatic skeletal mesh reduction module available
[2022.03.10-15.35.47:457][  0]LogNetVersion: Ball_Runner 1.0.0, NetCL: 4212847, EngineNetVer: 5, GameNetVer: 0 (Checksum: 3278852627)
[2022.03.10-15.35.48:665][  0]LogPackageLocalizationCache: Processed 11 localized package path(s) for 2 prioritized culture(s) in 0.088812 seconds
[2022.03.10-15.35.48:675][  0]LogUObjectArray: 38425 objects as part of root set at end of initial load.
[2022.03.10-15.35.48:675][  0]LogUObjectAllocator: 6690872 out of 0 bytes used by permanent object pool.
[2022.03.10-15.35.48:675][  0]LogUObjectArray: CloseDisregardForGC: 0/0 objects in disregard for GC pool
[2022.03.10-15.35.51:518][  0]LogTcpMessaging: Initializing TcpMessaging bridge
[2022.03.10-15.35.51:537][  0]LogUdpMessaging: Initializing bridge on interface 0.0.0.0:0 to multicast group 230.0.0.1:6666.
[2022.03.10-15.35.51:750][  0]SourceControl: Source control is disabled
[2022.03.10-15.35.51:750][  0]SourceControl: Source control is disabled
[2022.03.10-15.35.51:752][  0]SourceControl: Source control is disabled
[2022.03.10-15.35.51:754][  0]SourceControl: Source control is disabled
[2022.03.10-15.35.51:994][  0]LogAndroidPermission: UAndroidPermissionCallbackProxy::GetInstance
[2022.03.10-15.35.52:210][  0]LogOcInput: OculusInput pre-init called
[2022.03.10-15.35.52:354][  0]LogEngine: Initializing Engine...
[2022.03.10-15.35.52:355][  0]LogHMD: Failed to initialize OpenVR with code 110
[2022.03.10-15.35.52:358][  0]LogStats: UGameplayTagsManager::ConstructGameplayTagTree: ImportINI prefixes -  0.000 s
[2022.03.10-15.35.52:358][  0]LogStats: UGameplayTagsManager::ConstructGameplayTagTree: Construct from data asset -  0.000 s
[2022.03.10-15.35.52:358][  0]LogStats: UGameplayTagsManager::ConstructGameplayTagTree: ImportINI -  0.000 s
[2022.03.10-15.35.52:358][  0]LogStats: UGameplayTagsManager::ConstructGameplayTagTree: GameplayTagTreeChangedEvent.Broadcast -  0.000 s
[2022.03.10-15.35.52:917][  0]LogInit: Initializing FReadOnlyCVARCache
[2022.03.10-15.35.52:950][  0]LogAIModule: Creating AISystem for world Untitled
[2022.03.10-15.35.53:017][  0]LogInit: XAudio2 using 'Głośniki (Realtek High Definition Audio)' : 2 channels at 48 kHz using 32 bits per sample (channel mask 0x3)
[2022.03.10-15.35.53:084][  0]LogInit: FAudioDevice initialized.
[2022.03.10-15.35.53:084][  0]LogNetVersion: Set ProjectVersion to 1.0.0.0. Version Checksum will be recalculated on next use.
[2022.03.10-15.35.53:199][  0]LogDerivedDataCache: Saved boot cache 0.11s 71MB C:/Users/Admin/AppData/Local/UnrealEngine/4.20/DerivedDataCache/Boot.ddc.
[2022.03.10-15.35.53:211][  0]LogInit: Texture streaming: Enabled
[2022.03.10-15.35.53:253][  0]LogEngineSessionManager: EngineSessionManager initialized
[2022.03.10-15.35.53:286][  0]LogInit: Transaction tracking system initialized
[2022.03.10-15.35.53:351][  0]BlueprintLog: New page: Editor Load
[2022.03.10-15.35.53:546][  0]LocalizationService: Localization service is disabled
[2022.03.10-15.35.54:188][  0]LogCook: Display: Max memory allowance for cook 16384mb min free memory 0mb
[2022.03.10-15.35.54:188][  0]LogCook: Display: Mobile HDR setting 1
[2022.03.10-15.35.54:188][  0]LogGameplayTags: Display: UGameplayTagsManager::DoneAddingNativeTags. DelegateIsBound: 0
[2022.03.10-15.35.54:188][  0]LogStats: UGameplayTagsManager::ConstructGameplayTagTree: ImportINI prefixes -  0.000 s
[2022.03.10-15.35.54:188][  0]LogStats: UGameplayTagsManager::ConstructGameplayTagTree: Construct from data asset -  0.000 s
[2022.03.10-15.35.54:188][  0]LogStats: UGameplayTagsManager::ConstructGameplayTagTree: ImportINI -  0.000 s
[2022.03.10-15.35.54:188][  0]LogStats: UGameplayTagsManager::ConstructGameplayTagTree: GameplayTagTreeChangedEvent.Broadcast -  0.000 s
[2022.03.10-15.35.54:327][  0]LogFileCache: Scanning file cache for directory 'C:/Users/Admin/Desktop/REPOBallRunner_ROK2_2021_2022/Ball_Runner/Content/' took 0.01s
[2022.03.10-15.35.54:394][  0]SourceControl: Source control is disabled
[2022.03.10-15.35.54:395][  0]Cmd: MAP LOAD FILE="../../../../../../Users/Admin/Desktop/REPOBallRunner_ROK2_2021_2022/Ball_Runner/Content/Levels/MainLevel.umap" TEMPLATE=0 SHOWPROGRESS=1 FEATURELEVEL=3
[2022.03.10-15.35.54:395][  0]LightingResults: New page: Lighting Build
[2022.03.10-15.35.54:398][  0]MapCheck: New page: Map Check
[2022.03.10-15.35.54:398][  0]LightingResults: New page: Lighting Build
[2022.03.10-15.35.54:422][  0]LogAIModule: Creating AISystem for world MainLevel
[2022.03.10-15.35.54:423][  0]LogEditorServer: Finished looking for orphan Actors (0.000 secs)
[2022.03.10-15.35.54:445][  0]Cmd: MAP CHECKDEP NOCLEARLOG
[2022.03.10-15.35.54:524][  0]MapCheck: Map check complete: 0 Error(s), 0 Warning(s), took 78,197ms to complete.
[2022.03.10-15.35.54:524][  0]LogFileHelpers: Loading map 'MainLevel' took 0.129
[2022.03.10-15.35.54:672][  0]LogSlate: Updating window title bar state: overlay mode, drag disabled, window buttons hidden, title bar hidden
[2022.03.10-15.35.54:680][  0]LogSlate: Updating window title bar state: overlay mode, drag disabled, window buttons hidden, title bar hidden
[2022.03.10-15.35.54:688][  0]LogSlate: Updating window title bar state: overlay mode, drag disabled, window buttons hidden, title bar hidden
[2022.03.10-15.35.54:695][  0]LogSlate: Updating window title bar state: overlay mode, drag disabled, window buttons hidden, title bar hidden
[2022.03.10-15.35.54:704][  0]LogCollectionManager: Loaded 0 collections in 0.001712 seconds
[2022.03.10-15.35.54:749][  0]LogFileCache: Scanning file cache for directory 'C:/Users/Admin/Desktop/REPOBallRunner_ROK2_2021_2022/Ball_Runner/Saved/Collections/' took 0.01s
[2022.03.10-15.35.54:749][  0]LogFileCache: Scanning file cache for directory 'C:/Users/Admin/Desktop/REPOBallRunner_ROK2_2021_2022/Ball_Runner/Content/Developers/Admin/Collections/' took 0.01s
[2022.03.10-15.35.54:749][  0]LogFileCache: Scanning file cache for directory 'C:/Users/Admin/Desktop/REPOBallRunner_ROK2_2021_2022/Ball_Runner/Content/Collections/' took 0.01s
[2022.03.10-15.35.54:749][  0]LogCollectionManager: Rebuilt the GUID cache for 0 collections in 0.000001 seconds
[2022.03.10-15.35.54:758][  0]LogContentBrowser: Native class hierarchy populated in 0.0087 seconds. Added 2572 classes and 603 folders.
[2022.03.10-15.35.54:764][  0]LogContentBrowser: Native class hierarchy updated for 'WidgetCarousel' in 0.0003 seconds. Added 0 classes and 0 folders.
[2022.03.10-15.35.54:888][  0]LogContentBrowser: Native class hierarchy updated for 'AddContentDialog' in 0.0003 seconds. Added 0 classes and 0 folders.
[2022.03.10-15.35.54:894][  0]LogContentBrowser: Native class hierarchy updated for 'SceneOutliner' in 0.0003 seconds. Added 1 classes and 2 folders.
[2022.03.10-15.35.54:919][  0]LogSlate: Took 0.006243 seconds to synchronously load lazily loaded font '../../../Engine/Content/Slate/Fonts/Roboto-Regular.ttf' (155K)
[2022.03.10-15.35.54:928][  0]LogSlate: Took 0.003429 seconds to synchronously load lazily loaded font '../../../Engine/Content/Slate/Fonts/Roboto-Bold.ttf' (160K)
[2022.03.10-15.35.54:936][  0]LogSlate: Took 0.001434 seconds to synchronously load lazily loaded font '../../../Engine/Content/Editor/Slate/Fonts/FontAwesome.ttf' (139K)
[2022.03.10-15.35.55:052][  0]LogRenderer: Reallocating scene render targets to support 924x440 Format 10 NumSamples 1 (Frame:1).
[2022.03.10-15.35.55:239][  0]LogContentBrowser: Native class hierarchy updated for 'HierarchicalLODOutliner' in 0.0004 seconds. Added 0 classes and 0 folders.
[2022.03.10-15.35.55:239][  0]LogLoad: (Engine Initialization) Total time: 17.35 seconds
[2022.03.10-15.35.55:239][  0]LogLoad: (Engine Initialization) Total Blueprint compile time: 0.00 seconds
[2022.03.10-15.35.55:280][  0]LogContentStreaming: Texture pool size now 1000 MB
[2022.03.10-15.35.55:303][  0]LogSlate: Took 0.001081 seconds to synchronously load lazily loaded font '../../../Engine/Content/Slate/Fonts/Roboto-Light.ttf' (167K)
[2022.03.10-15.35.55:317][  1]LogAssetRegistry: Asset discovery search completed in 9.2018 seconds
[2022.03.10-15.35.55:319][  1]LogCollectionManager: Rebuilt the object cache for 0 collections in 0.000000 seconds (found 0 objects)
[2022.03.10-15.35.55:319][  1]LogCollectionManager: Fixed up redirectors for 0 collections in 0.000061 seconds (updated 0 objects)
[2022.03.10-15.41.57:920][232]LogSlate: FSceneViewport::OnFocusLost() reason 0
[2022.03.10-15.42.25:589][877]LogSlate: Prevented a slow task dialog from being summoned while a context menu was open
[2022.03.10-15.42.26:426][877]LogAIModule: Creating AISystem for world Advanced_Lighting
[2022.03.10-15.42.26:893][877]LogAIModule: Creating AISystem for world Minimal_Default
[2022.03.10-15.42.28:952][877]LogAIModule: Creating AISystem for world StarterMap
[2022.03.10-15.42.32:608][877]LogSlate: Window 'Delete Assets' being destroyed
[2022.03.10-15.42.32:626][877]LogSlate: Took 0.000270 seconds to synchronously load lazily loaded font '../../../Engine/Content/Slate/Fonts/Roboto-Light.ttf' (167K)
[2022.03.10-15.44.05:458][ 83]LogSlate: FSceneViewport::OnFocusLost() reason 0
[2022.03.10-15.44.24:642][207]Cmd: BRUSH ADD SELECTNEWBRUSH
[2022.03.10-15.44.42:157][170]LogSlate: FSceneViewport::OnFocusLost() reason 0
[2022.03.10-15.45.55:459][224]LogSavePackage: Moving '../../../../../../Users/Admin/Desktop/REPOBallRunner_ROK2_2021_2022/Ball_Runner/Saved/MainLevel_Auto15CB21CB94DEE7669FC6888A8136A80A0.tmp' to '../../../../../../Users/Admin/Desktop/REPOBallRunner_ROK2_2021_2022/Ball_Runner/Saved/Autosaves/Game/Levels/MainLevel_Auto1.umap'
[2022.03.10-15.45.55:462][224]LogFileHelpers: Editor autosave (incl. sublevels) for '/Game/Levels/MainLevel' took 0.049
[2022.03.10-15.45.55:462][224]LogFileHelpers: Editor autosave (incl. sublevels) for all levels took 0.049
[2022.03.10-15.46.38:936][597]LogSlate: FSceneViewport::OnFocusLost() reason 0
[2022.03.10-15.48.03:028][646]LogSlate: FSceneViewport::OnFocusLost() reason 0
[2022.03.10-15.48.09:249][999]LogSlate: FSceneViewport::OnFocusLost() reason 0
[2022.03.10-15.48.10:978][ 89]LogSlate: FSceneViewport::OnFocusLost() reason 0
[2022.03.10-15.48.14:595][275]LogSlate: FSceneViewport::OnFocusLost() reason 0
[2022.03.10-15.48.18:735][493]LogSlate: FSceneViewport::OnFocusLost() reason 0
[2022.03.10-15.48.32:564][807]Cmd: TRANSACTION UNDO
[2022.03.10-15.48.32:564][807]LogEditorTransaction: Undo Create Actors
[2022.03.10-15.48.32:565][807]LogPhysics: Warning: Found bad index buffer when cooking UModelComponent physics data! Component: /Game/Levels/MainLevel.MainLevel:PersistentLevel.ModelComponent_19, Buffer: 0, Buffer Size: 0, Element: 0
[2022.03.10-15.48.32:566][807]LogPhysics: Warning: Found bad index buffer when cooking UModelComponent physics data! Component: /Game/Levels/MainLevel.MainLevel:PersistentLevel.ModelComponent_19, Buffer: 0, Buffer Size: 0, Element: 1
[2022.03.10-15.48.32:566][807]LogPhysics: Warning: Found bad index buffer when cooking UModelComponent physics data! Component: /Game/Levels/MainLevel.MainLevel:PersistentLevel.ModelComponent_19, Buffer: 0, Buffer Size: 0, Element: 2
[2022.03.10-15.48.32:566][807]LogPhysics: Warning: UBodySetup::GetCookInfo: Triangle data from '/Game/Levels/MainLevel.MainLevel:PersistentLevel.ModelComponent_19' invalid (24 verts, 0 indices).
[2022.03.10-15.48.32:566][807]LogPhysics: Warning: Attempt to build physics data for /Game/Levels/MainLevel.MainLevel:PersistentLevel.ModelComponent_19.BodySetup_0 when we are unable to.
[2022.03.10-15.48.32:950][823]Cmd: TRANSACTION UNDO
[2022.03.10-15.48.32:950][823]LogEditorTransaction: Undo Create Actors
[2022.03.10-15.48.33:370][843]Cmd: TRANSACTION UNDO
[2022.03.10-15.48.33:370][843]LogEditorTransaction: Undo Create Actors
[2022.03.10-15.48.33:917][872]Cmd: TRANSACTION UNDO
[2022.03.10-15.48.33:917][872]LogEditorTransaction: Undo Create Actors
[2022.03.10-15.48.34:412][898]Cmd: TRANSACTION UNDO
[2022.03.10-15.48.34:412][898]LogEditorTransaction: Undo Create Actors
[2022.03.10-15.48.35:159][939]Cmd: TRANSACTION UNDO
[2022.03.10-15.48.35:159][939]LogEditorTransaction: Undo Create Actors
[2022.03.10-15.48.43:432][421]LogSlate: FSceneViewport::OnFocusLost() reason 2
[2022.03.10-15.48.49:238][628]Cmd: POLY SELECT ADJACENT ALL
[2022.03.10-15.48.51:479][741]LogEditorViewport: Clicking Background
[2022.03.10-15.49.12:400][214]Cmd: TRANSACTION UNDO
[2022.03.10-15.49.12:400][214]LogEditorTransaction: Undo Move Actors
[2022.03.10-15.49.12:424][214]LogPhysics: Warning: Found bad index buffer when cooking UModelComponent physics data! Component: /Game/Levels/MainLevel.MainLevel:PersistentLevel.ModelComponent_18, Buffer: 0, Buffer Size: 0, Element: 0
[2022.03.10-15.49.12:424][214]LogPhysics: Warning: UBodySetup::GetCookInfo: Triangle data from '/Game/Levels/MainLevel.MainLevel:PersistentLevel.ModelComponent_18' invalid (24 verts, 0 indices).
[2022.03.10-15.49.12:424][214]LogPhysics: Warning: Attempt to build physics data for /Game/Levels/MainLevel.MainLevel:PersistentLevel.ModelComponent_18.BodySetup_0 when we are unable to.
[2022.03.10-15.49.12:426][214]LogPhysics: Warning: Found bad index buffer when cooking UModelComponent physics data! Component: /Game/Levels/MainLevel.MainLevel:PersistentLevel.ModelComponent_19, Buffer: 0, Buffer Size: 0, Element: 0
[2022.03.10-15.49.12:426][214]LogPhysics: Warning: Found bad index buffer when cooking UModelComponent physics data! Component: /Game/Levels/MainLevel.MainLevel:PersistentLevel.ModelComponent_19, Buffer: 0, Buffer Size: 0, Element: 1
[2022.03.10-15.49.12:426][214]LogPhysics: Warning: Found bad index buffer when cooking UModelComponent physics data! Component: /Game/Levels/MainLevel.MainLevel:PersistentLevel.ModelComponent_19, Buffer: 0, Buffer Size: 0, Element: 2
[2022.03.10-15.49.12:426][214]LogPhysics: Warning: UBodySetup::GetCookInfo: Triangle data from '/Game/Levels/MainLevel.MainLevel:PersistentLevel.ModelComponent_19' invalid (24 verts, 0 indices).
[2022.03.10-15.49.12:426][214]LogPhysics: Warning: Attempt to build physics data for /Game/Levels/MainLevel.MainLevel:PersistentLevel.ModelComponent_19.BodySetup_0 when we are unable to.
[2022.03.10-15.49.12:438][214]LogPhysics: Warning: Found bad index buffer when cooking UModelComponent physics data! Component: /Game/Levels/MainLevel.MainLevel:PersistentLevel.ModelComponent_20, Buffer: 0, Buffer Size: 0, Element: 0
[2022.03.10-15.49.12:438][214]LogPhysics: Warning: UBodySetup::GetCookInfo: Triangle data from '/Game/Levels/MainLevel.MainLevel:PersistentLevel.ModelComponent_20' invalid (24 verts, 0 indices).
[2022.03.10-15.49.12:438][214]LogPhysics: Warning: Attempt to build physics data for /Game/Levels/MainLevel.MainLevel:PersistentLevel.ModelComponent_20.BodySetup_0 when we are unable to.
[2022.03.10-15.49.12:439][214]LogPhysics: Warning: Found bad index buffer when cooking UModelComponent physics data! Component: /Game/Levels/MainLevel.MainLevel:PersistentLevel.ModelComponent_21, Buffer: 0, Buffer Size: 0, Element: 0
[2022.03.10-15.49.12:439][214]LogPhysics: Warning: UBodySetup::GetCookInfo: Triangle data from '/Game/Levels/MainLevel.MainLevel:PersistentLevel.ModelComponent_21' invalid (24 verts, 0 indices).
[2022.03.10-15.49.12:439][214]LogPhysics: Warning: Attempt to build physics data for /Game/Levels/MainLevel.MainLevel:PersistentLevel.ModelComponent_21.BodySetup_0 when we are unable to.
[2022.03.10-15.49.39:671][417]LogEditorViewport: Clicking Background
[2022.03.10-15.49.53:196][185]LogEditorViewport: Clicking Background
[2022.03.10-15.50.54:676][147]LogSlate: FSceneViewport::OnFocusLost() reason 0
[2022.03.10-15.51.00:044][459]LogSlate: FSceneViewport::OnFocusLost() reason 0
[2022.03.10-15.51.16:082][373]LogEditorViewport: Clicking Background
[2022.03.10-15.51.37:374][355]LogEditorViewport: Clicking Background
[2022.03.10-15.51.40:496][534]LogEditorViewport: Clicking Background
[2022.03.10-15.52.00:429][828]LogEditorViewport: Clicking Background
[2022.03.10-15.52.01:709][898]Cmd: DELETE
[2022.03.10-15.52.01:709][898]Cmd: ACTOR DELETE
[2022.03.10-15.52.01:754][898]LogEditorActor: Deleted Actor: Brush
[2022.03.10-15.52.01:822][898]LogEditorActor: Deleted 1 Actors (0.089 secs)
[2022.03.10-15.52.02:506][933]Cmd: DELETE
[2022.03.10-15.52.02:506][933]Cmd: ACTOR DELETE
[2022.03.10-15.52.02:513][933]LogEditorActor: Deleted Actor: Brush
[2022.03.10-15.52.02:603][933]LogEditorActor: Deleted 1 Actors (0.097 secs)
[2022.03.10-15.52.04:754][ 60]LogSlate: FSceneViewport::OnFocusLost() reason 0
[2022.03.10-15.52.21:603][997]LogEditorViewport: Clicking Background
[2022.03.10-15.55.55:951][667]LogSavePackage: Moving '../../../../../../Users/Admin/Desktop/REPOBallRunner_ROK2_2021_2022/Ball_Runner/Saved/MainLevel_Auto2D0B0B07F4FD35418D9E10DB5CE294EFF.tmp' to '../../../../../../Users/Admin/Desktop/REPOBallRunner_ROK2_2021_2022/Ball_Runner/Saved/Autosaves/Game/Levels/MainLevel_Auto2.umap'
[2022.03.10-15.55.55:954][667]LogFileHelpers: Editor autosave (incl. sublevels) for '/Game/Levels/MainLevel' took 0.094
[2022.03.10-15.55.55:954][667]LogFileHelpers: Editor autosave (incl. sublevels) for all levels took 0.094
[2022.03.10-15.56.24:082][752]LogSlate: FSceneViewport::OnFocusLost() reason 0
[2022.03.10-15.57.03:178][724]LogSlate: FSceneViewport::OnFocusLost() reason 0
[2022.03.10-15.57.18:717][630]LogSlate: FSceneViewport::OnFocusLost() reason 0
[2022.03.10-15.57.22:461][851]LogSlate: FSceneViewport::OnFocusLost() reason 2
[2022.03.10-15.57.35:339][592]LogSlate: FSceneViewport::OnFocusLost() reason 0
[2022.03.10-15.57.56:577][796]Cmd: TRANSACTION UNDO
[2022.03.10-15.57.56:577][796]LogEditorTransaction: Undo Move Actors
[2022.03.10-15.57.56:966][815]Cmd: TRANSACTION UNDO
[2022.03.10-15.57.56:967][815]LogEditorTransaction: Undo Move Actors
[2022.03.10-15.57.58:391][898]Cmd: TRANSACTION UNDO
[2022.03.10-15.57.58:391][898]LogEditorTransaction: Undo Move Actors
[2022.03.10-15.58.02:053][113]LogSlate: FSceneViewport::OnFocusLost() reason 2
[2022.03.10-15.58.04:899][280]LogSlate: FSceneViewport::OnFocusLost() reason 2
[2022.03.10-15.58.06:016][344]LogSlate: FSceneViewport::OnFocusLost() reason 2
[2022.03.10-16.00.13:000][817]LogSlate: FSceneViewport::OnFocusLost() reason 0
[2022.03.10-16.00.27:578][563]LogSlate: Only BGRA pngs, bmps or icos are supported in by External Image Picker
[2022.03.10-16.00.27:804][566]LogTemp: Executing iPhonePackager certificates Engine -bundlename com.YourCompany.BallRunner
[2022.03.10-16.00.27:804][566]LogTemp: CWD: C:\Program Files\Epic Games\UE_4.20\Engine\Binaries\DotNET\IOS
[2022.03.10-16.00.27:804][566]LogTemp: Initial Dir: C:\Program Files\Epic Games\UE_4.20
[2022.03.10-16.00.27:804][566]LogTemp: Env CWD: C:\Program Files\Epic Games\UE_4.20\Engine\Binaries\DotNET\IOS
[2022.03.10-16.00.27:814][566]LogTemp: BranchPath = DESKTOP-C1TF8DB/C/Program Files/Epic Games/UE_4.20/Engine/Binaries --- GameBranchPath = DESKTOP-C1TF8DB/C/Program Files/Epic Games/UE_4.20/Engine/Binaries
[2022.03.10-16.00.27:868][567]LogTemp: IPP ERROR: Could not find provision directory 'C:\Users\Admin\AppData\Local/Apple Computer/MobileDevice/Provisioning Profiles/'.
[2022.03.10-16.00.58:074][283]LogSlate: Window 'Project Settings' being destroyed
[2022.03.10-16.00.58:088][283]LogSlate: Window 'Project Settings' being destroyed
[2022.03.10-16.01.03:680][588]LogSlate: FSceneViewport::OnFocusLost() reason 0
[2022.03.10-16.01.23:874][789]LogSlate: FSceneViewport::OnFocusLost() reason 0
[2022.03.10-16.01.29:161][ 82]LogEditorViewport: Clicking Background
[2022.03.10-16.01.35:309][442]LogSlate: FSceneViewport::OnFocusLost() reason 0
[2022.03.10-16.01.54:672][567]LogSlate: FSceneViewport::OnFocusLost() reason 0
[2022.03.10-16.02.11:035][508]LogEditorViewport: Clicking on Actor (LMB): DirectionalLight (DirectionalLight)
[2022.03.10-16.02.13:556][652]LogSlate: FSceneViewport::OnFocusLost() reason 0
[2022.03.10-16.02.28:335][502]LogSlate: FSceneViewport::OnFocusLost() reason 0
[2022.03.10-16.02.37:670][ 23]LogSlate: FSceneViewport::OnFocusLost() reason 0
[2022.03.10-16.02.45:135][444]LogSlate: FSceneViewport::OnFocusLost() reason 0
[2022.03.10-16.02.50:679][734]LogSlate: FSceneViewport::OnFocusLost() reason 0
[2022.03.10-16.02.56:500][ 77]LogSlate: FSceneViewport::OnFocusLost() reason 0
[2022.03.10-16.02.59:721][246]LogEditorViewport: Clicking on Actor (LMB): DirectionalLight (DirectionalLight3)
[2022.03.10-16.03.03:878][480]LogEditorViewport: Clicking Background
[2022.03.10-16.03.04:467][514]LogEditorViewport: Clicking on Actor (LMB): DirectionalLight (DirectionalLight4)
[2022.03.10-16.03.05:417][565]LogSlate: FSceneViewport::OnFocusLost() reason 0
[2022.03.10-16.03.24:712][699]LogSlate: FSceneViewport::OnFocusLost() reason 2
[2022.03.10-16.03.25:951][757]LogSavePackage: Moving '../../../../../../Users/Admin/Desktop/REPOBallRunner_ROK2_2021_2022/Ball_Runner/Saved/MainLevelEC0933EB47377BD3629ABDBFCB163E45.tmp' to '../../../../../../Users/Admin/Desktop/REPOBallRunner_ROK2_2021_2022/Ball_Runner/Content/Levels/MainLevel.umap'
[2022.03.10-16.06.50:079][419]LogSlate: FSceneViewport::OnFocusLost() reason 0
[2022.03.10-16.06.50:290][419]LogSavePackage: Moving '../../../../../../Users/Admin/Desktop/REPOBallRunner_ROK2_2021_2022/Ball_Runner/Saved/MainLevelDD5171CF440736D691FACC9D02539D5D.tmp' to '../../../../../../Users/Admin/Desktop/REPOBallRunner_ROK2_2021_2022/Ball_Runner/Content/Levels/MainLevel.umap'
[2022.03.10-16.06.51:316][476]LogSlate: FSceneViewport::OnFocusLost() reason 0
[2022.03.10-16.23.08:051][437]LogEditorViewport: Clicking on Actor (LMB): DirectionalLight (DirectionalLight2)
[2022.03.10-16.23.08:512][456]Cmd: DELETE
[2022.03.10-16.23.08:512][456]Cmd: ACTOR DELETE
[2022.03.10-16.23.08:514][456]LogEditorActor: Deleted Actor: DirectionalLight
[2022.03.10-16.23.08:537][456]LogEditorActor: Deleted 1 Actors (0.025 secs)
[2022.03.10-16.23.09:089][489]LogEditorViewport: Clicking on Actor (LMB): DirectionalLight (DirectionalLight4)
[2022.03.10-16.23.09:431][506]Cmd: DELETE
[2022.03.10-16.23.09:431][506]Cmd: ACTOR DELETE
[2022.03.10-16.23.09:433][506]LogEditorActor: Deleted Actor: DirectionalLight
[2022.03.10-16.23.09:456][506]LogEditorActor: Deleted 1 Actors (0.024 secs)
[2022.03.10-16.23.10:223][552]LogEditorViewport: Clicking on Actor (LMB): DirectionalLight (DirectionalLight3)
[2022.03.10-16.23.10:529][567]Cmd: DELETE
[2022.03.10-16.23.10:529][567]Cmd: ACTOR DELETE
[2022.03.10-16.23.10:535][567]LogEditorActor: Deleted Actor: DirectionalLight
[2022.03.10-16.23.10:561][567]LogEditorActor: Deleted 1 Actors (0.032 secs)
[2022.03.10-16.23.11:183][601]LogSlate: FSceneViewport::OnFocusLost() reason 2
[2022.03.10-16.23.12:762][696]LogEditorViewport: Clicking on Actor (LMB): DirectionalLight (DirectionalLight)
[2022.03.10-16.23.13:134][716]Cmd: DELETE
[2022.03.10-16.23.13:134][716]Cmd: ACTOR DELETE
[2022.03.10-16.23.13:135][716]LogEditorActor: Deleted Actor: DirectionalLight
[2022.03.10-16.23.13:157][716]LogEditorActor: Deleted 1 Actors (0.023 secs)
[2022.03.10-16.23.18:005][  7]LogSlate: FSceneViewport::OnFocusLost() reason 0
[2022.03.10-16.23.20:893][173]LogSlate: FSceneViewport::OnFocusLost() reason 2
[2022.03.10-16.24.00:907][553]LogSlate: FSceneViewport::OnFocusLost() reason 0
[2022.03.10-16.24.26:653][ 74]LogSlate: FSceneViewport::OnFocusLost() reason 0
[2022.03.10-16.24.36:454][650]LogSlate: FSceneViewport::OnFocusLost() reason 0
[2022.03.10-16.25.12:927][817]LogSlate: FSceneViewport::OnFocusLost() reason 2
[2022.03.10-16.25.13:067][817]LogSavePackage: Moving '../../../../../../Users/Admin/Desktop/REPOBallRunner_ROK2_2021_2022/Ball_Runner/Saved/MainLevel_Auto3C58AC796411089D2611903BC94180B99.tmp' to '../../../../../../Users/Admin/Desktop/REPOBallRunner_ROK2_2021_2022/Ball_Runner/Saved/Autosaves/Game/Levels/MainLevel_Auto3.umap'
[2022.03.10-16.25.13:088][817]LogFileHelpers: Editor autosave (incl. sublevels) for '/Game/Levels/MainLevel' took 0.122
[2022.03.10-16.25.13:088][817]LogFileHelpers: Editor autosave (incl. sublevels) for all levels took 0.122
[2022.03.10-16.26.09:960][184]LogSlate: FSceneViewport::OnFocusLost() reason 0
[2022.03.10-16.26.13:897][407]LogSlate: FSceneViewport::OnFocusLost() reason 0
[2022.03.10-16.26.40:577][978]LogSlate: FSceneViewport::OnFocusLost() reason 0
[2022.03.10-16.28.18:289][724]LogSlate: FSceneViewport::OnFocusLost() reason 2
[2022.03.10-16.28.25:267][126]LogSlate: FSceneViewport::OnFocusLost() reason 2
[2022.03.10-16.28.54:221][819]LogEditorViewport: Clicking on Actor (LMB): PointLight (PointLight)
[2022.03.10-16.28.55:295][878]Cmd: DELETE
[2022.03.10-16.28.55:295][878]Cmd: ACTOR DELETE
[2022.03.10-16.28.55:299][878]LogEditorActor: Deleted Actor: PointLight
[2022.03.10-16.28.55:341][878]LogEditorActor: Deleted 1 Actors (0.046 secs)
[2022.03.10-16.28.56:826][967]LogEditorViewport: Clicking on Actor (LMB): SpotLight (SpotLight)
[2022.03.10-16.28.59:920][144]Cmd: TRANSACTION UNDO
[2022.03.10-16.28.59:920][144]LogEditorTransaction: Undo Move Actors
[2022.03.10-16.29.12:445][883]LogSlate: FSceneViewport::OnFocusLost() reason 0
[2022.03.10-16.29.25:261][641]LogEditorViewport: Clicking on Actor (LMB): DirectionalLight (DirectionalLight)
[2022.03.10-16.29.29:966][917]LogSlate: FSceneViewport::OnFocusLost() reason 0
[2022.03.10-16.29.43:991][736]Cmd: DELETE
[2022.03.10-16.29.43:991][736]Cmd: ACTOR DELETE
[2022.03.10-16.29.43:995][736]LogEditorActor: Deleted Actor: DirectionalLight
[2022.03.10-16.29.44:039][736]LogEditorActor: Deleted 1 Actors (0.047 secs)
[2022.03.10-16.29.47:199][923]Cmd: TRANSACTION UNDO
[2022.03.10-16.29.47:199][923]LogEditorTransaction: Undo Delete Actors
[2022.03.10-16.29.47:463][930]Cmd: TRANSACTION UNDO
[2022.03.10-16.29.47:463][930]LogEditorTransaction: Undo Edit Indirect Lighting Saturation
[2022.03.10-16.29.47:706][938]Cmd: TRANSACTION UNDO
[2022.03.10-16.29.47:707][938]LogEditorTransaction: Undo Edit Light Source Angle
[2022.03.10-16.29.48:024][955]Cmd: TRANSACTION UNDO
[2022.03.10-16.29.48:024][955]LogEditorTransaction: Undo Edit Source Angle
[2022.03.10-16.29.48:346][973]Cmd: TRANSACTION UNDO
[2022.03.10-16.29.48:346][973]LogEditorTransaction: Undo Clicking on Actors
[2022.03.10-16.29.48:687][992]Cmd: TRANSACTION UNDO
[2022.03.10-16.29.48:687][992]LogEditorTransaction: Undo Create Actors
[2022.03.10-16.29.49:537][ 37]Cmd: TRANSACTION UNDO
[2022.03.10-16.29.49:537][ 37]LogEditorTransaction: Undo Move Actors
[2022.03.10-16.29.50:101][ 69]Cmd: TRANSACTION UNDO
[2022.03.10-16.29.50:101][ 69]LogEditorTransaction: Undo Clicking on Actors
[2022.03.10-16.29.51:366][144]Cmd: TRANSACTION UNDO
[2022.03.10-16.29.51:366][144]LogEditorTransaction: Undo Delete Actors
[2022.03.10-16.29.54:100][291]LogEditorViewport: Clicking on Actor (LMB): SpotLight (SpotLight)
[2022.03.10-16.30.06:797][ 33]LogSlate: FSceneViewport::OnFocusLost() reason 0
[2022.03.10-16.30.24:415][ 73]LogSlate: FSceneViewport::OnFocusLost() reason 0
[2022.03.10-16.30.40:744][ 29]LogEditorViewport: Clicking Background
[2022.03.10-16.30.42:393][121]LogEditorViewport: Clicking Background
[2022.03.10-16.30.42:820][144]LogEditorViewport: Clicking on Actor (LMB): SpotLight (SpotLight)
[2022.03.10-16.30.46:128][333]LogEditorViewport: Clicking on Actor (LMB): PointLight (PointLight)
[2022.03.10-16.30.47:456][406]LogSlate: FSceneViewport::OnFocusLost() reason 0
[2022.03.10-16.30.50:194][563]LogSlate: FSceneViewport::OnFocusLost() reason 0
[2022.03.10-16.31.03:868][338]LogSlate: FSceneViewport::OnFocusLost() reason 0
[2022.03.10-16.31.05:231][412]LogSlate: FSceneViewport::OnFocusLost() reason 2
[2022.03.10-16.31.06:021][458]LogEditorViewport: Clicking Background
[2022.03.10-16.31.06:645][494]LogEditorViewport: Clicking on Actor (LMB): DirectionalLight (DirectionalLight)
[2022.03.10-16.31.12:039][811]LogEditorViewport: Clicking Background
[2022.03.10-16.31.13:213][880]LogEditorViewport: Clicking on Actor (LMB): DirectionalLight (DirectionalLight)
[2022.03.10-16.31.14:706][958]LogSlate: FSceneViewport::OnFocusLost() reason 0
[2022.03.10-16.31.17:067][ 97]LogEditorViewport: Clicking Background
[2022.03.10-16.31.17:738][133]LogSlate: FSceneViewport::OnFocusLost() reason 0
[2022.03.10-16.31.27:187][677]LogSlate: FSceneViewport::OnFocusLost() reason 0
[2022.03.10-16.31.35:972][179]LogSlate: FSceneViewport::OnFocusLost() reason 0
[2022.03.10-16.31.39:322][376]LogEditorViewport: Clicking Background
[2022.03.10-16.31.40:233][428]LogSlate: FSceneViewport::OnFocusLost() reason 0
[2022.03.10-16.31.44:123][636]LogSlate: FSceneViewport::OnFocusLost() reason 0
[2022.03.10-16.31.50:182][985]LogSlate: FSceneViewport::OnFocusLost() reason 0
[2022.03.10-16.31.59:250][504]LogEditorViewport: Clicking on Actor (LMB): DirectionalLight (DirectionalLight3)
[2022.03.10-16.32.01:246][614]LogSlate: FSceneViewport::OnFocusLost() reason 0
[2022.03.10-16.32.04:278][788]LogEditorViewport: Clicking on Actor (LMB): DirectionalLight (DirectionalLight4)
[2022.03.10-16.32.05:193][837]LogSlate: FSceneViewport::OnFocusLost() reason 0
[2022.03.10-16.32.08:760][ 46]LogEditorViewport: Clicking Background
[2022.03.10-16.32.16:066][468]LogEditorViewport: Clicking on Actor (LMB): DirectionalLight (DirectionalLight3)
[2022.03.10-16.32.40:769][855]LogEditorViewport: Clicking on Actor (LMB): DirectionalLight (DirectionalLight)
[2022.03.10-16.32.41:699][905]LogEditorViewport: Clicking on Actor (LMB): DirectionalLight (DirectionalLight4)
[2022.03.10-16.32.44:688][ 71]LogSlate: FSceneViewport::OnFocusLost() reason 0
[2022.03.10-16.32.56:803][758]LogEditorViewport: Clicking Background
[2022.03.10-16.32.58:267][832]LogEditorViewport: Clicking on Actor (LMB): SpotLight (SpotLight)
[2022.03.10-16.33.06:147][291]LogSlate: FSceneViewport::OnFocusLost() reason 0
[2022.03.10-16.33.09:872][506]LogEditorActor: Deleted Actor: PointLight
[2022.03.10-16.33.09:918][506]LogEditorActor: Deleted 1 Actors (0.050 secs)
[2022.03.10-16.33.12:440][644]LogEditorViewport: Clicking on Actor (LMB): SpotLight (SpotLight)
[2022.03.10-16.33.16:284][857]LogSlate: FSceneViewport::OnFocusLost() reason 0
[2022.03.10-16.33.29:166][623]LogEditorViewport: Clicking Background
[2022.03.10-16.33.34:989][969]LogEditorViewport: Clicking on Actor (LMB): SpotLight (SpotLight)
[2022.03.10-16.33.36:305][ 43]Cmd: DELETE
[2022.03.10-16.33.36:305][ 43]Cmd: ACTOR DELETE
[2022.03.10-16.33.36:309][ 43]LogEditorActor: Deleted Actor: SpotLight
[2022.03.10-16.33.36:354][ 43]LogEditorActor: Deleted 1 Actors (0.048 secs)
[2022.03.10-16.33.37:542][113]LogSlate: FSceneViewport::OnFocusLost() reason 0
[2022.03.10-16.33.39:867][245]Cmd: TRANSACTION UNDO
[2022.03.10-16.33.39:867][245]LogEditorTransaction: Undo Create Actors
[2022.03.10-16.33.40:359][268]Cmd: TRANSACTION UNDO
[2022.03.10-16.33.40:359][268]LogEditorTransaction: Undo Delete Actors
[2022.03.10-16.33.41:522][333]LogEditorViewport: Clicking Background
[2022.03.10-16.33.42:804][407]LogEditorViewport: Clicking on Actor (LMB): SpotLight (SpotLight)
[2022.03.10-16.33.44:616][504]LogSlate: FSceneViewport::OnFocusLost() reason 0
[2022.03.10-16.34.10:993][ 58]LogEditorViewport: Clicking Background
[2022.03.10-16.34.15:686][320]LogEditorViewport: Clicking on Actor (LMB): SpotLight (SpotLight)
[2022.03.10-16.34.17:875][443]LogEditorViewport: Clicking Background
[2022.03.10-16.34.24:839][847]LogEditorViewport: Clicking on Actor (LMB): SpotLight (SpotLight)
[2022.03.10-16.34.29:480][107]LogEditorViewport: Clicking on Actor (LMB): SpotLight (SpotLight)
[2022.03.10-16.34.32:939][300]LogEditorViewport: Clicking on Actor (LMB): SpotLight (SpotLight2)
[2022.03.10-16.34.35:469][435]LogEditorViewport: Clicking Background
[2022.03.10-16.34.36:970][512]LogEditorViewport: Clicking on Actor (LMB): SpotLight (SpotLight2)
[2022.03.10-16.34.52:645][328]LogEditorViewport: Clicking Background
[2022.03.10-16.36.05:261][176]LogSavePackage: Moving '../../../../../../Users/Admin/Desktop/REPOBallRunner_ROK2_2021_2022/Ball_Runner/Saved/MainLevel_Auto4F70CC206455060BBD67AAABF0855F0E8.tmp' to '../../../../../../Users/Admin/Desktop/REPOBallRunner_ROK2_2021_2022/Ball_Runner/Saved/Autosaves/Game/Levels/MainLevel_Auto4.umap'
[2022.03.10-16.36.05:267][176]LogFileHelpers: Editor autosave (incl. sublevels) for '/Game/Levels/MainLevel' took 0.141
[2022.03.10-16.36.05:267][176]LogFileHelpers: Editor autosave (incl. sublevels) for all levels took 0.141
[2022.03.10-16.36.49:249][308]LogSlate: FSceneViewport::OnFocusLost() reason 0
[2022.03.10-16.36.49:505][308]LogSavePackage: Moving '../../../../../../Users/Admin/Desktop/REPOBallRunner_ROK2_2021_2022/Ball_Runner/Saved/MainLevel05603BDB45830D7DA1481CB1481C1455.tmp' to '../../../../../../Users/Admin/Desktop/REPOBallRunner_ROK2_2021_2022/Ball_Runner/Content/Levels/MainLevel.umap'
[2022.03.10-16.36.52:897][491]LogEditorViewport: Clicking on Actor (LMB): SpotLight (SpotLight)
[2022.03.10-16.36.59:100][840]LogSlate: FSceneViewport::OnFocusLost() reason 0
[2022.03.10-16.37.15:849][793]LogEditorViewport: Clicking Background
[2022.03.10-16.37.20:315][ 47]LogSlate: FSceneViewport::OnFocusLost() reason 0
[2022.03.10-16.37.20:548][ 51]LogSavePackage: Moving '../../../../../../Users/Admin/Desktop/REPOBallRunner_ROK2_2021_2022/Ball_Runner/Saved/MainLevel22C744234818CBD6E0A7AC90D34322CA.tmp' to '../../../../../../Users/Admin/Desktop/REPOBallRunner_ROK2_2021_2022/Ball_Runner/Content/Levels/MainLevel.umap'
[2022.03.10-16.37.23:708][228]LogSlate: FSceneViewport::OnFocusLost() reason 0
[2022.03.10-16.37.23:909][233]LogSlate: Window 'Ball_Runner - Unreal Editor' being destroyed
[2022.03.10-16.37.24:244][234]Cmd: QUIT_EDITOR
[2022.03.10-16.37.24:297][234]LogWindowsTextInputMethodSystem: Display: IME system now deactivated.
[2022.03.10-16.37.24:318][234]LogExit: Preparing to exit.
[2022.03.10-16.37.24:574][234]LogExit: Editor shut down
[2022.03.10-16.37.24:575][234]LogExit: Transaction tracking system shut down
[2022.03.10-16.37.24:987][234]LogExit: Object subsystem successfully closed.
[2022.03.10-16.37.25:020][234]LogShaderCompilers: Display: Shaders left to compile 0
[2022.03.10-16.37.25:032][234]LogD3D11RHI: Shutdown
[2022.03.10-16.37.25:032][234]LogD3D11RHI: CleanupD3DDevice
[2022.03.10-16.37.25:040][234]LogD3D11RHI: ~FD3D11DynamicRHI
[2022.03.10-16.37.25:091][234]LogModuleManager: Shutting down and abandoning module ExternalImagePicker (612)
[2022.03.10-16.37.25:091][234]LogModuleManager: Shutting down and abandoning module HierarchicalLODOutliner (610)
[2022.03.10-16.37.25:091][234]LogModuleManager: Shutting down and abandoning module SceneOutliner (608)
[2022.03.10-16.37.25:091][234]LogModuleManager: Shutting down and abandoning module AddContentDialog (606)
[2022.03.10-16.37.25:092][234]LogModuleManager: Shutting down and abandoning module WidgetCarousel (605)
[2022.03.10-16.37.25:092][234]LogModuleManager: Shutting down and abandoning module EditorWidgets (602)
[2022.03.10-16.37.25:092][234]LogModuleManager: Shutting down and abandoning module CollectionManager (600)
[2022.03.10-16.37.25:093][234]LogModuleManager: Shutting down and abandoning module StatsViewer (598)
[2022.03.10-16.37.25:093][234]LogModuleManager: Shutting down and abandoning module FoliageEdit (596)
[2022.03.10-16.37.25:093][234]LogModuleManager: Shutting down and abandoning module LandscapeEditor (594)
[2022.03.10-16.37.25:093][234]LogModuleManager: Shutting down and abandoning module MeshPaintMode (592)
[2022.03.10-16.37.25:093][234]LogModuleManager: Shutting down and abandoning module SceneDepthPickerMode (590)
[2022.03.10-16.37.25:093][234]LogModuleManager: Shutting down and abandoning module ActorPickerMode (588)
[2022.03.10-16.37.25:093][234]LogModuleManager: Shutting down and abandoning module GeometryMode (586)
[2022.03.10-16.37.25:093][234]LogModuleManager: Shutting down and abandoning module TextureAlignMode (584)
[2022.03.10-16.37.25:093][234]LogModuleManager: Shutting down and abandoning module BspMode (582)
[2022.03.10-16.37.25:093][234]LogModuleManager: Shutting down and abandoning module PIEPreviewDeviceProfileSelector (580)
[2022.03.10-16.37.25:093][234]LogModuleManager: Shutting down and abandoning module SequenceRecorderSections (578)
[2022.03.10-16.37.25:093][234]LogModuleManager: Shutting down and abandoning module AutomationWorker (576)
[2022.03.10-16.37.25:093][234]LogModuleManager: Shutting down and abandoning module AudioCaptureEditor (574)
[2022.03.10-16.37.25:093][234]LogModuleManager: Shutting down and abandoning module SequenceRecorder (573)
[2022.03.10-16.37.25:093][234]LogModuleManager: Shutting down and abandoning module MatineeToLevelSequence (570)
[2022.03.10-16.37.25:093][234]LogModuleManager: Shutting down and abandoning module LevelSequenceEditor (568)
[2022.03.10-16.37.25:094][234]LogModuleManager: Shutting down and abandoning module PlacementMode (567)
[2022.03.10-16.37.25:094][234]LogModuleManager: Shutting down and abandoning module MaterialEditor (566)
[2022.03.10-16.37.25:094][234]LogModuleManager: Shutting down and abandoning module WmfMediaFactory (562)
[2022.03.10-16.37.25:094][234]LogModuleManager: Shutting down and abandoning module WmfMediaEditor (560)
[2022.03.10-16.37.25:094][234]LogModuleManager: Shutting down and abandoning module MediaPlayerEditor (558)
[2022.03.10-16.37.25:094][234]LogModuleManager: Shutting down and abandoning module OpenExrWrapper (556)
[2022.03.10-16.37.25:094][234]LogModuleManager: Shutting down and abandoning module ImgMediaFactory (554)
[2022.03.10-16.37.25:094][234]LogModuleManager: Shutting down and abandoning module ImgMediaEditor (552)
[2022.03.10-16.37.25:094][234]LogModuleManager: Shutting down and abandoning module AvfMediaFactory (550)
[2022.03.10-16.37.25:094][234]LogModuleManager: Shutting down and abandoning module AvfMediaEditor (548)
[2022.03.10-16.37.25:094][234]LogModuleManager: Shutting down and abandoning module AndroidMediaFactory (546)
[2022.03.10-16.37.25:094][234]LogModuleManager: Shutting down and abandoning module AndroidMediaEditor (544)
[2022.03.10-16.37.25:094][234]LogModuleManager: Shutting down and abandoning module MagicLeapCameraPreviewFactory (542)
[2022.03.10-16.37.25:094][234]LogModuleManager: Shutting down and abandoning module MagicLeapMediaFactory (540)
[2022.03.10-16.37.25:095][234]LogModuleManager: Shutting down and abandoning module MagicLeapMediaEditor (538)
[2022.03.10-16.37.25:095][234]LogModuleManager: Shutting down and abandoning module CharacterAI (536)
[2022.03.10-16.37.25:095][234]LogModuleManager: Shutting down and abandoning module SmartSnapping (534)
[2022.03.10-16.37.25:095][234]LogModuleManager: Shutting down and abandoning module SessionServices (532)
[2022.03.10-16.37.25:095][234]LogModuleManager: Shutting down and abandoning module ViewportSnapping (530)
[2022.03.10-16.37.25:095][234]LogModuleManager: Shutting down and abandoning module ViewportInteraction (528)
[2022.03.10-16.37.25:095][234]LogModuleManager: Shutting down and abandoning module ClothPainter (526)
[2022.03.10-16.37.25:095][234]LogModuleManager: Shutting down and abandoning module SkeletalMeshEditor (525)
[2022.03.10-16.37.25:095][234]LogModuleManager: Shutting down and abandoning module LogVisualizer (522)
[2022.03.10-16.37.25:095][234]LogModuleManager: Shutting down and abandoning module IntroTutorials (520)
[2022.03.10-16.37.25:095][234]LogModuleManager: Shutting down and abandoning module GameProjectGeneration (519)
[2022.03.10-16.37.25:095][234]LogModuleManager: Shutting down and abandoning module LuminPlatformEditor (516)
[2022.03.10-16.37.25:095][234]LogModuleManager: Shutting down and abandoning module IOSPlatformEditor (514)
[2022.03.10-16.37.25:095][234]LogModuleManager: Shutting down and abandoning module HTML5PlatformEditor (512)
[2022.03.10-16.37.25:095][234]LogModuleManager: Shutting down and abandoning module AndroidPlatformEditor (510)
[2022.03.10-16.37.25:096][234]LogModuleManager: Shutting down and abandoning module AndroidDeviceDetection (509)
[2022.03.10-16.37.26:746][234]LogModuleManager: Shutting down and abandoning module WindowsPlatformEditor (506)
[2022.03.10-16.37.26:746][234]LogModuleManager: Shutting down and abandoning module LuminRuntimeSettings (504)
[2022.03.10-16.37.26:746][234]LogModuleManager: Shutting down and abandoning module IOSRuntimeSettings (502)
[2022.03.10-16.37.26:746][234]LogModuleManager: Shutting down and abandoning module AndroidRuntimeSettings (500)
[2022.03.10-16.37.26:746][234]LogModuleManager: Shutting down and abandoning module InputBindingEditor (498)
[2022.03.10-16.37.26:746][234]LogModuleManager: Shutting down and abandoning module MergeActors (496)
[2022.03.10-16.37.26:746][234]LogModuleManager: Shutting down and abandoning module LocalizationDashboard (494)
[2022.03.10-16.37.26:746][234]LogModuleManager: Shutting down and abandoning module LocalizationService (493)
[2022.03.10-16.37.26:746][234]LogModuleManager: Shutting down and abandoning module HardwareTargeting (490)
[2022.03.10-16.37.26:747][234]LogModuleManager: Shutting down and abandoning module DeviceProfileEditor (488)
[2022.03.10-16.37.26:747][234]LogModuleManager: Shutting down and abandoning module UndoHistory (486)
[2022.03.10-16.37.26:747][234]LogModuleManager: Shutting down and abandoning module XmlParser (484)
[2022.03.10-16.37.26:747][234]LogModuleManager: Shutting down and abandoning module Blutility (482)
[2022.03.10-16.37.26:747][234]LogModuleManager: Shutting down and abandoning module ProjectSettingsViewer (480)
[2022.03.10-16.37.26:747][234]LogModuleManager: Shutting down and abandoning module ProjectTargetPlatformEditor (479)
[2022.03.10-16.37.26:747][234]LogModuleManager: Shutting down and abandoning module EditorSettingsViewer (476)
[2022.03.10-16.37.26:747][234]LogModuleManager: Shutting down and abandoning module SettingsEditor (474)
[2022.03.10-16.37.26:747][234]LogModuleManager: Shutting down and abandoning module ProjectLauncher (472)
[2022.03.10-16.37.26:748][234]LogModuleManager: Shutting down and abandoning module SessionFrontend (470)
[2022.03.10-16.37.26:748][234]LogModuleManager: Shutting down and abandoning module ProfilerClient (468)
[2022.03.10-16.37.26:748][234]LogModuleManager: Shutting down and abandoning module DeviceManager (466)
[2022.03.10-16.37.26:748][234]LogModuleManager: Shutting down and abandoning module TargetDeviceServices (465)
[2022.03.10-16.37.26:791][234]LogModuleManager: Shutting down and abandoning module AutomationController (462)
[2022.03.10-16.37.26:791][234]LogModuleManager: Shutting down and abandoning module AutomationWindow (460)
[2022.03.10-16.37.26:791][234]LogModuleManager: Shutting down and abandoning module Layers (458)
[2022.03.10-16.37.26:791][234]LogModuleManager: Shutting down and abandoning module ComponentVisualizers (456)
[2022.03.10-16.37.26:791][234]LogModuleManager: Shutting down and abandoning module DetailCustomizations (454)
[2022.03.10-16.37.26:791][234]LogModuleManager: Shutting down and abandoning module PackagesDialog (452)
[2022.03.10-16.37.26:792][234]LogModuleManager: Shutting down and abandoning module Persona (450)
[2022.03.10-16.37.26:792][234]LogModuleManager: Shutting down and abandoning module AdvancedPreviewScene (449)
[2022.03.10-16.37.26:792][234]LogModuleManager: Shutting down and abandoning module AnimGraph (447)
[2022.03.10-16.37.26:792][234]LogModuleManager: Shutting down and abandoning module Kismet (444)
[2022.03.10-16.37.26:793][234]LogModuleManager: Shutting down and abandoning module GraphEditor (442)
[2022.03.10-16.37.26:793][234]LogModuleManager: Shutting down and abandoning module ClassViewer (440)
[2022.03.10-16.37.26:793][234]LogModuleManager: Shutting down and abandoning module Toolbox (438)
[2022.03.10-16.37.26:793][234]LogModuleManager: Shutting down and abandoning module ModuleUI (436)
[2022.03.10-16.37.26:793][234]LogModuleManager: Shutting down and abandoning module MovieSceneTools (434)
[2022.03.10-16.37.26:793][234]LogModuleManager: Shutting down and abandoning module OutputLog (432)
[2022.03.10-16.37.26:793][234]LogModuleManager: Shutting down and abandoning module GammaUI (430)
[2022.03.10-16.37.26:793][234]LogModuleManager: Shutting down and abandoning module Documentation (428)
[2022.03.10-16.37.26:793][234]LogModuleManager: Shutting down and abandoning module MovieSceneTracks (426)
[2022.03.10-16.37.26:793][234]LogModuleManager: Shutting down and abandoning module MovieScene (424)
[2022.03.10-16.37.26:793][234]LogModuleManager: Shutting down and abandoning module StreamingPauseRendering (422)
[2022.03.10-16.37.26:793][234]LogModuleManager: Shutting down and abandoning module LauncherPlatform (420)
[2022.03.10-16.37.26:793][234]LogModuleManager: Shutting down and abandoning module AnalyticsET (418)
[2022.03.10-16.37.26:793][234]LogModuleManager: Shutting down and abandoning module PortalServices (416)
[2022.03.10-16.37.26:793][234]LogModuleManager: Shutting down and abandoning module PortalRpc (414)
[2022.03.10-16.37.26:793][234]LogModuleManager: Shutting down and abandoning module MessagingRpc (412)
[2022.03.10-16.37.26:793][234]LogModuleManager: Shutting down and abandoning module AIModule (410)
[2022.03.10-16.37.26:794][234]LogModuleManager: Shutting down and abandoning module GameplayDebugger (409)
[2022.03.10-16.37.26:794][234]LogModuleManager: Shutting down and abandoning module AITestSuite (407)
[2022.03.10-16.37.26:794][234]LogModuleManager: Shutting down and abandoning module NavigationSystem (405)
[2022.03.10-16.37.26:794][234]LogModuleManager: Shutting down and abandoning module DesktopPlatform (402)
[2022.03.10-16.37.26:794][234]LogModuleManager: Shutting down and abandoning module ProfilerService (400)
[2022.03.10-16.37.26:829][234]LogModuleManager: Shutting down and abandoning module TaskGraph (398)
[2022.03.10-16.37.26:830][234]LogModuleManager: Shutting down and abandoning module SteamVRController (396)
[2022.03.10-16.37.26:830][234]LogModuleManager: Shutting down and abandoning module ProceduralMeshComponentEditor (394)
[2022.03.10-16.37.26:830][234]LogModuleManager: Shutting down and abandoning module ProceduralMeshComponent (392)
[2022.03.10-16.37.26:830][234]LogModuleManager: Shutting down and abandoning module OculusInput (390)
[2022.03.10-16.37.26:830][234]LogModuleManager: Shutting down and abandoning module MobilePatchingUtils (388)
[2022.03.10-16.37.26:830][234]LogModuleManager: Shutting down and abandoning module EditableMesh (386)
[2022.03.10-16.37.26:830][234]LogModuleManager: Shutting down and abandoning module CustomMeshComponent (384)
[2022.03.10-16.37.26:830][234]LogModuleManager: Shutting down and abandoning module CableComponent (382)
[2022.03.10-16.37.26:830][234]LogModuleManager: Shutting down and abandoning module AudioCapture (380)
[2022.03.10-16.37.26:830][234]LogModuleManager: Shutting down and abandoning module ArchVisCharacter (378)
[2022.03.10-16.37.26:830][234]LogModuleManager: Shutting down and abandoning module AndroidPermission (376)
[2022.03.10-16.37.26:830][234]LogModuleManager: Shutting down and abandoning module NUTUnrealEngine4 (374)
[2022.03.10-16.37.26:830][234]LogModuleManager: Shutting down and abandoning module NetcodeUnitTest (372)
[2022.03.10-16.37.26:831][234]LogModuleManager: Shutting down and abandoning module MediaCompositingEditor (370)
[2022.03.10-16.37.26:831][234]LogModuleManager: Shutting down and abandoning module MediaCompositing (368)
[2022.03.10-16.37.26:831][234]LogModuleManager: Shutting down and abandoning module LinearTimecode (366)
[2022.03.10-16.37.26:831][234]LogModuleManager: Shutting down and abandoning module ImgMedia (364)
[2022.03.10-16.37.26:841][234]LogModuleManager: Shutting down and abandoning module HTML5Networking (362)
[2022.03.10-16.37.26:841][234]LogModuleManager: Shutting down and abandoning module GeometryCacheTracks (360)
[2022.03.10-16.37.26:841][234]LogModuleManager: Shutting down and abandoning module GeometryCacheSequencer (358)
[2022.03.10-16.37.26:842][234]LogModuleManager: Shutting down and abandoning module BackChannel (356)
[2022.03.10-16.37.26:842][234]LogModuleManager: Shutting down and abandoning module AppleVision (354)
[2022.03.10-16.37.26:842][234]LogModuleManager: Shutting down and abandoning module AppleImageUtils (352)
[2022.03.10-16.37.26:842][234]LogModuleManager: Shutting down and abandoning module AlembicImporter (350)
[2022.03.10-16.37.26:842][234]LogModuleManager: Shutting down and abandoning module AlembicLibrary (349)
[2022.03.10-16.37.26:842][234]LogModuleManager: Shutting down and abandoning module GeometryCache (348)
[2022.03.10-16.37.26:842][234]LogModuleManager: Shutting down and abandoning module GeometryCacheEd (347)
[2022.03.10-16.37.26:842][234]LogModuleManager: Shutting down and abandoning module DatasmithContentEditor (342)
[2022.03.10-16.37.26:842][234]LogModuleManager: Shutting down and abandoning module DatasmithContent (340)
[2022.03.10-16.37.26:843][234]LogModuleManager: Shutting down and abandoning module SpeedTreeImporter (338)
[2022.03.10-16.37.26:843][234]LogModuleManager: Shutting down and abandoning module PluginBrowser (336)
[2022.03.10-16.37.26:843][234]LogModuleManager: Shutting down and abandoning module MobileLauncherProfileWizard (334)
[2022.03.10-16.37.26:843][234]LogModuleManager: Shutting down and abandoning module PolygonModeling (332)
[2022.03.10-16.37.26:843][234]LogModuleManager: Shutting down and abandoning module MeshEditor (330)
[2022.03.10-16.37.26:843][234]LogModuleManager: Shutting down and abandoning module CryptoKeysOpenSSL (328)
[2022.03.10-16.37.26:843][234]LogModuleManager: Shutting down and abandoning module CryptoKeys (326)
[2022.03.10-16.37.26:843][234]LogModuleManager: Shutting down and abandoning module VisualStudioSourceCodeAccess (324)
[2022.03.10-16.37.26:843][234]LogModuleManager: Shutting down and abandoning module VisualStudioCodeSourceCodeAccess (322)
[2022.03.10-16.37.26:843][234]LogModuleManager: Shutting down and abandoning module UObjectPlugin (320)
[2022.03.10-16.37.26:843][234]LogModuleManager: Shutting down and abandoning module SubversionSourceControl (318)
[2022.03.10-16.37.26:843][234]LogModuleManager: Shutting down and abandoning module PerforceSourceControl (316)
[2022.03.10-16.37.26:844][234]LogModuleManager: Shutting down and abandoning module GitSourceControl (314)
[2022.03.10-16.37.26:844][234]LogModuleManager: Shutting down and abandoning module SourceControl (313)
[2022.03.10-16.37.26:844][234]LogModuleManager: Shutting down and abandoning module CLionSourceCodeAccess (310)
[2022.03.10-16.37.26:844][234]LogModuleManager: Shutting down and abandoning module LightPropagationVolumeEditor (308)
[2022.03.10-16.37.26:844][234]LogModuleManager: Shutting down and abandoning module PaperTiledImporter (306)
[2022.03.10-16.37.26:844][234]LogModuleManager: Shutting down and abandoning module PaperSpriteSheetImporter (304)
[2022.03.10-16.37.26:844][234]LogModuleManager: Shutting down and abandoning module Paper2DEditor (302)
[2022.03.10-16.37.26:844][234]LogModuleManager: Shutting down and abandoning module MeshPaint (301)
[2022.03.10-16.37.26:844][234]LogModuleManager: Shutting down and abandoning module RuntimePhysXCooking (298)
[2022.03.10-16.37.26:844][234]LogModuleManager: Shutting down and abandoning module PhysXVehiclesEditor (296)
[2022.03.10-16.37.26:844][234]LogModuleManager: Shutting down and abandoning module PhysXVehicles (294)
[2022.03.10-16.37.26:844][234]LogModuleManager: Shutting down and abandoning module OculusEditor (292)
[2022.03.10-16.37.26:844][234]LogModuleManager: Shutting down and abandoning module LocationServicesBPLibrary (290)
[2022.03.10-16.37.26:844][234]LogModuleManager: Shutting down and abandoning module ImmediatePhysicsEditor (288)
[2022.03.10-16.37.26:844][234]LogModuleManager: Shutting down and abandoning module ImmediatePhysics (286)
[2022.03.10-16.37.26:844][234]LogModuleManager: Shutting down and abandoning module ActorSequence (284)
[2022.03.10-16.37.26:844][234]LogModuleManager: Shutting down and abandoning module UdpMessaging (282)
[2022.03.10-16.37.26:946][234]LogModuleManager: Shutting down and abandoning module TcpMessaging (280)
[2022.03.10-16.37.27:047][234]LogModuleManager: Shutting down and abandoning module MagicLeapAudio (278)
[2022.03.10-16.37.27:047][234]LogModuleManager: Shutting down and abandoning module GameplayTagsEditor (276)
[2022.03.10-16.37.27:047][234]LogModuleManager: Shutting down and abandoning module FacialAnimationEditor (274)
[2022.03.10-16.37.27:047][234]LogModuleManager: Shutting down and abandoning module FacialAnimation (272)
[2022.03.10-16.37.27:047][234]LogModuleManager: Shutting down and abandoning module DataValidation (270)
[2022.03.10-16.37.27:047][234]LogModuleManager: Shutting down and abandoning module AssetManagerEditor (268)
[2022.03.10-16.37.27:047][234]LogModuleManager: Shutting down and abandoning module LevelEditor (267)
[2022.03.10-16.37.27:048][234]LogModuleManager: Shutting down and abandoning module PixelInspectorModule (266)
[2022.03.10-16.37.27:048][234]LogModuleManager: Shutting down and abandoning module CommonMenuExtensions (264)
[2022.03.10-16.37.27:048][234]LogModuleManager: Shutting down and abandoning module MainFrame (262)
[2022.03.10-16.37.27:049][234]LogModuleManager: Shutting down and abandoning module HotReload (261)
[2022.03.10-16.37.27:049][234]LogModuleManager: Shutting down and abandoning module ContentBrowser (257)
[2022.03.10-16.37.27:051][234]LogModuleManager: Shutting down and abandoning module TreeMap (255)
[2022.03.10-16.37.27:051][234]LogModuleManager: Shutting down and abandoning module LightPropagationVolumeRuntime (252)
[2022.03.10-16.37.27:051][234]LogModuleManager: Shutting down and abandoning module AISupportModule (250)
[2022.03.10-16.37.27:051][234]LogModuleManager: Shutting down and abandoning module Paper2D (248)
[2022.03.10-16.37.27:051][234]LogModuleManager: Shutting down and abandoning module WindowsMoviePlayer (246)
[2022.03.10-16.37.27:051][234]LogModuleManager: Shutting down and abandoning module WmfMedia (244)
[2022.03.10-16.37.27:053][234]LogModuleManager: Shutting down and abandoning module Media (243)
[2022.03.10-16.37.27:060][234]LogModuleManager: Shutting down and abandoning module PacketHandler (240)
[2022.03.10-16.37.27:061][234]LogModuleManager: Shutting down and abandoning module ClothingSystemEditor (238)
[2022.03.10-16.37.27:061][234]LogModuleManager: Shutting down and abandoning module ClothingSystemRuntime (236)
[2022.03.10-16.37.27:061][234]LogModuleManager: Shutting down and abandoning module MediaAssets (234)
[2022.03.10-16.37.27:061][234]LogModuleManager: Shutting down and abandoning module Overlay (232)
[2022.03.10-16.37.27:061][234]LogModuleManager: Shutting down and abandoning module OverlayEditor (231)
[2022.03.10-16.37.27:061][234]LogModuleManager: Shutting down and abandoning module VREditor (228)
[2022.03.10-16.37.27:061][234]LogModuleManager: Shutting down and abandoning module StringTableEditor (226)
[2022.03.10-16.37.27:061][234]LogModuleManager: Shutting down and abandoning module GameplayTasksEditor (224)
[2022.03.10-16.37.27:061][234]LogModuleManager: Shutting down and abandoning module BehaviorTreeEditor (222)
[2022.03.10-16.37.27:061][234]LogModuleManager: Shutting down and abandoning module FunctionalTesting (220)
[2022.03.10-16.37.27:061][234]LogModuleManager: Shutting down and abandoning module CollisionAnalyzer (218)
[2022.03.10-16.37.27:061][234]LogModuleManager: Shutting down and abandoning module WorkspaceMenuStructure (217)
[2022.03.10-16.37.27:061][234]LogModuleManager: Shutting down and abandoning module UMG (214)
[2022.03.10-16.37.27:061][234]LogModuleManager: Shutting down and abandoning module UMGEditor (213)
[2022.03.10-16.37.27:061][234]LogModuleManager: Shutting down and abandoning module Sequencer (212)
[2022.03.10-16.37.27:062][234]LogModuleManager: Shutting down and abandoning module MessageLog (209)
[2022.03.10-16.37.27:062][234]LogModuleManager: Shutting down and abandoning module SlateReflector (204)
[2022.03.10-16.37.27:062][234]LogModuleManager: Shutting down and abandoning module Slate (202)
[2022.03.10-16.37.27:062][234]LogModuleManager: Shutting down and abandoning module EditorStyle (200)
[2022.03.10-16.37.27:064][234]LogModuleManager: Shutting down and abandoning module MRMesh (198)
[2022.03.10-16.37.27:065][234]LogModuleManager: Shutting down and abandoning module SourceCodeAccess (196)
[2022.03.10-16.37.27:065][234]LogModuleManager: Shutting down and abandoning module HeadMountedDisplay (194)
[2022.03.10-16.37.27:065][234]LogModuleManager: Shutting down and abandoning module XAudio2 (192)
[2022.03.10-16.37.27:065][234]LogModuleManager: Shutting down and abandoning module Networking (190)
[2022.03.10-16.37.27:065][234]LogModuleManager: Shutting down and abandoning module Core (188)
[2022.03.10-16.37.27:065][234]LogModuleManager: Shutting down and abandoning module LevelSequence (186)
[2022.03.10-16.37.27:065][234]LogModuleManager: Shutting down and abandoning module KismetCompiler (184)
[2022.03.10-16.37.27:065][234]LogModuleManager: Shutting down and abandoning module MeshUtilities (182)
[2022.03.10-16.37.27:065][234]LogModuleManager: Shutting down and abandoning module MeshMergeUtilities (181)
[2022.03.10-16.37.27:065][234]LogModuleManager: Shutting down and abandoning module MeshReductionInterface (180)
[2022.03.10-16.37.27:065][234]LogModuleManager: Shutting down and abandoning module SimplygonSwarm (179)
[2022.03.10-16.37.27:065][234]LogModuleManager: Shutting down and abandoning module ProxyLODMeshReduction (177)
[2022.03.10-16.37.27:065][234]LogModuleManager: Shutting down and abandoning module SimplygonMeshReduction (175)
[2022.03.10-16.37.27:065][234]LogModuleManager: Shutting down and abandoning module QuadricMeshReduction (173)
[2022.03.10-16.37.27:065][234]LogModuleManager: Shutting down and abandoning module MaterialBaking (169)
[2022.03.10-16.37.27:065][234]LogModuleManager: Shutting down and abandoning module DirectoryWatcher (165)
[2022.03.10-16.37.27:065][234]LogModuleManager: Shutting down and abandoning module DerivedDataCache (162)
[2022.03.10-16.37.27:107][234]LogDerivedDataCache: Shutdown
[2022.03.10-16.37.27:107][234]LogModuleManager: Shutting down and abandoning module XGEController (160)
[2022.03.10-16.37.27:107][234]LogXGEController: Cleaning working directory: C:/Users/Admin/AppData/Local/Temp/UnrealXGEWorkingDir/
[2022.03.10-16.37.27:107][234]LogModuleManager: Shutting down and abandoning module TargetPlatform (158)
[2022.03.10-16.37.27:107][234]LogModuleManager: Shutting down and abandoning module VulkanShaderFormat (157)
[2022.03.10-16.37.27:107][234]LogModuleManager: Shutting down and abandoning module ShaderFormatVectorVM (155)
[2022.03.10-16.37.27:107][234]LogModuleManager: Shutting down and abandoning module ShaderFormatOpenGL (153)
[2022.03.10-16.37.27:107][234]LogModuleManager: Shutting down and abandoning module ShaderFormatD3D (151)
[2022.03.10-16.37.27:107][234]LogModuleManager: Shutting down and abandoning module MetalShaderFormat (149)
[2022.03.10-16.37.27:108][234]LogModuleManager: Shutting down and abandoning module TextureFormatUncompressed (147)
[2022.03.10-16.37.27:108][234]LogModuleManager: Shutting down and abandoning module TextureFormatPVR (145)
[2022.03.10-16.37.27:108][234]LogModuleManager: Shutting down and abandoning module TextureFormatDXT (143)
[2022.03.10-16.37.27:108][234]LogModuleManager: Shutting down and abandoning module TextureFormatIntelISPCTexComp (141)
[2022.03.10-16.37.27:108][234]LogModuleManager: Shutting down and abandoning module TextureFormatASTC (139)
[2022.03.10-16.37.27:108][234]LogModuleManager: Shutting down and abandoning module ImageWrapper (138)
[2022.03.10-16.37.27:108][234]LogModuleManager: Shutting down and abandoning module TextureFormatAndroid (135)
[2022.03.10-16.37.27:108][234]LogModuleManager: Shutting down and abandoning module AudioFormatOpus (133)
[2022.03.10-16.37.27:108][234]LogModuleManager: Shutting down and abandoning module AudioFormatOgg (131)
[2022.03.10-16.37.27:108][234]LogModuleManager: Shutting down and abandoning module AudioFormatADPCM (129)
[2022.03.10-16.37.27:108][234]LogModuleManager: Shutting down and abandoning module LuminTargetPlatform (127)
[2022.03.10-16.37.27:108][234]LogModuleManager: Shutting down and abandoning module LinuxTargetPlatform (125)
[2022.03.10-16.37.27:108][234]LogModuleManager: Shutting down and abandoning module LinuxServerTargetPlatform (123)
[2022.03.10-16.37.27:108][234]LogModuleManager: Shutting down and abandoning module LinuxNoEditorTargetPlatform (121)
[2022.03.10-16.37.27:108][234]LogModuleManager: Shutting down and abandoning module LinuxClientTargetPlatform (119)
[2022.03.10-16.37.27:108][234]LogModuleManager: Shutting down and abandoning module TVOSTargetPlatform (117)
[2022.03.10-16.37.27:110][234]LogModuleManager: Shutting down and abandoning module Messaging (115)
[2022.03.10-16.37.27:110][234]LogModuleManager: Shutting down and abandoning module IOSTargetPlatform (113)
[2022.03.10-16.37.27:111][234]LogModuleManager: Shutting down and abandoning module HTML5TargetPlatform (111)
[2022.03.10-16.37.27:111][234]LogModuleManager: Shutting down and abandoning module AndroidTargetPlatform (109)
[2022.03.10-16.37.27:123][234]LogModuleManager: Shutting down and abandoning module WindowsTargetPlatform (107)
[2022.03.10-16.37.27:124][234]LogModuleManager: Shutting down and abandoning module WindowsServerTargetPlatform (105)
[2022.03.10-16.37.27:124][234]LogModuleManager: Shutting down and abandoning module WindowsNoEditorTargetPlatform (103)
[2022.03.10-16.37.27:124][234]LogModuleManager: Shutting down and abandoning module WindowsClientTargetPlatform (101)
[2022.03.10-16.37.27:124][234]LogModuleManager: Shutting down and abandoning module MacTargetPlatform (99)
[2022.03.10-16.37.27:124][234]LogModuleManager: Shutting down and abandoning module MacServerTargetPlatform (97)
[2022.03.10-16.37.27:124][234]LogModuleManager: Shutting down and abandoning module MacNoEditorTargetPlatform (95)
[2022.03.10-16.37.27:124][234]LogModuleManager: Shutting down and abandoning module MacClientTargetPlatform (93)
[2022.03.10-16.37.27:124][234]LogModuleManager: Shutting down and abandoning module AllDesktopTargetPlatform (91)
[2022.03.10-16.37.27:124][234]LogModuleManager: Shutting down and abandoning module InputCore (88)
[2022.03.10-16.37.27:124][234]LogModuleManager: Shutting down and abandoning module Settings (86)
[2022.03.10-16.37.27:124][234]LogModuleManager: Shutting down and abandoning module PhysXCooking (84)
[2022.03.10-16.37.27:124][234]LogModuleManager: Shutting down and abandoning module SteamVR (82)
[2022.03.10-16.37.27:124][234]LogModuleManager: Shutting down and abandoning module OculusHMD (80)
[2022.03.10-16.37.27:124][234]LogModuleManager: Shutting down and abandoning module ExampleDeviceProfileSelector (78)
[2022.03.10-16.37.27:124][234]LogModuleManager: Shutting down and abandoning module LauncherChunkInstaller (76)
[2022.03.10-16.37.27:124][234]LogModuleManager: Shutting down and abandoning module OnlineBlueprintSupport (74)
[2022.03.10-16.37.27:124][234]LogModuleManager: Shutting down and abandoning module OnlineSubsystem (70)
[2022.03.10-16.37.27:126][234]LogModuleManager: Shutting down and abandoning module XMPP (65)
[2022.03.10-16.37.27:126][234]LogModuleManager: Shutting down and abandoning module WebSockets (64)
[2022.03.10-16.37.27:157][234]LogModuleManager: Shutting down and abandoning module HTTP (61)
[2022.03.10-16.37.27:157][234]LogHttp: Display: Http module shutting down, but needs to wait on 1 outstanding Http requests:
[2022.03.10-16.37.27:157][234]LogHttp: Display: 	verb=[POST] url=[https://datarouter.ol.epicgames.com/datarouter/api/v1/public/data?SessionID=%7BB6C7152D-4E5B-F52E-417B-B8B386B9E52A%7D&AppID=UEEditor.Rocket.Release&AppVersion=4.20.3-4369336%2B%2B%2BUE4%2BRelease-4.20&UserID=e5897c7a43892caab94921811b6a6795%7C533b440b3c554a7ebaeba0de7e09a67d%7C5c5ca2ef-1d0d-4add-a3e2-8916b480fbb1&AppEnvironment=datacollector-binary&UploadType=eteventstream] status=Processing
[2022.03.10-16.37.27:185][234]LogModuleManager: Shutting down and abandoning module SSL (60)
[2022.03.10-16.37.27:187][234]LogModuleManager: Shutting down and abandoning module MagicLeapEmulator (56)
[2022.03.10-16.37.27:187][234]LogModuleManager: Shutting down and abandoning module MagicLeapPrivileges (54)
[2022.03.10-16.37.27:187][234]LogModuleManager: Shutting down and abandoning module MagicLeapIdentity (52)
[2022.03.10-16.37.27:187][234]LogModuleManager: Shutting down and abandoning module MagicLeapHelperVulkan (50)
[2022.03.10-16.37.27:187][234]LogModuleManager: Shutting down and abandoning module MagicLeapHelperOpenGL (48)
[2022.03.10-16.37.27:187][234]LogModuleManager: Shutting down and abandoning module MagicLeapSecureStorage (46)
[2022.03.10-16.37.27:187][234]LogModuleManager: Shutting down and abandoning module MagicLeapGestures (44)
[2022.03.10-16.37.27:187][234]LogModuleManager: Shutting down and abandoning module MagicLeapEyeTracker (42)
[2022.03.10-16.37.27:187][234]LogModuleManager: Shutting down and abandoning module MagicLeapController (40)
[2022.03.10-16.37.27:187][234]LogSlate: Slate User Destroyed.  User Index 0, Is Virtual User: 0
[2022.03.10-16.37.27:187][234]LogModuleManager: Shutting down and abandoning module MagicLeap (38)
[2022.03.10-16.37.27:187][234]LogModuleManager: Shutting down and abandoning module AnimationModifiers (36)
[2022.03.10-16.37.27:188][234]LogModuleManager: Shutting down and abandoning module PropertyEditor (35)
[2022.03.10-16.37.27:188][234]LogModuleManager: Shutting down and abandoning module AudioEditor (32)
[2022.03.10-16.37.27:188][234]LogModuleManager: Shutting down and abandoning module TextureCompressor (30)
[2022.03.10-16.37.27:188][234]LogModuleManager: Shutting down and abandoning module ShaderCore (28)
[2022.03.10-16.37.27:188][234]LogModuleManager: Shutting down and abandoning module Landscape (26)
[2022.03.10-16.37.27:188][234]LogModuleManager: Shutting down and abandoning module SlateRHIRenderer (24)
[2022.03.10-16.37.27:189][234]LogModuleManager: Shutting down and abandoning module OpenGLDrv (22)
[2022.03.10-16.37.27:189][234]LogModuleManager: Shutting down and abandoning module D3D11RHI (20)
[2022.03.10-16.37.27:189][234]LogModuleManager: Shutting down and abandoning module AnimGraphRuntime (18)
[2022.03.10-16.37.27:190][234]LogModuleManager: Shutting down and abandoning module Renderer (16)
[2022.03.10-16.37.27:190][234]LogModuleManager: Shutting down and abandoning module Engine (14)
[2022.03.10-16.37.27:190][234]LogModuleManager: Shutting down and abandoning module CoreUObject (12)
[2022.03.10-16.37.27:190][234]LogModuleManager: Shutting down and abandoning module NetworkFile (10)
[2022.03.10-16.37.27:190][234]LogModuleManager: Shutting down and abandoning module CookedIterativeFile (8)
[2022.03.10-16.37.27:190][234]LogModuleManager: Shutting down and abandoning module StreamingFile (6)
[2022.03.10-16.37.27:190][234]LogModuleManager: Shutting down and abandoning module SandboxFile (4)
[2022.03.10-16.37.27:190][234]LogModuleManager: Shutting down and abandoning module PakFile (2)
[2022.03.10-16.37.27:203][234]LogExit: Exiting.
[2022.03.10-16.37.27:220][234]Log file closed, 03/10/22 17:37:27
