Log file open, 04/28/22 11:46:57
LogWindows: Failed to load 'aqProf.dll' (GetLastError=126)
LogWindows: File 'aqProf.dll' does not exist
LogWindows: Failed to load 'VSPerf140.dll' (GetLastError=126)
LogWindows: File 'VSPerf140.dll' does not exist
LogWindows: Failed to load 'VtuneApi.dll' (GetLastError=126)
LogWindows: File 'VtuneApi.dll' does not exist
LogWindows: Failed to load 'VtuneApi32e.dll' (GetLastError=126)
LogWindows: File 'VtuneApi32e.dll' does not exist
LogInit: Display: Running engine for game: Ball_Runner
LogPlatformFile: Not using cached read wrapper
LogTaskGraph: Started task graph with 5 named threads and 23 total threads with 3 sets of task threads.
LogStats: Stats thread started at 1.162756
LogD3D11RHI: Loaded GFSDK_Aftermath_Lib.x64.dll
LogICUInternationalization: Display: ICU TimeZone Detection - Raw Offset: +1:00, Platform Override: ''
LogPluginManager: Mounting plugin Paper2D
LogPluginManager: Mounting plugin AISupport
LogPluginManager: Mounting plugin LightPropagationVolume
LogPluginManager: Mounting plugin CLionSourceCodeAccess
LogPluginManager: Mounting plugin CodeLiteSourceCodeAccess
LogPluginManager: Mounting plugin GitSourceControl
LogPluginManager: Mounting plugin KDevelopSourceCodeAccess
LogPluginManager: Mounting plugin NullSourceCodeAccess
LogPluginManager: Mounting plugin PerforceSourceControl
LogPluginManager: Mounting plugin SubversionSourceControl
LogPluginManager: Mounting plugin UObjectPlugin
LogPluginManager: Mounting plugin VisualStudioCodeSourceCodeAccess
LogPluginManager: Mounting plugin VisualStudioSourceCodeAccess
LogPluginManager: Mounting plugin XCodeSourceCodeAccess
LogPluginManager: Mounting plugin AssetManagerEditor
LogPluginManager: Mounting plugin CryptoKeys
LogPluginManager: Mounting plugin DataValidation
LogPluginManager: Mounting plugin FacialAnimation
LogPluginManager: Mounting plugin GameplayTagsEditor
LogPluginManager: Mounting plugin MacGraphicsSwitching
LogPluginManager: Mounting plugin MeshEditor
LogPluginManager: Mounting plugin MobileLauncherProfileWizard
LogPluginManager: Mounting plugin PluginBrowser
LogPluginManager: Mounting plugin SpeedTreeImporter
LogPluginManager: Mounting plugin DatasmithContent
LogPluginManager: Mounting plugin AlembicImporter
LogPluginManager: Mounting plugin AppleImageUtils
LogPluginManager: Mounting plugin AppleVision
LogPluginManager: Mounting plugin BackChannel
LogPluginManager: Mounting plugin CharacterAI
LogPluginManager: Mounting plugin GeometryCache
LogPluginManager: Mounting plugin HTML5Networking
LogPluginManager: Mounting plugin ProxyLODPlugin
LogPluginManager: Mounting plugin MagicLeap
LogPluginManager: Mounting plugin MagicLeapEmulator
LogPluginManager: Mounting plugin MagicLeapMedia
LogPluginManager: Mounting plugin AndroidMedia
LogPluginManager: Mounting plugin AvfMedia
LogPluginManager: Mounting plugin ImgMedia
LogPluginManager: Mounting plugin LinearTimecode
LogPluginManager: Mounting plugin MediaCompositing
LogPluginManager: Mounting plugin MediaPlayerEditor
LogPluginManager: Mounting plugin WmfMedia
LogPluginManager: Mounting plugin TcpMessaging
LogPluginManager: Mounting plugin UdpMessaging
LogPluginManager: Mounting plugin ActorSequence
LogPluginManager: Mounting plugin LevelSequenceEditor
LogPluginManager: Mounting plugin MatineeToLevelSequence
LogPluginManager: Mounting plugin NetcodeUnitTest
LogPluginManager: Mounting plugin NUTUnrealEngine4
LogPluginManager: Mounting plugin OnlineSubsystemGooglePlay
LogPluginManager: Mounting plugin OnlineSubsystemIOS
LogPluginManager: Mounting plugin OnlineSubsystem
LogPluginManager: Mounting plugin OnlineSubsystemNull
LogPluginManager: Mounting plugin OnlineSubsystemUtils
LogPluginManager: Mounting plugin LauncherChunkInstaller
LogPluginManager: Mounting plugin AndroidDeviceProfileSelector
LogPluginManager: Mounting plugin AndroidMoviePlayer
LogPluginManager: Mounting plugin AndroidPermission
LogPluginManager: Mounting plugin AppleMoviePlayer
LogPluginManager: Mounting plugin ArchVisCharacter
LogPluginManager: Mounting plugin AudioCapture
LogPluginManager: Mounting plugin CableComponent
LogPluginManager: Mounting plugin CustomMeshComponent
LogPluginManager: Mounting plugin EditableMesh
LogPluginManager: Mounting plugin ExampleDeviceProfileSelector
LogPluginManager: Mounting plugin GoogleCloudMessaging
LogPluginManager: Mounting plugin ImmediatePhysics
LogPluginManager: Mounting plugin IOSDeviceProfileSelector
LogPluginManager: Mounting plugin LinuxDeviceProfileSelector
LogPluginManager: Mounting plugin LocationServicesBPLibrary
LogPluginManager: Mounting plugin MobilePatchingUtils
LogPluginManager: Mounting plugin OculusVR
LogPluginManager: Plugin shader directory ../../../Engine/Plugins/Runtime/Oculus/OculusVR/Shaders found
LogPluginManager: Mapping shader source directory ../../../Engine/Plugins/Runtime/Oculus/OculusVR/Shaders to virtual directory /Plugin/OculusVR
LogPluginManager: Mounting plugin PhysXVehicles
LogPluginManager: Mounting plugin ProceduralMeshComponent
LogPluginManager: Mounting plugin RuntimePhysXCooking
LogPluginManager: Mounting plugin SteamVR
LogPluginManager: Mounting plugin WindowsMoviePlayer
LogStreaming: Display: Took  0.672s to configure plugins.
LogInit: Using libcurl 7.55.1-DEV
LogInit:  - built for x86_64-pc-win32
LogInit:  - supports SSL with OpenSSL/1.0.2h
LogInit:  - supports HTTP deflate (compression) using libz 1.2.8
LogInit:  - other features:
LogInit:      CURL_VERSION_SSL
LogInit:      CURL_VERSION_LIBZ
LogInit:      CURL_VERSION_IPV6
LogInit:      CURL_VERSION_ASYNCHDNS
LogInit:      CURL_VERSION_LARGEFILE
LogInit:      CURL_VERSION_IDN
LogInit:  CurlRequestOptions (configurable via config and command line):
LogInit:  - bVerifyPeer = false  - Libcurl will NOT verify peer certificate
LogInit:  - bUseHttpProxy = false  - Libcurl will NOT use HTTP proxy
LogInit:  - bDontReuseConnections = false  - Libcurl will reuse connections
LogInit:  - CertBundlePath = nullptr  - Libcurl will use whatever was configured at build time.
LogInit:  - MaxHostConnections = 16  - Libcurl will limit the number of connections to a host
LogInit:  - LocalHostAddr = Default
LogInit:  - BufferSize = 65536
LogInit: WinSock: version 1.1 (2.2), MaxSocks=32767, MaxUdp=65467
LogInit: Build: ++UE4+Release-4.20-CL-4369336
LogInit: Engine Version: 4.20.3-4369336+++UE4+Release-4.20
LogInit: Compatible Engine Version: 4.20.0-4212847+++UE4+Release-4.20
LogInit: Net CL: 4212847
LogInit: OS: Windows 10 (), CPU: Intel(R) Core(TM) i5-8250U CPU @ 1.60GHz, GPU: Intel(R) UHD Graphics 620
LogInit: Compiled (64-bit): Sep 17 2018 12:26:19
LogInit: Compiled with Visual C++: 19.13.26129.00
LogInit: Build Configuration: Development
LogInit: Branch Name: ++UE4+Release-4.20
LogInit: Command Line:  
LogInit: Base Directory: C:/Program Files/Epic Games/UE_4.20/Engine/Binaries/Win64/
LogInit: Installed Engine Build: 1
LogDevObjectVersion: Number of dev versions registered: 20
LogDevObjectVersion:   Dev-Blueprints (B0D832E4-1F89-4F0D-ACCF-7EB736FD4AA2): 10
LogDevObjectVersion:   Dev-Build (E1C64328-A22C-4D53-A36C-8E866417BD8C): 0
LogDevObjectVersion:   Dev-Core (375EC13C-06E4-48FB-B500-84F0262A717E): 2
LogDevObjectVersion:   Dev-Editor (E4B068ED-F494-42E9-A231-DA0B2E46BB41): 24
LogDevObjectVersion:   Dev-Framework (CFFC743F-43B0-4480-9391-14DF171D2073): 34
LogDevObjectVersion:   Dev-Mobile (B02B49B5-BB20-44E9-A304-32B752E40360): 2
LogDevObjectVersion:   Dev-Networking (A4E4105C-59A1-49B5-A7C5-40C4547EDFEE): 0
LogDevObjectVersion:   Dev-Online (39C831C9-5AE6-47DC-9A44-9C173E1C8E7C): 0
LogDevObjectVersion:   Dev-Physics (78F01B33-EBEA-4F98-B9B4-84EACCB95AA2): 0
LogDevObjectVersion:   Dev-Platform (6631380F-2D4D-43E0-8009-CF276956A95A): 0
LogDevObjectVersion:   Dev-Rendering (12F88B9F-8875-4AFC-A67C-D90C383ABD29): 26
LogDevObjectVersion:   Dev-Sequencer (7B5AE74C-D270-4C10-A958-57980B212A5A): 9
LogDevObjectVersion:   Dev-VR (D7296918-1DD6-4BDD-9DE2-64A83CC13884): 2
LogDevObjectVersion:   Dev-LoadTimes (C2A15278-BFE7-4AFE-6C17-90FF531DF755): 1
LogDevObjectVersion:   Private-Geometry (6EACA3D4-40EC-4CC1-B786-8BED09428FC5): 3
LogDevObjectVersion:   Dev-AnimPhys (29E575DD-E0A3-4627-9D10-D276232CDCEA): 17
LogDevObjectVersion:   Dev-ReflectionCapture (6B266CEC-1EC7-4B8F-A30B-E4D90942FC07): 1
LogDevObjectVersion:   Dev-Automation (0DF73D61-A23F-47EA-B727-89E90C41499A): 1
LogDevObjectVersion:   FortniteMain (601D1886-AC64-4F84-AA16-D3DE0DEAC7D6): 12
LogDevObjectVersion:   Dev-Enterprise (9DFFBCD6-494F-0158-E221-12823C92A888): 1
LogStreaming: Display: Took  0.002s to delete old logs.
LogInit: Presizing for max 8388607 objects, including 0 objects not considered by GC, pre-allocating 0 bytes for permanent pool.
LogInit: Object subsystem initialized
[2022.04.28-09.46.59:391][  0]LogInit: Selected Device Profile: [Windows]
[2022.04.28-09.46.59:392][  0]LogInit: Applying CVar settings loaded from the selected device profile: [Windows]
[2022.04.28-09.46.59:467][  0]LogHAL: Display: Platform has ~ 20 GB [21343473664 / 34359738368 / 20], which maps to Larger [LargestMinGB=32, LargerMinGB=12, DefaultMinGB=8, SmallerMinGB=6, SmallestMinGB=0)
[2022.04.28-09.46.59:468][  0]LogInit: Setting Device Profile CVar: [[r.Vulkan.UseRealUBs:1]]
[2022.04.28-09.46.59:468][  0]LogInit: Going up to parent DeviceProfile []
[2022.04.28-09.46.59:478][  0]LogInit: Computer: DESKTOP-C1TF8DB
[2022.04.28-09.46.59:478][  0]LogInit: User: Admin
[2022.04.28-09.46.59:478][  0]LogInit: CPU Page size=4096, Cores=4
[2022.04.28-09.46.59:478][  0]LogInit: High frequency timer resolution =10.000000 MHz
[2022.04.28-09.46.59:479][  0]LogMemory: Memory total: Physical=19.9GB (20GB approx)
[2022.04.28-09.46.59:479][  0]LogMemory: Platform Memory Stats for Windows
[2022.04.28-09.46.59:480][  0]LogMemory: Process Physical Memory: 101.45 MB used, 101.45 MB peak
[2022.04.28-09.46.59:480][  0]LogMemory: Process Virtual Memory: 91.09 MB used, 91.09 MB peak
[2022.04.28-09.46.59:480][  0]LogMemory: Physical Memory: 9599.73 MB used,  10755.00 MB free, 20354.72 MB total
[2022.04.28-09.46.59:480][  0]LogMemory: Virtual Memory: 4629.13 MB used,  10755.00 MB free, 134217728.00 MB total
[2022.04.28-09.46.59:696][  0]LogInit: Using OS detected language (pl-PL).
[2022.04.28-09.46.59:696][  0]LogInit: Using OS detected locale (pl-PL).
[2022.04.28-09.46.59:700][  0]LogTextLocalizationManager: No specific localization for 'pl-PL' exists, so the 'pl' localization will be used.
[2022.04.28-09.46.59:732][  0]LogStreaming: Display: Took  0.036s to InitEngineTextLocalization.
[2022.04.28-09.46.59:733][  0]LogInit: Setting process to per monitor DPI aware
[2022.04.28-09.46.59:913][  0]LogSlate: New Slate User Created.  User Index 0, Is Virtual User: 0
[2022.04.28-09.46.59:913][  0]LogSlate: Slate User Registered.  User Index 0, Is Virtual User: 0
[2022.04.28-09.47.02:714][  0]LogHMD: Failed to initialize OpenVR with code 110
[2022.04.28-09.47.02:714][  0]LogD3D11RHI: D3D11 adapters:
[2022.04.28-09.47.02:888][  0]LogD3D11RHI:    0. 'NVIDIA GeForce MX150' (Feature Level 11_0)
[2022.04.28-09.47.02:888][  0]LogD3D11RHI:       1983/0/10177 MB DedicatedVideo/DedicatedSystem/SharedSystem, Outputs:2, VendorId:0x10de
[2022.04.28-09.47.03:001][  0]LogD3D11RHI:    1. 'Intel(R) UHD Graphics 620' (Feature Level 11_0)
[2022.04.28-09.47.03:001][  0]LogD3D11RHI:       128/0/10177 MB DedicatedVideo/DedicatedSystem/SharedSystem, Outputs:0, VendorId:0x8086
[2022.04.28-09.47.03:010][  0]LogD3D11RHI:    2. 'Microsoft Basic Render Driver' (Feature Level 11_0)
[2022.04.28-09.47.03:010][  0]LogD3D11RHI:       0/0/10177 MB DedicatedVideo/DedicatedSystem/SharedSystem, Outputs:0, VendorId:0x1414
[2022.04.28-09.47.03:010][  0]LogD3D11RHI: Chosen D3D11 Adapter: 0
[2022.04.28-09.47.03:027][  0]LogD3D11RHI: Creating new Direct3DDevice
[2022.04.28-09.47.03:027][  0]LogD3D11RHI:     GPU DeviceId: 0x1d10 (for the marketing name, search the web for "GPU Device Id")
[2022.04.28-09.47.03:028][  0]LogWindows: EnumDisplayDevices:
[2022.04.28-09.47.03:028][  0]LogWindows:    0. 'Intel(R) UHD Graphics 620' (P:1 D:1)
[2022.04.28-09.47.03:028][  0]LogWindows:    1. 'Intel(R) UHD Graphics 620' (P:0 D:1)
[2022.04.28-09.47.03:028][  0]LogWindows:    2. 'Intel(R) UHD Graphics 620' (P:0 D:0)
[2022.04.28-09.47.03:029][  0]LogWindows: DebugString: PrimaryIsNotTheChoosenAdapter PrimaryIsNotTheChoosenAdapter PrimaryIsNotTheChoosenAdapter FoundDriverCount:0 
[2022.04.28-09.47.03:029][  0]LogD3D11RHI:     Adapter Name: NVIDIA GeForce MX150
[2022.04.28-09.47.03:029][  0]LogD3D11RHI:   Driver Version: Unknown (internal:Unknown, unified:Unknown)
[2022.04.28-09.47.03:029][  0]LogD3D11RHI:      Driver Date: Unknown
[2022.04.28-09.47.03:029][  0]LogRHI: Texture pool is 1388 MB (70% of 1983 MB)
[2022.04.28-09.47.03:114][  0]LogD3D11RHI: Async texture creation enabled
[2022.04.28-09.47.03:158][  0]LogD3D11RHI: GPU Timing Frequency: 1000.000000 (Debug: 2 2)
[2022.04.28-09.47.03:167][  0]LogShaderCompilers: Guid format shader working directory is -35 characters bigger than the processId version (../../../../../../Users/Admin/Desktop/REPOBallRunner_ROK2_2021_2022/Ball_Runner/Intermediate/Shaders/WorkingDirectory/104292/).
[2022.04.28-09.47.03:167][  0]LogShaderCompilers: Cleaned the shader compiler working directory 'C:/Users/Admin/AppData/Local/Temp/UnrealShaderWorkingDir/D444C89448A7B6EEC719D2964217BD4F/'.
[2022.04.28-09.47.03:615][  0]LogTemp: Display: Loaded TP AllDesktopTargetPlatform
[2022.04.28-09.47.03:632][  0]LogTemp: Display: Loaded TP MacClientTargetPlatform
[2022.04.28-09.47.03:648][  0]LogTemp: Display: Loaded TP MacNoEditorTargetPlatform
[2022.04.28-09.47.03:665][  0]LogTemp: Display: Loaded TP MacServerTargetPlatform
[2022.04.28-09.47.03:688][  0]LogTemp: Display: Loaded TP MacTargetPlatform
[2022.04.28-09.47.03:709][  0]LogTemp: Display: Loaded TP WindowsClientTargetPlatform
[2022.04.28-09.47.03:727][  0]LogTemp: Display: Loaded TP WindowsNoEditorTargetPlatform
[2022.04.28-09.47.03:747][  0]LogTemp: Display: Loaded TP WindowsServerTargetPlatform
[2022.04.28-09.47.03:761][  0]LogTemp: Display: Loaded TP WindowsTargetPlatform
[2022.04.28-09.47.03:850][  0]LogTemp: Display: Loaded TP AndroidTargetPlatform
[2022.04.28-09.47.03:850][  0]LogTemp: Display: Loaded TP AndroidTargetPlatform
[2022.04.28-09.47.03:850][  0]LogTemp: Display: Loaded TP AndroidTargetPlatform
[2022.04.28-09.47.03:850][  0]LogTemp: Display: Loaded TP AndroidTargetPlatform
[2022.04.28-09.47.03:850][  0]LogTemp: Display: Loaded TP AndroidTargetPlatform
[2022.04.28-09.47.03:850][  0]LogTemp: Display: Loaded TP AndroidTargetPlatform
[2022.04.28-09.47.03:850][  0]LogTemp: Display: Loaded TP AndroidTargetPlatform
[2022.04.28-09.47.03:850][  0]LogTemp: Display: Loaded TP AndroidTargetPlatform
[2022.04.28-09.47.03:850][  0]LogTemp: Display: Loaded TP AndroidTargetPlatform
[2022.04.28-09.47.03:850][  0]LogTemp: Display: Loaded TP AndroidTargetPlatform
[2022.04.28-09.47.03:850][  0]LogTemp: Display: Loaded TP AndroidTargetPlatform
[2022.04.28-09.47.03:850][  0]LogTemp: Display: Loaded TP AndroidTargetPlatform
[2022.04.28-09.47.03:850][  0]LogTemp: Display: Loaded TP AndroidTargetPlatform
[2022.04.28-09.47.03:850][  0]LogTemp: Display: Loaded TP AndroidTargetPlatform
[2022.04.28-09.47.03:850][  0]LogTemp: Display: Loaded TP AndroidTargetPlatform
[2022.04.28-09.47.03:850][  0]LogTemp: Display: Loaded TP AndroidTargetPlatform
[2022.04.28-09.47.03:850][  0]LogTemp: Display: Loaded TP AndroidTargetPlatform
[2022.04.28-09.47.03:850][  0]LogTemp: Display: Loaded TP AndroidTargetPlatform
[2022.04.28-09.47.03:904][  0]LogTemp: Display: Loaded TP HTML5TargetPlatform
[2022.04.28-09.47.03:991][  0]LogTemp: Display: Loaded TP IOSTargetPlatform
[2022.04.28-09.47.03:991][  0]LogTemp: Display: Loaded TP IOSTargetPlatform
[2022.04.28-09.47.04:018][  0]LogTemp: Display: Loaded TP TVOSTargetPlatform
[2022.04.28-09.47.04:018][  0]LogTemp: Display: Loaded TP TVOSTargetPlatform
[2022.04.28-09.47.04:035][  0]LogTemp: Display: Loaded TP LinuxClientTargetPlatform
[2022.04.28-09.47.04:052][  0]LogTemp: Display: Loaded TP LinuxNoEditorTargetPlatform
[2022.04.28-09.47.04:073][  0]LogTemp: Display: Loaded TP LinuxServerTargetPlatform
[2022.04.28-09.47.04:094][  0]LogTemp: Display: Loaded TP LinuxTargetPlatform
[2022.04.28-09.47.04:108][  0]LogTemp: Display: Loaded TP LuminTargetPlatform
[2022.04.28-09.47.04:108][  0]LogTargetPlatformManager: Display: Building Assets For Windows
[2022.04.28-09.47.04:363][  0]LogXGEController: Cleaning working directory: C:/Users/Admin/AppData/Local/Temp/UnrealXGEWorkingDir/
[2022.04.28-09.47.04:363][  0]LogXGEController: Cannot use XGE Controller as Incredibuild is not installed on this machine.
[2022.04.28-09.47.04:363][  0]LogShaderCompilers: Cannot use XGE Shader Compiler as Incredibuild is not installed on this machine.
[2022.04.28-09.47.04:363][  0]LogShaderCompilers: Display: Using Local Shader Compiler.
[2022.04.28-09.47.06:922][  0]LogDerivedDataCache: Display: Max Cache Size: 512 MB
[2022.04.28-09.47.07:209][  0]LogDerivedDataCache: Loaded boot cache 0.29s 71MB C:/Users/Admin/AppData/Local/UnrealEngine/4.20/DerivedDataCache/Boot.ddc.
[2022.04.28-09.47.07:210][  0]LogDerivedDataCache: Display: Loaded Boot cache: C:/Users/Admin/AppData/Local/UnrealEngine/4.20/DerivedDataCache/Boot.ddc
[2022.04.28-09.47.07:211][  0]LogDerivedDataCache: FDerivedDataBackendGraph:  Pak pak cache file ../../../../../../Users/Admin/Desktop/REPOBallRunner_ROK2_2021_2022/Ball_Runner/DerivedDataCache/DDC.ddp not found, will not use a pak cache.
[2022.04.28-09.47.07:211][  0]LogDerivedDataCache: Unable to find inner node Pak for hierarchical cache Hierarchy.
[2022.04.28-09.47.07:211][  0]LogDerivedDataCache: FDerivedDataBackendGraph:  CompressedPak pak cache file ../../../../../../Users/Admin/Desktop/REPOBallRunner_ROK2_2021_2022/Ball_Runner/DerivedDataCache/Compressed.ddp not found, will not use a pak cache.
[2022.04.28-09.47.07:211][  0]LogDerivedDataCache: Unable to find inner node CompressedPak for hierarchical cache Hierarchy.
[2022.04.28-09.47.07:251][  0]LogDerivedDataCache: Display: Pak cache opened for reading ../../../Engine/DerivedDataCache/Compressed.ddp.
[2022.04.28-09.47.07:264][  0]LogDerivedDataCache: Using Local data cache path C:/Users/Admin/AppData/Local/UnrealEngine/Common/DerivedDataCache: Writable
[2022.04.28-09.47.07:264][  0]LogDerivedDataCache: Shared data cache path not found in *engine.ini, will not use an Shared cache.
[2022.04.28-09.47.07:264][  0]LogDerivedDataCache: Unable to find inner node Shared for hierarchical cache Hierarchy.
[2022.04.28-09.47.07:305][  0]LogMaterial: Verifying Global Shaders for PCD3D_SM5
[2022.04.28-09.47.07:314][  0]LogSlate: Using FreeType 2.6.0
[2022.04.28-09.47.07:323][  0]LogSlate: SlateFontServices - WITH_FREETYPE: 1, WITH_HARFBUZZ: 1
[2022.04.28-09.47.07:895][  0]LogAssetRegistry: FAssetRegistry took 0.0359 seconds to start up
[2022.04.28-09.47.08:603][  0]LogInit: Selected Device Profile: [Windows]
[2022.04.28-09.47.08:972][  0]LogSimplygon: Simplygon DLL not present - disabling.
[2022.04.28-09.47.09:007][  0]LogMeshReduction: Using SimplygonSwarm for distributed automatic mesh merging
[2022.04.28-09.47.09:008][  0]LogMeshReduction: Using ProxyLODMeshReduction for automatic mesh merging
[2022.04.28-09.47.09:009][  0]LogMeshReduction: Using QuadricMeshReduction for automatic static mesh reduction
[2022.04.28-09.47.09:009][  0]LogMeshReduction: No automatic skeletal mesh reduction module available
[2022.04.28-09.47.09:067][  0]LogNetVersion: Ball_Runner 1.0.0, NetCL: 4212847, EngineNetVer: 5, GameNetVer: 0 (Checksum: 3278852627)
[2022.04.28-09.47.10:342][  0]LogPackageLocalizationCache: Processed 11 localized package path(s) for 2 prioritized culture(s) in 0.162471 seconds
[2022.04.28-09.47.10:351][  0]LogUObjectArray: 38425 objects as part of root set at end of initial load.
[2022.04.28-09.47.10:351][  0]LogUObjectAllocator: 6690872 out of 0 bytes used by permanent object pool.
[2022.04.28-09.47.10:351][  0]LogUObjectArray: CloseDisregardForGC: 0/0 objects in disregard for GC pool
[2022.04.28-09.47.16:479][  0]LogTcpMessaging: Initializing TcpMessaging bridge
[2022.04.28-09.47.16:500][  0]LogUdpMessaging: Initializing bridge on interface 0.0.0.0:0 to multicast group 230.0.0.1:6666.
[2022.04.28-09.47.16:969][  0]SourceControl: Source control is disabled
[2022.04.28-09.47.16:970][  0]SourceControl: Source control is disabled
[2022.04.28-09.47.16:998][  0]SourceControl: Source control is disabled
[2022.04.28-09.47.17:005][  0]SourceControl: Source control is disabled
[2022.04.28-09.47.17:537][  0]LogAndroidPermission: UAndroidPermissionCallbackProxy::GetInstance
[2022.04.28-09.47.17:706][  0]LogOcInput: OculusInput pre-init called
[2022.04.28-09.47.17:865][  0]LogEngine: Initializing Engine...
[2022.04.28-09.47.17:868][  0]LogHMD: Failed to initialize OpenVR with code 110
[2022.04.28-09.47.17:871][  0]LogStats: UGameplayTagsManager::ConstructGameplayTagTree: ImportINI prefixes -  0.001 s
[2022.04.28-09.47.17:871][  0]LogStats: UGameplayTagsManager::ConstructGameplayTagTree: Construct from data asset -  0.000 s
[2022.04.28-09.47.17:871][  0]LogStats: UGameplayTagsManager::ConstructGameplayTagTree: ImportINI -  0.000 s
[2022.04.28-09.47.17:872][  0]LogStats: UGameplayTagsManager::ConstructGameplayTagTree: GameplayTagTreeChangedEvent.Broadcast -  0.000 s
[2022.04.28-09.47.18:178][  0]LogInit: Initializing FReadOnlyCVARCache
[2022.04.28-09.47.18:237][  0]LogAIModule: Creating AISystem for world Untitled
[2022.04.28-09.47.18:280][  0]LogInit: XAudio2 using 'Głośniki (Realtek High Definition Audio)' : 2 channels at 48 kHz using 32 bits per sample (channel mask 0x3)
[2022.04.28-09.47.18:343][  0]LogInit: FAudioDevice initialized.
[2022.04.28-09.47.18:344][  0]LogNetVersion: Set ProjectVersion to 1.0.0.0. Version Checksum will be recalculated on next use.
[2022.04.28-09.47.18:426][  0]LogDerivedDataCache: Saved boot cache 0.08s 71MB C:/Users/Admin/AppData/Local/UnrealEngine/4.20/DerivedDataCache/Boot.ddc.
[2022.04.28-09.47.18:433][  0]LogInit: Texture streaming: Enabled
[2022.04.28-09.47.18:472][  0]LogEngineSessionManager: EngineSessionManager initialized
[2022.04.28-09.47.18:508][  0]LogInit: Transaction tracking system initialized
[2022.04.28-09.47.18:611][  0]BlueprintLog: New page: Editor Load
[2022.04.28-09.47.19:042][  0]LocalizationService: Localization service is disabled
[2022.04.28-09.47.19:891][  0]LogCook: Display: Max memory allowance for cook 16384mb min free memory 0mb
[2022.04.28-09.47.19:891][  0]LogCook: Display: Mobile HDR setting 1
[2022.04.28-09.47.19:892][  0]LogGameplayTags: Display: UGameplayTagsManager::DoneAddingNativeTags. DelegateIsBound: 0
[2022.04.28-09.47.19:892][  0]LogStats: UGameplayTagsManager::ConstructGameplayTagTree: ImportINI prefixes -  0.000 s
[2022.04.28-09.47.19:892][  0]LogStats: UGameplayTagsManager::ConstructGameplayTagTree: Construct from data asset -  0.000 s
[2022.04.28-09.47.19:892][  0]LogStats: UGameplayTagsManager::ConstructGameplayTagTree: ImportINI -  0.000 s
[2022.04.28-09.47.19:892][  0]LogStats: UGameplayTagsManager::ConstructGameplayTagTree: GameplayTagTreeChangedEvent.Broadcast -  0.000 s
[2022.04.28-09.47.20:532][  0]LogFileCache: Scanning file cache for directory 'C:/Users/Admin/Desktop/REPOBallRunner_ROK2_2021_2022/Ball_Runner/Content/' took 0.02s
[2022.04.28-09.47.20:532][  0]SourceControl: Source control is disabled
[2022.04.28-09.47.20:534][  0]Cmd: MAP LOAD FILE="../../../../../../Users/Admin/Desktop/REPOBallRunner_ROK2_2021_2022/Ball_Runner/Content/Levels/MainLevel.umap" TEMPLATE=0 SHOWPROGRESS=1 FEATURELEVEL=3
[2022.04.28-09.47.20:535][  0]LightingResults: New page: Lighting Build
[2022.04.28-09.47.20:552][  0]MapCheck: New page: Map Check
[2022.04.28-09.47.20:552][  0]LightingResults: New page: Lighting Build
[2022.04.28-09.47.21:507][  0]LogAIModule: Creating AISystem for world MainLevel
[2022.04.28-09.47.21:551][  0]LogEditorServer: Finished looking for orphan Actors (0.000 secs)
[2022.04.28-09.47.21:603][  0]Cmd: MAP CHECKDEP NOCLEARLOG
[2022.04.28-09.47.21:789][  0]MapCheck: Map check complete: 0 Error(s), 0 Warning(s), took 186,007ms to complete.
[2022.04.28-09.47.21:790][  0]LogFileHelpers: Loading map 'MainLevel' took 1.257
[2022.04.28-09.47.22:154][  0]LogSlate: Updating window title bar state: overlay mode, drag disabled, window buttons hidden, title bar hidden
[2022.04.28-09.47.22:163][  0]LogSlate: Updating window title bar state: overlay mode, drag disabled, window buttons hidden, title bar hidden
[2022.04.28-09.47.22:170][  0]LogSlate: Updating window title bar state: overlay mode, drag disabled, window buttons hidden, title bar hidden
[2022.04.28-09.47.22:177][  0]LogSlate: Updating window title bar state: overlay mode, drag disabled, window buttons hidden, title bar hidden
[2022.04.28-09.47.22:211][  0]LogCollectionManager: Loaded 0 collections in 0.001901 seconds
[2022.04.28-09.47.22:298][  0]LogFileCache: Scanning file cache for directory 'C:/Users/Admin/Desktop/REPOBallRunner_ROK2_2021_2022/Ball_Runner/Saved/Collections/' took 0.01s
[2022.04.28-09.47.22:298][  0]LogFileCache: Scanning file cache for directory 'C:/Users/Admin/Desktop/REPOBallRunner_ROK2_2021_2022/Ball_Runner/Content/Developers/Admin/Collections/' took 0.01s
[2022.04.28-09.47.22:298][  0]LogFileCache: Scanning file cache for directory 'C:/Users/Admin/Desktop/REPOBallRunner_ROK2_2021_2022/Ball_Runner/Content/Collections/' took 0.01s
[2022.04.28-09.47.22:298][  0]LogCollectionManager: Rebuilt the GUID cache for 0 collections in 0.000000 seconds
[2022.04.28-09.47.22:315][  0]LogContentBrowser: Native class hierarchy populated in 0.0141 seconds. Added 2572 classes and 603 folders.
[2022.04.28-09.47.22:337][  0]LogContentBrowser: Native class hierarchy updated for 'WidgetCarousel' in 0.0003 seconds. Added 0 classes and 0 folders.
[2022.04.28-09.47.22:579][  0]LogContentBrowser: Native class hierarchy updated for 'AddContentDialog' in 0.0003 seconds. Added 0 classes and 0 folders.
[2022.04.28-09.47.22:599][  0]LogContentBrowser: Native class hierarchy updated for 'SceneOutliner' in 0.0003 seconds. Added 1 classes and 2 folders.
[2022.04.28-09.47.22:909][  0]LogSlate: Took 0.002630 seconds to synchronously load lazily loaded font '../../../Engine/Content/Slate/Fonts/Roboto-Regular.ttf' (155K)
[2022.04.28-09.47.22:916][  0]LogSlate: Took 0.002931 seconds to synchronously load lazily loaded font '../../../Engine/Content/Slate/Fonts/Roboto-Bold.ttf' (160K)
[2022.04.28-09.47.22:928][  0]LogSlate: Took 0.003516 seconds to synchronously load lazily loaded font '../../../Engine/Content/Editor/Slate/Fonts/FontAwesome.ttf' (139K)
[2022.04.28-09.47.23:079][  0]LogRenderer: Reallocating scene render targets to support 924x440 Format 10 NumSamples 1 (Frame:1).
[2022.04.28-09.47.23:309][  0]LogContentBrowser: Native class hierarchy updated for 'HierarchicalLODOutliner' in 0.0005 seconds. Added 0 classes and 0 folders.
[2022.04.28-09.47.23:309][  0]LogLoad: (Engine Initialization) Total time: 33.84 seconds
[2022.04.28-09.47.23:309][  0]LogLoad: (Engine Initialization) Total Blueprint compile time: 0.00 seconds
[2022.04.28-09.47.23:358][  0]LogContentStreaming: Texture pool size now 1000 MB
[2022.04.28-09.47.23:393][  0]LogSlate: Took 0.004178 seconds to synchronously load lazily loaded font '../../../Engine/Content/Slate/Fonts/Roboto-Light.ttf' (167K)
[2022.04.28-09.47.23:504][  1]LogAssetRegistry: Asset discovery search completed in 15.6329 seconds
[2022.04.28-09.47.23:506][  1]LogCollectionManager: Rebuilt the object cache for 0 collections in 0.000000 seconds (found 0 objects)
[2022.04.28-09.47.23:506][  1]LogCollectionManager: Fixed up redirectors for 0 collections in 0.000057 seconds (updated 0 objects)
[2022.04.28-09.47.26:219][ 10]LogSlate: FSceneViewport::OnFocusLost() reason 0
[2022.04.28-09.47.28:890][144]LogSlate: Took 0.000430 seconds to synchronously load lazily loaded font '../../../Engine/Content/Slate/Fonts/Roboto-Light.ttf' (167K)
[2022.04.28-09.47.30:348][144]LogSlate: Window 'Pick Parent Class' being destroyed
[2022.04.28-09.47.43:281][876]LogSavePackage: Moving '../../../../../../Users/Admin/Desktop/REPOBallRunner_ROK2_2021_2022/Ball_Runner/Saved/MainLevel709AC20645924043C2EE719B1F5A6817.tmp' to '../../../../../../Users/Admin/Desktop/REPOBallRunner_ROK2_2021_2022/Ball_Runner/Content/Levels/MainLevel.umap'
[2022.04.28-09.48.02:362][991]LogAssetEditorManager: Opening Asset editor for Blueprint /Game/Blueprints/BP_Restart.BP_Restart
[2022.04.28-09.48.03:686][991]LogContentBrowser: Native class hierarchy updated for 'BlueprintGraph' in 0.0012 seconds. Added 116 classes and 0 folders.
[2022.04.28-09.48.05:481][991]LogRenderer: Reallocating scene render targets to support 924x688 Format 10 NumSamples 1 (Frame:1).
[2022.04.28-09.48.07:283][ 66]LogSlate: Took 0.030389 seconds to synchronously load lazily loaded font '../../../Engine/Content/Slate/Fonts/Roboto-Italic.ttf' (157K)
[2022.04.28-09.49.51:696][902]LogSlate: Took 0.024843 seconds to synchronously load lazily loaded font '../../../Engine/Content/Slate/Fonts/Roboto-BoldCondensed.ttf' (158K)
[2022.04.28-09.50.36:822][432]LogSlate: FSceneViewport::OnFocusLost() reason 0
[2022.04.28-09.52.01:729][199]LogSlate: FSceneViewport::OnFocusLost() reason 0
[2022.04.28-09.55.21:219][660]BlueprintLog: New page: Compile BP_Restart
[2022.04.28-09.55.23:017][743]Cmd: OBJ SAVEPACKAGE PACKAGE="/Game/Blueprints/BP_Restart" FILE="../../../../../../Users/Admin/Desktop/REPOBallRunner_ROK2_2021_2022/Ball_Runner/Content/Blueprints/BP_Restart.uasset" SILENT=true
[2022.04.28-09.55.23:051][743]LogSavePackage: Moving '../../../../../../Users/Admin/Desktop/REPOBallRunner_ROK2_2021_2022/Ball_Runner/Saved/BP_Restart8BE56A0D482A21C3B1C41C893282FFA3.tmp' to '../../../../../../Users/Admin/Desktop/REPOBallRunner_ROK2_2021_2022/Ball_Runner/Content/Blueprints/BP_Restart.uasset'
[2022.04.28-09.55.41:476][834]LogSlate: Window 'BP_Restart' being destroyed
[2022.04.28-09.55.41:492][834]LogSlate: Window 'BP_Restart' being destroyed
[2022.04.28-09.55.54:350][539]Cmd: TRANSACTION UNDO
[2022.04.28-09.55.54:350][539]LogEditorTransaction: Undo Move Actors
[2022.04.28-09.55.54:835][560]Cmd: TRANSACTION UNDO
[2022.04.28-09.55.54:835][560]LogEditorTransaction: Undo Move Actors
[2022.04.28-09.55.55:319][587]Cmd: TRANSACTION UNDO
[2022.04.28-09.55.55:319][587]LogEditorTransaction: Undo Create Actors
[2022.04.28-09.55.59:991][848]LogSlate: FSceneViewport::OnFocusLost() reason 0
[2022.04.28-09.56.05:448][138]LogSlate: FSceneViewport::OnFocusLost() reason 0
[2022.04.28-09.56.20:196][989]LogEditorViewport: Clicking on Actor (LMB): BP_Restart_C (BP_Restart)
[2022.04.28-09.56.23:686][190]LogSlate: FSceneViewport::OnFocusLost() reason 0
[2022.04.28-09.56.34:041][756]LogSlate: FSceneViewport::OnFocusLost() reason 0
[2022.04.28-09.56.41:990][189]LogSlate: FSceneViewport::OnFocusLost() reason 0
[2022.04.28-09.56.43:474][276]Cmd: DUPLICATE
[2022.04.28-09.56.43:475][276]Cmd: ACTOR DUPLICATE
[2022.04.28-09.56.55:514][951]LogSlate: FSceneViewport::OnFocusLost() reason 0
[2022.04.28-09.56.58:744][130]LogEditorViewport: Clicking Background
[2022.04.28-09.56.59:868][189]LogEditorViewport: Clicking Background
[2022.04.28-09.57.00:380][219]LogEditorViewport: Clicking on Actor (LMB): BP_Restart_C (BP_Restart)
[2022.04.28-09.57.05:847][527]LogEditorViewport: Clicking Background
[2022.04.28-09.57.06:294][551]LogEditorViewport: Clicking on Actor (LMB): BP_Restart_C (BP_Restart2)
[2022.04.28-09.57.07:205][602]Cmd: DUPLICATE
[2022.04.28-09.57.07:205][602]Cmd: ACTOR DUPLICATE
[2022.04.28-09.57.08:482][671]LogSlate: FSceneViewport::OnFocusLost() reason 0
[2022.04.28-09.57.15:161][ 41]LogSlate: FSceneViewport::OnFocusLost() reason 0
[2022.04.28-09.57.21:231][386]LogSlate: FSceneViewport::OnFocusLost() reason 0
[2022.04.28-09.57.21:313][391]LogTemp: Repeating last play command: Selected Viewport
[2022.04.28-09.57.21:369][391]LogPlayLevel: PlayLevel: No blueprints needed recompiling
[2022.04.28-09.57.21:398][391]PIE: New page: PIE session: MainLevel (28 kwi 2022, 13:57:21)
[2022.04.28-09.57.21:399][391]LogPlayLevel: Creating play world package: /Game/Levels/UEDPIE_0_MainLevel
[2022.04.28-09.57.21:418][391]LogPlayLevel: PIE: StaticDuplicateObject took: (0.019732s)
[2022.04.28-09.57.21:420][391]LogAIModule: Creating AISystem for world MainLevel
[2022.04.28-09.57.21:420][391]LogPlayLevel: PIE: World Init took: (0.001528s)
[2022.04.28-09.57.21:420][391]LogPlayLevel: PIE: Created PIE world by copying editor world from /Game/Levels/MainLevel.MainLevel to /Game/Levels/UEDPIE_0_MainLevel.MainLevel (0.021558s)
[2022.04.28-09.57.21:494][391]LogInit: XAudio2 using 'Głośniki (Realtek High Definition Audio)' : 2 channels at 48 kHz using 32 bits per sample (channel mask 0x3)
[2022.04.28-09.57.21:541][391]LogInit: FAudioDevice initialized.
[2022.04.28-09.57.21:590][391]LogLoad: Game class is 'BP_GameMode_C'
[2022.04.28-09.57.21:597][391]LogWorld: Bringing World /Game/Levels/UEDPIE_0_MainLevel.MainLevel up for play (max tick rate 60) at 2022.04.28-11.57.21
[2022.04.28-09.57.21:597][391]LogWorld: Bringing up level for play took: 0.003704
[2022.04.28-09.57.21:635][391]LogContentBrowser: Native class hierarchy updated for 'MovieSceneCapture' in 0.0007 seconds. Added 10 classes and 0 folders.
[2022.04.28-09.57.21:638][391]PIE: Play in editor start time for /Game/Levels/UEDPIE_0_MainLevel 0,807
[2022.04.28-09.57.26:980][703]LogBlueprintDebug: Warning: Hit breakpoint on node 'K2Node_IfThenElse', from offset 98
[2022.04.28-09.57.26:981][703]LogBlueprintDebug: 
Script call stack:
	Function /Game/Blueprints/BP_Restart.BP_Restart_C:BndEvt__Box_K2Node_ComponentBoundEvent_2_ComponentBeginOverlapSignature__DelegateSignature
	Function /Game/Blueprints/BP_Restart.BP_Restart_C:ExecuteUbergraph_BP_Restart

[2022.04.28-09.57.26:981][703]LogAssetEditorManager: Opening Asset editor for Blueprint /Game/Blueprints/BP_Restart.BP_Restart
[2022.04.28-09.57.27:007][703]LogSlate: FSceneViewport::OnFocusLost() reason 2
[2022.04.28-09.58.23:588][703]LogSlate: Updating window title bar state: overlay mode, drag disabled, window buttons hidden, title bar hidden
[2022.04.28-09.58.23:639][703]LogPlayLevel: Display: Shutting down PIE online subsystems
[2022.04.28-09.58.23:731][703]LogSlate: Updating window title bar state: overlay mode, drag disabled, window buttons hidden, title bar hidden
[2022.04.28-09.58.23:772][704]LogPlayLevel: Display: Destroying online subsystem :Context_5
[2022.04.28-09.58.32:252][161]LogTemp: Repeating last play command: Selected Viewport
[2022.04.28-09.58.32:282][161]LogPlayLevel: PlayLevel: No blueprints needed recompiling
[2022.04.28-09.58.32:283][161]PIE: New page: PIE session: MainLevel (28 kwi 2022, 13:58:32)
[2022.04.28-09.58.32:283][161]LogPlayLevel: Creating play world package: /Game/Levels/UEDPIE_0_MainLevel
[2022.04.28-09.58.32:303][161]LogPlayLevel: PIE: StaticDuplicateObject took: (0.020225s)
[2022.04.28-09.58.32:304][161]LogAIModule: Creating AISystem for world MainLevel
[2022.04.28-09.58.32:305][161]LogPlayLevel: PIE: World Init took: (0.001400s)
[2022.04.28-09.58.32:305][161]LogPlayLevel: PIE: Created PIE world by copying editor world from /Game/Levels/MainLevel.MainLevel to /Game/Levels/UEDPIE_0_MainLevel.MainLevel (0.021919s)
[2022.04.28-09.58.32:374][161]LogInit: XAudio2 using 'Głośniki (Realtek High Definition Audio)' : 2 channels at 48 kHz using 32 bits per sample (channel mask 0x3)
[2022.04.28-09.58.32:408][161]LogInit: FAudioDevice initialized.
[2022.04.28-09.58.32:446][161]LogLoad: Game class is 'BP_GameMode_C'
[2022.04.28-09.58.32:451][161]LogWorld: Bringing World /Game/Levels/UEDPIE_0_MainLevel.MainLevel up for play (max tick rate 60) at 2022.04.28-11.58.32
[2022.04.28-09.58.32:452][161]LogWorld: Bringing up level for play took: 0.003860
[2022.04.28-09.58.32:467][161]PIE: Play in editor start time for /Game/Levels/UEDPIE_0_MainLevel -0,364
[2022.04.28-09.58.32:905][182]LogSlate: Took 0.010700 seconds to synchronously load lazily loaded font '../../../Engine/Content/Slate/Fonts/DroidSansMono.ttf' (77K)
[2022.04.28-09.58.33:919][243]LogSlate: Updating window title bar state: overlay mode, drag disabled, window buttons hidden, title bar hidden
[2022.04.28-09.58.33:964][243]LogPlayLevel: Display: Shutting down PIE online subsystems
[2022.04.28-09.58.34:019][243]LogSlate: Updating window title bar state: overlay mode, drag disabled, window buttons hidden, title bar hidden
[2022.04.28-09.58.34:050][244]LogPlayLevel: Display: Destroying online subsystem :Context_7
[2022.04.28-09.59.42:527][ 22]BlueprintLog: New page: Compile BP_Restart
[2022.04.28-09.59.43:224][ 42]Cmd: OBJ SAVEPACKAGE PACKAGE="/Game/Blueprints/BP_Restart" FILE="../../../../../../Users/Admin/Desktop/REPOBallRunner_ROK2_2021_2022/Ball_Runner/Content/Blueprints/BP_Restart.uasset" SILENT=true
[2022.04.28-09.59.43:267][ 42]LogSavePackage: Moving '../../../../../../Users/Admin/Desktop/REPOBallRunner_ROK2_2021_2022/Ball_Runner/Saved/BP_Restart1D2DBFB843BC83821065F381713E0CC3.tmp' to '../../../../../../Users/Admin/Desktop/REPOBallRunner_ROK2_2021_2022/Ball_Runner/Content/Blueprints/BP_Restart.uasset'
[2022.04.28-09.59.44:432][108]LogSlate: Window 'BP_Restart' being destroyed
[2022.04.28-09.59.44:445][108]LogSlate: Window 'BP_Restart' being destroyed
[2022.04.28-09.59.45:800][181]LogTemp: Repeating last play command: Selected Viewport
[2022.04.28-09.59.45:822][181]LogPlayLevel: PlayLevel: No blueprints needed recompiling
[2022.04.28-09.59.45:823][181]PIE: New page: PIE session: MainLevel (28 kwi 2022, 13:59:45)
[2022.04.28-09.59.45:823][181]LogPlayLevel: Creating play world package: /Game/Levels/UEDPIE_0_MainLevel
[2022.04.28-09.59.45:842][181]LogPlayLevel: PIE: StaticDuplicateObject took: (0.019001s)
[2022.04.28-09.59.45:843][181]LogAIModule: Creating AISystem for world MainLevel
[2022.04.28-09.59.45:843][181]LogPlayLevel: PIE: World Init took: (0.001184s)
[2022.04.28-09.59.45:843][181]LogPlayLevel: PIE: Created PIE world by copying editor world from /Game/Levels/MainLevel.MainLevel to /Game/Levels/UEDPIE_0_MainLevel.MainLevel (0.020440s)
[2022.04.28-09.59.45:909][181]LogInit: XAudio2 using 'Głośniki (Realtek High Definition Audio)' : 2 channels at 48 kHz using 32 bits per sample (channel mask 0x3)
[2022.04.28-09.59.45:942][181]LogInit: FAudioDevice initialized.
[2022.04.28-09.59.45:975][181]LogLoad: Game class is 'BP_GameMode_C'
[2022.04.28-09.59.45:980][181]LogWorld: Bringing World /Game/Levels/UEDPIE_0_MainLevel.MainLevel up for play (max tick rate 60) at 2022.04.28-11.59.45
[2022.04.28-09.59.45:980][181]LogWorld: Bringing up level for play took: 0.003231
[2022.04.28-09.59.45:995][181]PIE: Play in editor start time for /Game/Levels/UEDPIE_0_MainLevel 1,164
[2022.04.28-09.59.50:719][463]LogNet: Browse: /Game/Levels/MainLevel
[2022.04.28-09.59.50:719][463]LogLoad: LoadMap: /Game/Levels/MainLevel
[2022.04.28-09.59.50:773][463]LogPlayLevel: Creating play world package: /Game/Levels/UEDPIE_0_MainLevel
[2022.04.28-09.59.50:791][463]LogPlayLevel: PIE: StaticDuplicateObject took: (0.017940s)
[2022.04.28-09.59.50:792][463]LogAIModule: Creating AISystem for world MainLevel
[2022.04.28-09.59.50:792][463]LogPlayLevel: PIE: World Init took: (0.001194s)
[2022.04.28-09.59.50:793][463]LogPlayLevel: PIE: Created PIE world by copying editor world from /Game/Levels/MainLevel.MainLevel to /Game/Levels/UEDPIE_0_MainLevel.MainLevel (0.019436s)
[2022.04.28-09.59.50:793][463]LogLoad: Game class is 'BP_GameMode_C'
[2022.04.28-09.59.50:797][463]LogWorld: Bringing World /Game/Levels/UEDPIE_0_MainLevel.MainLevel up for play (max tick rate 60) at 2022.04.28-11.59.50
[2022.04.28-09.59.50:797][463]LogWorld: Bringing up level for play took: 0.003013
[2022.04.28-09.59.50:800][463]LogLoad: Took 0.080115 seconds to LoadMap(/Game/Levels/UEDPIE_0_MainLevel)
[2022.04.28-10.00.29:603][785]LogSlate: Updating window title bar state: overlay mode, drag disabled, window buttons hidden, title bar hidden
[2022.04.28-10.00.29:648][785]LogPlayLevel: Display: Shutting down PIE online subsystems
[2022.04.28-10.00.29:701][785]LogSlate: Updating window title bar state: overlay mode, drag disabled, window buttons hidden, title bar hidden
[2022.04.28-10.00.29:741][786]LogPlayLevel: Display: Destroying online subsystem :Context_8
[2022.04.28-10.00.31:637][896]Cmd: SELECT NONE
[2022.04.28-10.00.32:161][927]LogEditorViewport: Clicking Background
[2022.04.28-10.00.33:340][997]LogSlate: FSceneViewport::OnFocusLost() reason 0
[2022.04.28-10.00.33:421][  2]LogTemp: Repeating last play command: Selected Viewport
[2022.04.28-10.00.33:443][  2]LogPlayLevel: PlayLevel: No blueprints needed recompiling
[2022.04.28-10.00.33:444][  2]PIE: New page: PIE session: MainLevel (28 kwi 2022, 14:00:33)
[2022.04.28-10.00.33:444][  2]LogPlayLevel: Creating play world package: /Game/Levels/UEDPIE_0_MainLevel
[2022.04.28-10.00.33:463][  2]LogPlayLevel: PIE: StaticDuplicateObject took: (0.019097s)
[2022.04.28-10.00.33:464][  2]LogAIModule: Creating AISystem for world MainLevel
[2022.04.28-10.00.33:464][  2]LogPlayLevel: PIE: World Init took: (0.001289s)
[2022.04.28-10.00.33:464][  2]LogPlayLevel: PIE: Created PIE world by copying editor world from /Game/Levels/MainLevel.MainLevel to /Game/Levels/UEDPIE_0_MainLevel.MainLevel (0.020650s)
[2022.04.28-10.00.33:530][  2]LogInit: XAudio2 using 'Głośniki (Realtek High Definition Audio)' : 2 channels at 48 kHz using 32 bits per sample (channel mask 0x3)
[2022.04.28-10.00.33:565][  2]LogInit: FAudioDevice initialized.
[2022.04.28-10.00.33:599][  2]LogLoad: Game class is 'BP_GameMode_C'
[2022.04.28-10.00.33:604][  2]LogWorld: Bringing World /Game/Levels/UEDPIE_0_MainLevel.MainLevel up for play (max tick rate 60) at 2022.04.28-12.00.33
[2022.04.28-10.00.33:604][  2]LogWorld: Bringing up level for play took: 0.003253
[2022.04.28-10.00.33:618][  2]PIE: Play in editor start time for /Game/Levels/UEDPIE_0_MainLevel 0,787
[2022.04.28-10.00.33:913][ 18]LogSlate: Updating window title bar state: overlay mode, drag disabled, window buttons hidden, title bar hidden
[2022.04.28-10.00.33:957][ 18]LogPlayLevel: Display: Shutting down PIE online subsystems
[2022.04.28-10.00.34:013][ 18]LogSlate: Updating window title bar state: overlay mode, drag disabled, window buttons hidden, title bar hidden
[2022.04.28-10.00.34:057][ 19]LogPlayLevel: Display: Destroying online subsystem :Context_9
[2022.04.28-10.00.35:972][123]LogEditorViewport: Clicking Background
[2022.04.28-10.00.36:627][155]LogEditorViewport: Clicking on Actor (LMB): BP_Restart_C (BP_Restart)
[2022.04.28-10.00.46:046][668]LogSlate: FSceneViewport::OnFocusLost() reason 0
[2022.04.28-10.00.48:703][822]LogEditorViewport: Clicking on Actor (LMB): BP_Restart_C (BP_Restart)
[2022.04.28-10.00.49:616][874]Cmd: DUPLICATE
[2022.04.28-10.00.49:616][874]Cmd: ACTOR DUPLICATE
[2022.04.28-10.01.02:398][616]LogEditorViewport: Clicking on Actor (LMB): BP_Restart_C (BP_Restart2)
[2022.04.28-10.01.03:950][695]LogSlate: FSceneViewport::OnFocusLost() reason 0
[2022.04.28-10.01.09:516][ 20]LogSlate: FSceneViewport::OnFocusLost() reason 0
[2022.04.28-10.01.19:506][577]LogEditorViewport: Clicking Background
[2022.04.28-10.01.20:114][608]LogEditorViewport: Clicking on Actor (LMB): BP_Restart_C (BP_Restart3)
[2022.04.28-10.01.27:107][  4]LogSlate: FSceneViewport::OnFocusLost() reason 0
[2022.04.28-10.01.38:216][643]Cmd: DUPLICATE
[2022.04.28-10.01.38:216][643]Cmd: ACTOR DUPLICATE
[2022.04.28-10.01.39:536][717]LogSlate: FSceneViewport::OnFocusLost() reason 0
[2022.04.28-10.01.48:781][172]LogSlate: FSceneViewport::OnFocusLost() reason 0
[2022.04.28-10.01.48:977][181]LogAssetEditorManager: Opening Asset editor for Blueprint /Game/Blueprints/BP_Restart.BP_Restart
[2022.04.28-10.05.47:139][372]LogSavePackage: Moving '../../../../../../Users/Admin/Desktop/REPOBallRunner_ROK2_2021_2022/Ball_Runner/Saved/MainLevel_Auto1A4E08A99441DF25767589D993965A632.tmp' to '../../../../../../Users/Admin/Desktop/REPOBallRunner_ROK2_2021_2022/Ball_Runner/Saved/Autosaves/Game/Levels/MainLevel_Auto1.umap'
[2022.04.28-10.05.47:147][372]LogFileHelpers: Editor autosave (incl. sublevels) for '/Game/Levels/MainLevel' took 0.419
[2022.04.28-10.05.47:147][372]LogFileHelpers: Editor autosave (incl. sublevels) for all levels took 0.419
[2022.04.28-10.05.47:163][372]OBJ SavePackage: Generating thumbnails for [0] asset(s) in package [/Game/Blueprints/BP_Restart] ([1] browsable assets)...
[2022.04.28-10.05.47:163][372]OBJ SavePackage: Finished generating thumbnails for package [/Game/Blueprints/BP_Restart]
[2022.04.28-10.05.47:219][372]LogSavePackage: Moving '../../../../../../Users/Admin/Desktop/REPOBallRunner_ROK2_2021_2022/Ball_Runner/Saved/BP_Restart_Auto1C6EFDBCB4A4C4D91BEB186A582AFDBEB.tmp' to '../../../../../../Users/Admin/Desktop/REPOBallRunner_ROK2_2021_2022/Ball_Runner/Saved/Autosaves/Game/Blueprints/BP_Restart_Auto1.uasset'
[2022.04.28-10.05.47:222][372]LogFileHelpers: Auto-saving content packages took 0.068
[2022.04.28-10.06.15:298][484]BlueprintLog: New page: Compile BP_Restart
[2022.04.28-10.06.16:114][508]Cmd: OBJ SAVEPACKAGE PACKAGE="/Game/Blueprints/BP_Restart" FILE="../../../../../../Users/Admin/Desktop/REPOBallRunner_ROK2_2021_2022/Ball_Runner/Content/Blueprints/BP_Restart.uasset" SILENT=true
[2022.04.28-10.06.16:158][508]LogSavePackage: Moving '../../../../../../Users/Admin/Desktop/REPOBallRunner_ROK2_2021_2022/Ball_Runner/Saved/BP_Restart38C94DB24C56E820C7341BB7A02DA801.tmp' to '../../../../../../Users/Admin/Desktop/REPOBallRunner_ROK2_2021_2022/Ball_Runner/Content/Blueprints/BP_Restart.uasset'
[2022.04.28-10.06.17:219][562]LogSlate: Window 'BP_Restart' being destroyed
[2022.04.28-10.06.17:245][562]LogSlate: Window 'BP_Restart' being destroyed
[2022.04.28-10.06.19:172][647]LogSavePackage: Moving '../../../../../../Users/Admin/Desktop/REPOBallRunner_ROK2_2021_2022/Ball_Runner/Saved/MainLevel0BF35CB343BFFDDBF7B53F86F64A64E1.tmp' to '../../../../../../Users/Admin/Desktop/REPOBallRunner_ROK2_2021_2022/Ball_Runner/Content/Levels/MainLevel.umap'
[2022.04.28-10.07.03:432][257]LogAssetEditorManager: Opening Asset editor for Blueprint /Game/Blueprints/BP_Restart.BP_Restart
[2022.04.28-10.07.15:115][776]LogEditorTransaction: Undo Make New Scene Root
[2022.04.28-10.07.28:785][417]BlueprintLog: New page: Compile BP_Restart
[2022.04.28-10.07.29:404][427]Cmd: OBJ SAVEPACKAGE PACKAGE="/Game/Blueprints/BP_Restart" FILE="../../../../../../Users/Admin/Desktop/REPOBallRunner_ROK2_2021_2022/Ball_Runner/Content/Blueprints/BP_Restart.uasset" SILENT=true
[2022.04.28-10.07.29:438][427]LogSavePackage: Moving '../../../../../../Users/Admin/Desktop/REPOBallRunner_ROK2_2021_2022/Ball_Runner/Saved/BP_RestartF80650C842C4F27DC5E968BFD0D33C67.tmp' to '../../../../../../Users/Admin/Desktop/REPOBallRunner_ROK2_2021_2022/Ball_Runner/Content/Blueprints/BP_Restart.uasset'
[2022.04.28-10.07.33:857][643]LogTemp: Repeating last play command: Selected Viewport
[2022.04.28-10.07.33:883][643]LogPlayLevel: PlayLevel: No blueprints needed recompiling
[2022.04.28-10.07.33:884][643]PIE: New page: PIE session: MainLevel (28 kwi 2022, 14:07:33)
[2022.04.28-10.07.33:884][643]LogPlayLevel: Creating play world package: /Game/Levels/UEDPIE_0_MainLevel
[2022.04.28-10.07.33:903][643]LogPlayLevel: PIE: StaticDuplicateObject took: (0.018807s)
[2022.04.28-10.07.33:904][643]LogAIModule: Creating AISystem for world MainLevel
[2022.04.28-10.07.33:904][643]LogPlayLevel: PIE: World Init took: (0.001246s)
[2022.04.28-10.07.33:904][643]LogPlayLevel: PIE: Created PIE world by copying editor world from /Game/Levels/MainLevel.MainLevel to /Game/Levels/UEDPIE_0_MainLevel.MainLevel (0.020299s)
[2022.04.28-10.07.33:977][643]LogInit: XAudio2 using 'Głośniki (Realtek High Definition Audio)' : 2 channels at 48 kHz using 32 bits per sample (channel mask 0x3)
[2022.04.28-10.07.34:016][643]LogInit: FAudioDevice initialized.
[2022.04.28-10.07.34:053][643]LogLoad: Game class is 'BP_GameMode_C'
[2022.04.28-10.07.34:058][643]LogWorld: Bringing World /Game/Levels/UEDPIE_0_MainLevel.MainLevel up for play (max tick rate 60) at 2022.04.28-12.07.34
[2022.04.28-10.07.34:059][643]LogWorld: Bringing up level for play took: 0.003810
[2022.04.28-10.07.34:074][643]PIE: Play in editor start time for /Game/Levels/UEDPIE_0_MainLevel -0,757
[2022.04.28-10.07.35:352][718]LogSlate: Updating window title bar state: overlay mode, drag disabled, window buttons hidden, title bar hidden
[2022.04.28-10.07.35:400][718]LogPlayLevel: Display: Shutting down PIE online subsystems
[2022.04.28-10.07.35:446][718]LogSlate: Updating window title bar state: overlay mode, drag disabled, window buttons hidden, title bar hidden
[2022.04.28-10.07.35:487][719]LogPlayLevel: Display: Destroying online subsystem :Context_12
[2022.04.28-10.07.40:039][978]LogEditorViewport: Clicking on Actor (LMB): BP_Restart_C (BP_Restart)
[2022.04.28-10.07.41:548][ 54]Cmd: TRANSACTION UNDO
[2022.04.28-10.07.41:548][ 54]LogEditorTransaction: Undo Move Actors
[2022.04.28-10.07.42:207][ 83]LogSlate: FSceneViewport::OnFocusLost() reason 0
[2022.04.28-10.07.43:954][183]Cmd: TRANSACTION UNDO
[2022.04.28-10.07.43:954][183]LogEditorTransaction: Undo Scale Actors
[2022.04.28-10.07.44:874][236]Cmd: TRANSACTION UNDO
[2022.04.28-10.07.44:874][236]LogEditorTransaction: Undo Clicking on Actors
[2022.04.28-10.07.45:985][300]Cmd: TRANSACTION UNDO
[2022.04.28-10.07.45:985][300]LogEditorTransaction: Undo Make New Scene Root
[2022.04.28-10.07.48:277][433]LogSlate: FSceneViewport::OnFocusLost() reason 0
[2022.04.28-10.07.48:359][438]LogTemp: Repeating last play command: Selected Viewport
[2022.04.28-10.07.48:381][438]LogPlayLevel: PlayLevel: No blueprints needed recompiling
[2022.04.28-10.07.48:381][438]PIE: New page: PIE session: MainLevel (28 kwi 2022, 14:07:48)
[2022.04.28-10.07.48:382][438]LogPlayLevel: Creating play world package: /Game/Levels/UEDPIE_0_MainLevel
[2022.04.28-10.07.48:401][438]LogPlayLevel: PIE: StaticDuplicateObject took: (0.019621s)
[2022.04.28-10.07.48:402][438]LogAIModule: Creating AISystem for world MainLevel
[2022.04.28-10.07.48:403][438]LogPlayLevel: PIE: World Init took: (0.001183s)
[2022.04.28-10.07.48:403][438]LogPlayLevel: PIE: Created PIE world by copying editor world from /Game/Levels/MainLevel.MainLevel to /Game/Levels/UEDPIE_0_MainLevel.MainLevel (0.021077s)
[2022.04.28-10.07.48:464][438]LogInit: XAudio2 using 'Głośniki (Realtek High Definition Audio)' : 2 channels at 48 kHz using 32 bits per sample (channel mask 0x3)
[2022.04.28-10.07.48:496][438]LogInit: FAudioDevice initialized.
[2022.04.28-10.07.48:535][438]LogLoad: Game class is 'BP_GameMode_C'
[2022.04.28-10.07.48:543][438]LogWorld: Bringing World /Game/Levels/UEDPIE_0_MainLevel.MainLevel up for play (max tick rate 60) at 2022.04.28-12.07.48
[2022.04.28-10.07.48:543][438]LogWorld: Bringing up level for play took: 0.005332
[2022.04.28-10.07.48:557][438]PIE: Play in editor start time for /Game/Levels/UEDPIE_0_MainLevel -0,273
[2022.04.28-10.07.56:847][930]LogNet: Browse: /Game/Levels/MainLevel
[2022.04.28-10.07.56:847][930]LogLoad: LoadMap: /Game/Levels/MainLevel
[2022.04.28-10.07.56:898][930]LogPlayLevel: Creating play world package: /Game/Levels/UEDPIE_0_MainLevel
[2022.04.28-10.07.56:917][930]LogPlayLevel: PIE: StaticDuplicateObject took: (0.019559s)
[2022.04.28-10.07.56:918][930]LogAIModule: Creating AISystem for world MainLevel
[2022.04.28-10.07.56:919][930]LogPlayLevel: PIE: World Init took: (0.001191s)
[2022.04.28-10.07.56:919][930]LogPlayLevel: PIE: Created PIE world by copying editor world from /Game/Levels/MainLevel.MainLevel to /Game/Levels/UEDPIE_0_MainLevel.MainLevel (0.021053s)
[2022.04.28-10.07.56:919][930]LogLoad: Game class is 'BP_GameMode_C'
[2022.04.28-10.07.56:923][930]LogWorld: Bringing World /Game/Levels/UEDPIE_0_MainLevel.MainLevel up for play (max tick rate 60) at 2022.04.28-12.07.56
[2022.04.28-10.07.56:924][930]LogWorld: Bringing up level for play took: 0.003163
[2022.04.28-10.07.56:926][930]LogLoad: Took 0.078109 seconds to LoadMap(/Game/Levels/UEDPIE_0_MainLevel)
[2022.04.28-10.08.02:785][281]LogNet: Browse: /Game/Levels/MainLevel
[2022.04.28-10.08.02:785][281]LogLoad: LoadMap: /Game/Levels/MainLevel
[2022.04.28-10.08.02:834][281]LogPlayLevel: Creating play world package: /Game/Levels/UEDPIE_0_MainLevel
[2022.04.28-10.08.02:853][281]LogPlayLevel: PIE: StaticDuplicateObject took: (0.018546s)
[2022.04.28-10.08.02:854][281]LogAIModule: Creating AISystem for world MainLevel
[2022.04.28-10.08.02:854][281]LogPlayLevel: PIE: World Init took: (0.001189s)
[2022.04.28-10.08.02:854][281]LogPlayLevel: PIE: Created PIE world by copying editor world from /Game/Levels/MainLevel.MainLevel to /Game/Levels/UEDPIE_0_MainLevel.MainLevel (0.020046s)
[2022.04.28-10.08.02:855][281]LogLoad: Game class is 'BP_GameMode_C'
[2022.04.28-10.08.02:860][281]LogWorld: Bringing World /Game/Levels/UEDPIE_0_MainLevel.MainLevel up for play (max tick rate 60) at 2022.04.28-12.08.02
[2022.04.28-10.08.02:860][281]LogWorld: Bringing up level for play took: 0.003767
[2022.04.28-10.08.02:863][281]LogLoad: Took 0.076825 seconds to LoadMap(/Game/Levels/UEDPIE_0_MainLevel)
[2022.04.28-10.08.13:583][921]LogNet: Browse: /Game/Levels/MainLevel
[2022.04.28-10.08.13:583][921]LogLoad: LoadMap: /Game/Levels/MainLevel
[2022.04.28-10.08.13:640][921]LogPlayLevel: Creating play world package: /Game/Levels/UEDPIE_0_MainLevel
[2022.04.28-10.08.13:658][921]LogPlayLevel: PIE: StaticDuplicateObject took: (0.018722s)
[2022.04.28-10.08.13:659][921]LogAIModule: Creating AISystem for world MainLevel
[2022.04.28-10.08.13:660][921]LogPlayLevel: PIE: World Init took: (0.001196s)
[2022.04.28-10.08.13:660][921]LogPlayLevel: PIE: Created PIE world by copying editor world from /Game/Levels/MainLevel.MainLevel to /Game/Levels/UEDPIE_0_MainLevel.MainLevel (0.020227s)
[2022.04.28-10.08.13:660][921]LogLoad: Game class is 'BP_GameMode_C'
[2022.04.28-10.08.13:666][921]LogWorld: Bringing World /Game/Levels/UEDPIE_0_MainLevel.MainLevel up for play (max tick rate 60) at 2022.04.28-12.08.13
[2022.04.28-10.08.13:667][921]LogWorld: Bringing up level for play took: 0.005585
[2022.04.28-10.08.13:669][921]LogLoad: Took 0.086083 seconds to LoadMap(/Game/Levels/UEDPIE_0_MainLevel)
[2022.04.28-10.08.15:546][ 33]LogSlate: Updating window title bar state: overlay mode, drag disabled, window buttons hidden, title bar hidden
[2022.04.28-10.08.15:595][ 33]LogPlayLevel: Display: Shutting down PIE online subsystems
[2022.04.28-10.08.15:654][ 33]LogSlate: Updating window title bar state: overlay mode, drag disabled, window buttons hidden, title bar hidden
[2022.04.28-10.08.15:698][ 34]LogPlayLevel: Display: Destroying online subsystem :Context_13
[2022.04.28-10.08.16:992][110]LogEditorViewport: Clicking Background
[2022.04.28-10.08.47:218][562]LogSlate: FSceneViewport::OnFocusLost() reason 2
[2022.04.28-10.08.50:852][726]BlueprintLog: New page: Compile BP_Restart
[2022.04.28-10.08.51:621][746]Cmd: OBJ SAVEPACKAGE PACKAGE="/Game/Blueprints/BP_Restart" FILE="../../../../../../Users/Admin/Desktop/REPOBallRunner_ROK2_2021_2022/Ball_Runner/Content/Blueprints/BP_Restart.uasset" SILENT=true
[2022.04.28-10.08.51:657][746]LogSavePackage: Moving '../../../../../../Users/Admin/Desktop/REPOBallRunner_ROK2_2021_2022/Ball_Runner/Saved/BP_Restart5F820D2649D4442154CF50A625EE90A6.tmp' to '../../../../../../Users/Admin/Desktop/REPOBallRunner_ROK2_2021_2022/Ball_Runner/Content/Blueprints/BP_Restart.uasset'
[2022.04.28-10.08.54:808][911]LogEditorViewport: Clicking Background
[2022.04.28-10.08.55:458][949]LogEditorViewport: Clicking on Actor (LMB): BP_Restart_C (BP_Restart4)
[2022.04.28-10.08.59:306][167]LogEditorViewport: Clicking Background
[2022.04.28-10.09.01:157][274]LogEditorViewport: Clicking on Actor (LMB): BP_Restart_C (BP_Restart4)
[2022.04.28-10.09.02:015][321]LogEditorViewport: Clicking Background
[2022.04.28-10.09.02:373][340]LogEditorViewport: Clicking Background
[2022.04.28-10.09.03:033][379]LogEditorViewport: Clicking on Actor (LMB): BP_Restart_C (BP_Restart4)
[2022.04.28-10.09.03:861][425]LogEditorViewport: Clicking Background
[2022.04.28-10.09.04:204][444]LogEditorViewport: Clicking on Actor (LMB): BP_Restart_C (BP_Restart4)
[2022.04.28-10.09.04:752][473]LogEditorViewport: Clicking Background
[2022.04.28-10.09.06:950][591]LogEditorViewport: Clicking Background
[2022.04.28-10.09.07:513][623]LogEditorViewport: Clicking on Actor (LMB): BP_Restart_C (BP_Restart4)
[2022.04.28-10.09.08:385][671]LogEditorViewport: Clicking Background
[2022.04.28-10.09.09:415][725]LogEditorViewport: Clicking Background
[2022.04.28-10.09.09:988][758]LogEditorViewport: Clicking Background
[2022.04.28-10.09.10:262][772]LogEditorViewport: Clicking Background
[2022.04.28-10.09.10:689][798]LogEditorViewport: Clicking on Actor (LMB): BP_Restart_C (BP_Restart4)
[2022.04.28-10.09.12:642][906]LogEditorViewport: Clicking Background
[2022.04.28-10.09.13:276][942]Cmd: TRANSACTION UNDO
[2022.04.28-10.09.13:276][942]LogEditorTransaction: Undo Clicking Background
[2022.04.28-10.09.13:500][950]Cmd: TRANSACTION UNDO
[2022.04.28-10.09.13:501][950]LogEditorTransaction: Undo Clicking on Actors
[2022.04.28-10.09.13:760][961]Cmd: TRANSACTION UNDO
[2022.04.28-10.09.13:760][961]LogEditorTransaction: Undo Clicking Background
[2022.04.28-10.09.13:998][973]Cmd: TRANSACTION UNDO
[2022.04.28-10.09.13:998][973]LogEditorTransaction: Undo Clicking Background
[2022.04.28-10.09.14:276][989]Cmd: TRANSACTION UNDO
[2022.04.28-10.09.14:276][989]LogEditorTransaction: Undo Clicking Background
[2022.04.28-10.09.14:614][  9]Cmd: TRANSACTION UNDO
[2022.04.28-10.09.14:614][  9]LogEditorTransaction: Undo Clicking Background
[2022.04.28-10.09.14:943][ 27]Cmd: TRANSACTION UNDO
[2022.04.28-10.09.14:943][ 27]LogEditorTransaction: Undo Clicking on Actors
[2022.04.28-10.09.15:193][ 41]Cmd: TRANSACTION UNDO
[2022.04.28-10.09.15:193][ 41]LogEditorTransaction: Undo Clicking Background
[2022.04.28-10.09.15:544][ 61]Cmd: TRANSACTION UNDO
[2022.04.28-10.09.15:544][ 61]LogEditorTransaction: Undo Clicking Background
[2022.04.28-10.09.15:904][ 81]Cmd: TRANSACTION UNDO
[2022.04.28-10.09.15:905][ 81]LogEditorTransaction: Undo Clicking on Actors
[2022.04.28-10.09.16:274][102]Cmd: TRANSACTION UNDO
[2022.04.28-10.09.16:275][102]LogEditorTransaction: Undo Clicking Background
[2022.04.28-10.09.16:519][114]Cmd: TRANSACTION UNDO
[2022.04.28-10.09.16:519][114]LogEditorTransaction: Undo Clicking on Actors
[2022.04.28-10.09.16:869][134]Cmd: TRANSACTION UNDO
[2022.04.28-10.09.16:870][134]LogEditorTransaction: Undo Clicking Background
[2022.04.28-10.09.17:171][151]Cmd: TRANSACTION UNDO
[2022.04.28-10.09.17:171][151]LogEditorTransaction: Undo Clicking Background
[2022.04.28-10.09.17:649][178]Cmd: TRANSACTION UNDO
[2022.04.28-10.09.17:649][178]LogEditorTransaction: Undo Clicking on Actors
[2022.04.28-10.09.18:034][200]Cmd: TRANSACTION UNDO
[2022.04.28-10.09.18:034][200]LogEditorTransaction: Undo Clicking Background
[2022.04.28-10.09.18:257][211]Cmd: TRANSACTION UNDO
[2022.04.28-10.09.18:257][211]LogEditorTransaction: Undo Scale Actors
[2022.04.28-10.09.18:513][225]Cmd: TRANSACTION UNDO
[2022.04.28-10.09.18:513][225]LogEditorTransaction: Undo Scale Actors
[2022.04.28-10.09.18:974][252]Cmd: TRANSACTION UNDO
[2022.04.28-10.09.18:974][252]LogEditorTransaction: Undo Clicking on Actors
[2022.04.28-10.09.19:359][274]Cmd: TRANSACTION UNDO
[2022.04.28-10.09.19:359][274]LogEditorTransaction: Undo Clicking Background
[2022.04.28-10.09.19:711][294]Cmd: TRANSACTION UNDO
[2022.04.28-10.09.19:711][294]LogEditorTransaction: Undo Make New Scene Root
[2022.04.28-10.09.22:083][388]LogSlate: FSceneViewport::OnFocusLost() reason 2
[2022.04.28-10.09.24:155][488]BlueprintLog: New page: Compile BP_Restart
[2022.04.28-10.09.24:664][498]Cmd: OBJ SAVEPACKAGE PACKAGE="/Game/Blueprints/BP_Restart" FILE="../../../../../../Users/Admin/Desktop/REPOBallRunner_ROK2_2021_2022/Ball_Runner/Content/Blueprints/BP_Restart.uasset" SILENT=true
[2022.04.28-10.09.24:706][498]LogSavePackage: Moving '../../../../../../Users/Admin/Desktop/REPOBallRunner_ROK2_2021_2022/Ball_Runner/Saved/BP_Restart72D5030B40338D7FAE90FE8C2C16A729.tmp' to '../../../../../../Users/Admin/Desktop/REPOBallRunner_ROK2_2021_2022/Ball_Runner/Content/Blueprints/BP_Restart.uasset'
[2022.04.28-10.09.26:139][558]LogSlate: Window 'BP_Restart' being destroyed
[2022.04.28-10.09.26:161][558]LogSlate: Window 'BP_Restart' being destroyed
[2022.04.28-10.10.17:946][832]LogSlate: FSceneViewport::OnFocusLost() reason 2
[2022.04.28-10.10.19:545][904]LogAssetEditorManager: Opening Asset editor for Blueprint /Game/Blueprints/BP_Restart.BP_Restart
[2022.04.28-10.15.17:463][191]LogSlate: Window 'BP_Restart' being destroyed
[2022.04.28-10.15.17:476][191]LogSlate: Window 'BP_Restart' being destroyed
[2022.04.28-10.15.18:868][246]LogSavePackage: Moving '../../../../../../Users/Admin/Desktop/REPOBallRunner_ROK2_2021_2022/Ball_Runner/Saved/MainLevel0A7B51124A1CC5740F34E89A49A26B0E.tmp' to '../../../../../../Users/Admin/Desktop/REPOBallRunner_ROK2_2021_2022/Ball_Runner/Content/Levels/MainLevel.umap'
[2022.04.28-10.15.21:077][365]LogSlate: Window 'Ball_Runner - Unreal Editor' being destroyed
[2022.04.28-10.15.21:392][366]Cmd: QUIT_EDITOR
[2022.04.28-10.15.21:816][366]LogWindowsTextInputMethodSystem: Display: IME system now deactivated.
[2022.04.28-10.15.21:843][366]LogExit: Preparing to exit.
[2022.04.28-10.15.22:741][366]LogExit: Editor shut down
[2022.04.28-10.15.22:742][366]LogExit: Transaction tracking system shut down
[2022.04.28-10.15.23:627][366]LogExit: Object subsystem successfully closed.
[2022.04.28-10.15.23:661][366]LogShaderCompilers: Display: Shaders left to compile 0
[2022.04.28-10.15.23:669][366]LogD3D11RHI: Shutdown
[2022.04.28-10.15.23:670][366]LogD3D11RHI: CleanupD3DDevice
[2022.04.28-10.15.23:698][366]LogD3D11RHI: ~FD3D11DynamicRHI
[2022.04.28-10.15.23:802][366]LogModuleManager: Shutting down and abandoning module MovieSceneCapture (616)
[2022.04.28-10.15.23:803][366]LogModuleManager: Shutting down and abandoning module Voice (614)
[2022.04.28-10.15.23:803][366]LogModuleManager: Shutting down and abandoning module BlueprintGraph (612)
[2022.04.28-10.15.23:803][366]LogModuleManager: Shutting down and abandoning module HierarchicalLODOutliner (610)
[2022.04.28-10.15.23:803][366]LogModuleManager: Shutting down and abandoning module SceneOutliner (608)
[2022.04.28-10.15.23:803][366]LogModuleManager: Shutting down and abandoning module AddContentDialog (606)
[2022.04.28-10.15.23:804][366]LogModuleManager: Shutting down and abandoning module WidgetCarousel (605)
[2022.04.28-10.15.23:804][366]LogModuleManager: Shutting down and abandoning module EditorWidgets (602)
[2022.04.28-10.15.23:804][366]LogModuleManager: Shutting down and abandoning module CollectionManager (600)
[2022.04.28-10.15.23:805][366]LogModuleManager: Shutting down and abandoning module StatsViewer (598)
[2022.04.28-10.15.23:805][366]LogModuleManager: Shutting down and abandoning module FoliageEdit (596)
[2022.04.28-10.15.23:805][366]LogModuleManager: Shutting down and abandoning module LandscapeEditor (594)
[2022.04.28-10.15.23:807][366]LogModuleManager: Shutting down and abandoning module MeshPaintMode (592)
[2022.04.28-10.15.23:807][366]LogModuleManager: Shutting down and abandoning module SceneDepthPickerMode (590)
[2022.04.28-10.15.23:807][366]LogModuleManager: Shutting down and abandoning module ActorPickerMode (588)
[2022.04.28-10.15.23:807][366]LogModuleManager: Shutting down and abandoning module GeometryMode (586)
[2022.04.28-10.15.23:807][366]LogModuleManager: Shutting down and abandoning module TextureAlignMode (584)
[2022.04.28-10.15.23:807][366]LogModuleManager: Shutting down and abandoning module BspMode (582)
[2022.04.28-10.15.23:807][366]LogModuleManager: Shutting down and abandoning module PIEPreviewDeviceProfileSelector (580)
[2022.04.28-10.15.23:807][366]LogModuleManager: Shutting down and abandoning module SequenceRecorderSections (578)
[2022.04.28-10.15.23:808][366]LogModuleManager: Shutting down and abandoning module AutomationWorker (576)
[2022.04.28-10.15.23:808][366]LogModuleManager: Shutting down and abandoning module AudioCaptureEditor (574)
[2022.04.28-10.15.23:808][366]LogModuleManager: Shutting down and abandoning module SequenceRecorder (573)
[2022.04.28-10.15.23:808][366]LogModuleManager: Shutting down and abandoning module MatineeToLevelSequence (570)
[2022.04.28-10.15.23:808][366]LogModuleManager: Shutting down and abandoning module LevelSequenceEditor (568)
[2022.04.28-10.15.23:808][366]LogModuleManager: Shutting down and abandoning module PlacementMode (567)
[2022.04.28-10.15.23:808][366]LogModuleManager: Shutting down and abandoning module MaterialEditor (566)
[2022.04.28-10.15.23:809][366]LogModuleManager: Shutting down and abandoning module WmfMediaFactory (562)
[2022.04.28-10.15.23:809][366]LogModuleManager: Shutting down and abandoning module WmfMediaEditor (560)
[2022.04.28-10.15.23:810][366]LogModuleManager: Shutting down and abandoning module MediaPlayerEditor (558)
[2022.04.28-10.15.23:810][366]LogModuleManager: Shutting down and abandoning module OpenExrWrapper (556)
[2022.04.28-10.15.23:810][366]LogModuleManager: Shutting down and abandoning module ImgMediaFactory (554)
[2022.04.28-10.15.23:810][366]LogModuleManager: Shutting down and abandoning module ImgMediaEditor (552)
[2022.04.28-10.15.23:810][366]LogModuleManager: Shutting down and abandoning module AvfMediaFactory (550)
[2022.04.28-10.15.23:810][366]LogModuleManager: Shutting down and abandoning module AvfMediaEditor (548)
[2022.04.28-10.15.23:810][366]LogModuleManager: Shutting down and abandoning module AndroidMediaFactory (546)
[2022.04.28-10.15.23:810][366]LogModuleManager: Shutting down and abandoning module AndroidMediaEditor (544)
[2022.04.28-10.15.23:810][366]LogModuleManager: Shutting down and abandoning module MagicLeapCameraPreviewFactory (542)
[2022.04.28-10.15.23:810][366]LogModuleManager: Shutting down and abandoning module MagicLeapMediaFactory (540)
[2022.04.28-10.15.23:810][366]LogModuleManager: Shutting down and abandoning module MagicLeapMediaEditor (538)
[2022.04.28-10.15.23:810][366]LogModuleManager: Shutting down and abandoning module CharacterAI (536)
[2022.04.28-10.15.23:811][366]LogModuleManager: Shutting down and abandoning module SmartSnapping (534)
[2022.04.28-10.15.23:811][366]LogModuleManager: Shutting down and abandoning module SessionServices (532)
[2022.04.28-10.15.23:811][366]LogModuleManager: Shutting down and abandoning module ViewportSnapping (530)
[2022.04.28-10.15.23:811][366]LogModuleManager: Shutting down and abandoning module ViewportInteraction (528)
[2022.04.28-10.15.23:811][366]LogModuleManager: Shutting down and abandoning module ClothPainter (526)
[2022.04.28-10.15.23:812][366]LogModuleManager: Shutting down and abandoning module SkeletalMeshEditor (525)
[2022.04.28-10.15.23:813][366]LogModuleManager: Shutting down and abandoning module LogVisualizer (522)
[2022.04.28-10.15.23:814][366]LogModuleManager: Shutting down and abandoning module IntroTutorials (520)
[2022.04.28-10.15.23:814][366]LogModuleManager: Shutting down and abandoning module GameProjectGeneration (519)
[2022.04.28-10.15.23:815][366]LogModuleManager: Shutting down and abandoning module LuminPlatformEditor (516)
[2022.04.28-10.15.23:815][366]LogModuleManager: Shutting down and abandoning module IOSPlatformEditor (514)
[2022.04.28-10.15.23:815][366]LogModuleManager: Shutting down and abandoning module HTML5PlatformEditor (512)
[2022.04.28-10.15.23:815][366]LogModuleManager: Shutting down and abandoning module AndroidPlatformEditor (510)
[2022.04.28-10.15.23:815][366]LogModuleManager: Shutting down and abandoning module AndroidDeviceDetection (509)
[2022.04.28-10.15.24:136][366]LogModuleManager: Shutting down and abandoning module WindowsPlatformEditor (506)
[2022.04.28-10.15.24:137][366]LogModuleManager: Shutting down and abandoning module LuminRuntimeSettings (504)
[2022.04.28-10.15.24:137][366]LogModuleManager: Shutting down and abandoning module IOSRuntimeSettings (502)
[2022.04.28-10.15.24:137][366]LogModuleManager: Shutting down and abandoning module AndroidRuntimeSettings (500)
[2022.04.28-10.15.24:137][366]LogModuleManager: Shutting down and abandoning module InputBindingEditor (498)
[2022.04.28-10.15.24:139][366]LogModuleManager: Shutting down and abandoning module MergeActors (496)
[2022.04.28-10.15.24:139][366]LogModuleManager: Shutting down and abandoning module LocalizationDashboard (494)
[2022.04.28-10.15.24:141][366]LogModuleManager: Shutting down and abandoning module LocalizationService (493)
[2022.04.28-10.15.24:141][366]LogModuleManager: Shutting down and abandoning module HardwareTargeting (490)
[2022.04.28-10.15.24:141][366]LogModuleManager: Shutting down and abandoning module DeviceProfileEditor (488)
[2022.04.28-10.15.24:141][366]LogModuleManager: Shutting down and abandoning module UndoHistory (486)
[2022.04.28-10.15.24:141][366]LogModuleManager: Shutting down and abandoning module XmlParser (484)
[2022.04.28-10.15.24:141][366]LogModuleManager: Shutting down and abandoning module Blutility (482)
[2022.04.28-10.15.24:141][366]LogModuleManager: Shutting down and abandoning module ProjectSettingsViewer (480)
[2022.04.28-10.15.24:141][366]LogModuleManager: Shutting down and abandoning module ProjectTargetPlatformEditor (479)
[2022.04.28-10.15.24:141][366]LogModuleManager: Shutting down and abandoning module EditorSettingsViewer (476)
[2022.04.28-10.15.24:141][366]LogModuleManager: Shutting down and abandoning module SettingsEditor (474)
[2022.04.28-10.15.24:141][366]LogModuleManager: Shutting down and abandoning module ProjectLauncher (472)
[2022.04.28-10.15.24:142][366]LogModuleManager: Shutting down and abandoning module SessionFrontend (470)
[2022.04.28-10.15.24:142][366]LogModuleManager: Shutting down and abandoning module ProfilerClient (468)
[2022.04.28-10.15.24:143][366]LogModuleManager: Shutting down and abandoning module DeviceManager (466)
[2022.04.28-10.15.24:143][366]LogModuleManager: Shutting down and abandoning module TargetDeviceServices (465)
[2022.04.28-10.15.24:187][366]LogModuleManager: Shutting down and abandoning module AutomationController (462)
[2022.04.28-10.15.24:187][366]LogModuleManager: Shutting down and abandoning module AutomationWindow (460)
[2022.04.28-10.15.24:188][366]LogModuleManager: Shutting down and abandoning module Layers (458)
[2022.04.28-10.15.24:190][366]LogModuleManager: Shutting down and abandoning module ComponentVisualizers (456)
[2022.04.28-10.15.24:190][366]LogModuleManager: Shutting down and abandoning module DetailCustomizations (454)
[2022.04.28-10.15.24:190][366]LogModuleManager: Shutting down and abandoning module PackagesDialog (452)
[2022.04.28-10.15.24:190][366]LogModuleManager: Shutting down and abandoning module Persona (450)
[2022.04.28-10.15.24:191][366]LogModuleManager: Shutting down and abandoning module AdvancedPreviewScene (449)
[2022.04.28-10.15.24:191][366]LogModuleManager: Shutting down and abandoning module AnimGraph (447)
[2022.04.28-10.15.24:192][366]LogModuleManager: Shutting down and abandoning module Kismet (444)
[2022.04.28-10.15.24:200][366]LogModuleManager: Shutting down and abandoning module GraphEditor (442)
[2022.04.28-10.15.24:200][366]LogModuleManager: Shutting down and abandoning module ClassViewer (440)
[2022.04.28-10.15.24:203][366]LogModuleManager: Shutting down and abandoning module Toolbox (438)
[2022.04.28-10.15.24:203][366]LogModuleManager: Shutting down and abandoning module ModuleUI (436)
[2022.04.28-10.15.24:203][366]LogModuleManager: Shutting down and abandoning module MovieSceneTools (434)
[2022.04.28-10.15.24:204][366]LogModuleManager: Shutting down and abandoning module OutputLog (432)
[2022.04.28-10.15.24:204][366]LogModuleManager: Shutting down and abandoning module GammaUI (430)
[2022.04.28-10.15.24:204][366]LogModuleManager: Shutting down and abandoning module Documentation (428)
[2022.04.28-10.15.24:204][366]LogModuleManager: Shutting down and abandoning module MovieSceneTracks (426)
[2022.04.28-10.15.24:205][366]LogModuleManager: Shutting down and abandoning module MovieScene (424)
[2022.04.28-10.15.24:205][366]LogModuleManager: Shutting down and abandoning module StreamingPauseRendering (422)
[2022.04.28-10.15.24:205][366]LogModuleManager: Shutting down and abandoning module LauncherPlatform (420)
[2022.04.28-10.15.24:205][366]LogModuleManager: Shutting down and abandoning module AnalyticsET (418)
[2022.04.28-10.15.24:205][366]LogModuleManager: Shutting down and abandoning module PortalServices (416)
[2022.04.28-10.15.24:205][366]LogModuleManager: Shutting down and abandoning module PortalRpc (414)
[2022.04.28-10.15.24:205][366]LogModuleManager: Shutting down and abandoning module MessagingRpc (412)
[2022.04.28-10.15.24:205][366]LogModuleManager: Shutting down and abandoning module AIModule (410)
[2022.04.28-10.15.24:205][366]LogModuleManager: Shutting down and abandoning module GameplayDebugger (409)
[2022.04.28-10.15.24:205][366]LogModuleManager: Shutting down and abandoning module AITestSuite (407)
[2022.04.28-10.15.24:205][366]LogModuleManager: Shutting down and abandoning module NavigationSystem (405)
[2022.04.28-10.15.24:205][366]LogModuleManager: Shutting down and abandoning module DesktopPlatform (402)
[2022.04.28-10.15.24:205][366]LogModuleManager: Shutting down and abandoning module ProfilerService (400)
[2022.04.28-10.15.24:325][366]LogModuleManager: Shutting down and abandoning module TaskGraph (398)
[2022.04.28-10.15.24:325][366]LogModuleManager: Shutting down and abandoning module SteamVRController (396)
[2022.04.28-10.15.24:325][366]LogModuleManager: Shutting down and abandoning module ProceduralMeshComponentEditor (394)
[2022.04.28-10.15.24:325][366]LogModuleManager: Shutting down and abandoning module ProceduralMeshComponent (392)
[2022.04.28-10.15.24:325][366]LogModuleManager: Shutting down and abandoning module OculusInput (390)
[2022.04.28-10.15.24:325][366]LogModuleManager: Shutting down and abandoning module MobilePatchingUtils (388)
[2022.04.28-10.15.24:325][366]LogModuleManager: Shutting down and abandoning module EditableMesh (386)
[2022.04.28-10.15.24:325][366]LogModuleManager: Shutting down and abandoning module CustomMeshComponent (384)
[2022.04.28-10.15.24:325][366]LogModuleManager: Shutting down and abandoning module CableComponent (382)
[2022.04.28-10.15.24:325][366]LogModuleManager: Shutting down and abandoning module AudioCapture (380)
[2022.04.28-10.15.24:325][366]LogModuleManager: Shutting down and abandoning module ArchVisCharacter (378)
[2022.04.28-10.15.24:325][366]LogModuleManager: Shutting down and abandoning module AndroidPermission (376)
[2022.04.28-10.15.24:325][366]LogModuleManager: Shutting down and abandoning module NUTUnrealEngine4 (374)
[2022.04.28-10.15.24:325][366]LogModuleManager: Shutting down and abandoning module NetcodeUnitTest (372)
[2022.04.28-10.15.24:357][366]LogModuleManager: Shutting down and abandoning module MediaCompositingEditor (370)
[2022.04.28-10.15.24:357][366]LogModuleManager: Shutting down and abandoning module MediaCompositing (368)
[2022.04.28-10.15.24:357][366]LogModuleManager: Shutting down and abandoning module LinearTimecode (366)
[2022.04.28-10.15.24:357][366]LogModuleManager: Shutting down and abandoning module ImgMedia (364)
[2022.04.28-10.15.24:362][366]LogModuleManager: Shutting down and abandoning module HTML5Networking (362)
[2022.04.28-10.15.24:363][366]LogModuleManager: Shutting down and abandoning module GeometryCacheTracks (360)
[2022.04.28-10.15.24:363][366]LogModuleManager: Shutting down and abandoning module GeometryCacheSequencer (358)
[2022.04.28-10.15.24:363][366]LogModuleManager: Shutting down and abandoning module BackChannel (356)
[2022.04.28-10.15.24:363][366]LogModuleManager: Shutting down and abandoning module AppleVision (354)
[2022.04.28-10.15.24:363][366]LogModuleManager: Shutting down and abandoning module AppleImageUtils (352)
[2022.04.28-10.15.24:363][366]LogModuleManager: Shutting down and abandoning module AlembicImporter (350)
[2022.04.28-10.15.24:363][366]LogModuleManager: Shutting down and abandoning module AlembicLibrary (349)
[2022.04.28-10.15.24:363][366]LogModuleManager: Shutting down and abandoning module GeometryCache (348)
[2022.04.28-10.15.24:363][366]LogModuleManager: Shutting down and abandoning module GeometryCacheEd (347)
[2022.04.28-10.15.24:363][366]LogModuleManager: Shutting down and abandoning module DatasmithContentEditor (342)
[2022.04.28-10.15.24:363][366]LogModuleManager: Shutting down and abandoning module DatasmithContent (340)
[2022.04.28-10.15.24:364][366]LogModuleManager: Shutting down and abandoning module SpeedTreeImporter (338)
[2022.04.28-10.15.24:364][366]LogModuleManager: Shutting down and abandoning module PluginBrowser (336)
[2022.04.28-10.15.24:365][366]LogModuleManager: Shutting down and abandoning module MobileLauncherProfileWizard (334)
[2022.04.28-10.15.24:365][366]LogModuleManager: Shutting down and abandoning module PolygonModeling (332)
[2022.04.28-10.15.24:365][366]LogModuleManager: Shutting down and abandoning module MeshEditor (330)
[2022.04.28-10.15.24:365][366]LogModuleManager: Shutting down and abandoning module CryptoKeysOpenSSL (328)
[2022.04.28-10.15.24:365][366]LogModuleManager: Shutting down and abandoning module CryptoKeys (326)
[2022.04.28-10.15.24:365][366]LogModuleManager: Shutting down and abandoning module VisualStudioSourceCodeAccess (324)
[2022.04.28-10.15.24:365][366]LogModuleManager: Shutting down and abandoning module VisualStudioCodeSourceCodeAccess (322)
[2022.04.28-10.15.24:365][366]LogModuleManager: Shutting down and abandoning module UObjectPlugin (320)
[2022.04.28-10.15.24:365][366]LogModuleManager: Shutting down and abandoning module SubversionSourceControl (318)
[2022.04.28-10.15.24:366][366]LogModuleManager: Shutting down and abandoning module PerforceSourceControl (316)
[2022.04.28-10.15.24:366][366]LogModuleManager: Shutting down and abandoning module GitSourceControl (314)
[2022.04.28-10.15.24:366][366]LogModuleManager: Shutting down and abandoning module SourceControl (313)
[2022.04.28-10.15.24:366][366]LogModuleManager: Shutting down and abandoning module CLionSourceCodeAccess (310)
[2022.04.28-10.15.24:366][366]LogModuleManager: Shutting down and abandoning module LightPropagationVolumeEditor (308)
[2022.04.28-10.15.24:366][366]LogModuleManager: Shutting down and abandoning module PaperTiledImporter (306)
[2022.04.28-10.15.24:366][366]LogModuleManager: Shutting down and abandoning module PaperSpriteSheetImporter (304)
[2022.04.28-10.15.24:366][366]LogModuleManager: Shutting down and abandoning module Paper2DEditor (302)
[2022.04.28-10.15.24:367][366]LogModuleManager: Shutting down and abandoning module MeshPaint (301)
[2022.04.28-10.15.24:367][366]LogModuleManager: Shutting down and abandoning module RuntimePhysXCooking (298)
[2022.04.28-10.15.24:367][366]LogModuleManager: Shutting down and abandoning module PhysXVehiclesEditor (296)
[2022.04.28-10.15.24:367][366]LogModuleManager: Shutting down and abandoning module PhysXVehicles (294)
[2022.04.28-10.15.24:367][366]LogModuleManager: Shutting down and abandoning module OculusEditor (292)
[2022.04.28-10.15.24:367][366]LogModuleManager: Shutting down and abandoning module LocationServicesBPLibrary (290)
[2022.04.28-10.15.24:367][366]LogModuleManager: Shutting down and abandoning module ImmediatePhysicsEditor (288)
[2022.04.28-10.15.24:368][366]LogModuleManager: Shutting down and abandoning module ImmediatePhysics (286)
[2022.04.28-10.15.24:368][366]LogModuleManager: Shutting down and abandoning module ActorSequence (284)
[2022.04.28-10.15.24:368][366]LogModuleManager: Shutting down and abandoning module UdpMessaging (282)
[2022.04.28-10.15.24:469][366]LogModuleManager: Shutting down and abandoning module TcpMessaging (280)
[2022.04.28-10.15.24:571][366]LogModuleManager: Shutting down and abandoning module MagicLeapAudio (278)
[2022.04.28-10.15.24:571][366]LogModuleManager: Shutting down and abandoning module GameplayTagsEditor (276)
[2022.04.28-10.15.24:577][366]LogModuleManager: Shutting down and abandoning module FacialAnimationEditor (274)
[2022.04.28-10.15.24:577][366]LogModuleManager: Shutting down and abandoning module FacialAnimation (272)
[2022.04.28-10.15.24:577][366]LogModuleManager: Shutting down and abandoning module DataValidation (270)
[2022.04.28-10.15.24:577][366]LogModuleManager: Shutting down and abandoning module AssetManagerEditor (268)
[2022.04.28-10.15.24:592][366]LogModuleManager: Shutting down and abandoning module LevelEditor (267)
[2022.04.28-10.15.24:594][366]LogModuleManager: Shutting down and abandoning module PixelInspectorModule (266)
[2022.04.28-10.15.24:594][366]LogModuleManager: Shutting down and abandoning module CommonMenuExtensions (264)
[2022.04.28-10.15.24:595][366]LogModuleManager: Shutting down and abandoning module MainFrame (262)
[2022.04.28-10.15.24:595][366]LogModuleManager: Shutting down and abandoning module HotReload (261)
[2022.04.28-10.15.24:597][366]LogModuleManager: Shutting down and abandoning module ContentBrowser (257)
[2022.04.28-10.15.24:599][366]LogModuleManager: Shutting down and abandoning module TreeMap (255)
[2022.04.28-10.15.24:599][366]LogModuleManager: Shutting down and abandoning module LightPropagationVolumeRuntime (252)
[2022.04.28-10.15.24:599][366]LogModuleManager: Shutting down and abandoning module AISupportModule (250)
[2022.04.28-10.15.24:599][366]LogModuleManager: Shutting down and abandoning module Paper2D (248)
[2022.04.28-10.15.24:599][366]LogModuleManager: Shutting down and abandoning module WindowsMoviePlayer (246)
[2022.04.28-10.15.24:600][366]LogModuleManager: Shutting down and abandoning module WmfMedia (244)
[2022.04.28-10.15.24:605][366]LogModuleManager: Shutting down and abandoning module Media (243)
[2022.04.28-10.15.24:612][366]LogModuleManager: Shutting down and abandoning module PacketHandler (240)
[2022.04.28-10.15.24:612][366]LogModuleManager: Shutting down and abandoning module ClothingSystemEditor (238)
[2022.04.28-10.15.24:612][366]LogModuleManager: Shutting down and abandoning module ClothingSystemRuntime (236)
[2022.04.28-10.15.24:613][366]LogModuleManager: Shutting down and abandoning module MediaAssets (234)
[2022.04.28-10.15.24:613][366]LogModuleManager: Shutting down and abandoning module Overlay (232)
[2022.04.28-10.15.24:613][366]LogModuleManager: Shutting down and abandoning module OverlayEditor (231)
[2022.04.28-10.15.24:613][366]LogModuleManager: Shutting down and abandoning module VREditor (228)
[2022.04.28-10.15.24:614][366]LogModuleManager: Shutting down and abandoning module StringTableEditor (226)
[2022.04.28-10.15.24:614][366]LogModuleManager: Shutting down and abandoning module GameplayTasksEditor (224)
[2022.04.28-10.15.24:616][366]LogModuleManager: Shutting down and abandoning module BehaviorTreeEditor (222)
[2022.04.28-10.15.24:616][366]LogModuleManager: Shutting down and abandoning module FunctionalTesting (220)
[2022.04.28-10.15.24:616][366]LogModuleManager: Shutting down and abandoning module CollisionAnalyzer (218)
[2022.04.28-10.15.24:616][366]LogModuleManager: Shutting down and abandoning module WorkspaceMenuStructure (217)
[2022.04.28-10.15.24:616][366]LogModuleManager: Shutting down and abandoning module UMG (214)
[2022.04.28-10.15.24:617][366]LogModuleManager: Shutting down and abandoning module UMGEditor (213)
[2022.04.28-10.15.24:618][366]LogModuleManager: Shutting down and abandoning module Sequencer (212)
[2022.04.28-10.15.24:620][366]LogModuleManager: Shutting down and abandoning module MessageLog (209)
[2022.04.28-10.15.24:620][366]LogModuleManager: Shutting down and abandoning module SlateReflector (204)
[2022.04.28-10.15.24:621][366]LogModuleManager: Shutting down and abandoning module Slate (202)
[2022.04.28-10.15.24:621][366]LogModuleManager: Shutting down and abandoning module EditorStyle (200)
[2022.04.28-10.15.24:630][366]LogModuleManager: Shutting down and abandoning module MRMesh (198)
[2022.04.28-10.15.24:631][366]LogModuleManager: Shutting down and abandoning module SourceCodeAccess (196)
[2022.04.28-10.15.24:631][366]LogModuleManager: Shutting down and abandoning module HeadMountedDisplay (194)
[2022.04.28-10.15.24:631][366]LogModuleManager: Shutting down and abandoning module XAudio2 (192)
[2022.04.28-10.15.24:632][366]LogModuleManager: Shutting down and abandoning module Networking (190)
[2022.04.28-10.15.24:632][366]LogModuleManager: Shutting down and abandoning module Core (188)
[2022.04.28-10.15.24:632][366]LogModuleManager: Shutting down and abandoning module LevelSequence (186)
[2022.04.28-10.15.24:632][366]LogModuleManager: Shutting down and abandoning module KismetCompiler (184)
[2022.04.28-10.15.24:632][366]LogModuleManager: Shutting down and abandoning module MeshUtilities (182)
[2022.04.28-10.15.24:633][366]LogModuleManager: Shutting down and abandoning module MeshMergeUtilities (181)
[2022.04.28-10.15.24:633][366]LogModuleManager: Shutting down and abandoning module MeshReductionInterface (180)
[2022.04.28-10.15.24:633][366]LogModuleManager: Shutting down and abandoning module SimplygonSwarm (179)
[2022.04.28-10.15.24:635][366]LogModuleManager: Shutting down and abandoning module ProxyLODMeshReduction (177)
[2022.04.28-10.15.24:636][366]LogModuleManager: Shutting down and abandoning module SimplygonMeshReduction (175)
[2022.04.28-10.15.24:636][366]LogModuleManager: Shutting down and abandoning module QuadricMeshReduction (173)
[2022.04.28-10.15.24:637][366]LogModuleManager: Shutting down and abandoning module MaterialBaking (169)
[2022.04.28-10.15.24:638][366]LogModuleManager: Shutting down and abandoning module DirectoryWatcher (165)
[2022.04.28-10.15.24:638][366]LogModuleManager: Shutting down and abandoning module DerivedDataCache (162)
[2022.04.28-10.15.24:688][366]LogDerivedDataCache: Shutdown
[2022.04.28-10.15.24:688][366]LogModuleManager: Shutting down and abandoning module XGEController (160)
[2022.04.28-10.15.24:688][366]LogXGEController: Cleaning working directory: C:/Users/Admin/AppData/Local/Temp/UnrealXGEWorkingDir/
[2022.04.28-10.15.24:688][366]LogModuleManager: Shutting down and abandoning module TargetPlatform (158)
[2022.04.28-10.15.24:688][366]LogModuleManager: Shutting down and abandoning module VulkanShaderFormat (157)
[2022.04.28-10.15.24:688][366]LogModuleManager: Shutting down and abandoning module ShaderFormatVectorVM (155)
[2022.04.28-10.15.24:688][366]LogModuleManager: Shutting down and abandoning module ShaderFormatOpenGL (153)
[2022.04.28-10.15.24:689][366]LogModuleManager: Shutting down and abandoning module ShaderFormatD3D (151)
[2022.04.28-10.15.24:689][366]LogModuleManager: Shutting down and abandoning module MetalShaderFormat (149)
[2022.04.28-10.15.24:690][366]LogModuleManager: Shutting down and abandoning module TextureFormatUncompressed (147)
[2022.04.28-10.15.24:690][366]LogModuleManager: Shutting down and abandoning module TextureFormatPVR (145)
[2022.04.28-10.15.24:690][366]LogModuleManager: Shutting down and abandoning module TextureFormatDXT (143)
[2022.04.28-10.15.24:690][366]LogModuleManager: Shutting down and abandoning module TextureFormatIntelISPCTexComp (141)
[2022.04.28-10.15.24:690][366]LogModuleManager: Shutting down and abandoning module TextureFormatASTC (139)
[2022.04.28-10.15.24:690][366]LogModuleManager: Shutting down and abandoning module ImageWrapper (138)
[2022.04.28-10.15.24:690][366]LogModuleManager: Shutting down and abandoning module TextureFormatAndroid (135)
[2022.04.28-10.15.24:690][366]LogModuleManager: Shutting down and abandoning module AudioFormatOpus (133)
[2022.04.28-10.15.24:690][366]LogModuleManager: Shutting down and abandoning module AudioFormatOgg (131)
[2022.04.28-10.15.24:690][366]LogModuleManager: Shutting down and abandoning module AudioFormatADPCM (129)
[2022.04.28-10.15.24:690][366]LogModuleManager: Shutting down and abandoning module LuminTargetPlatform (127)
[2022.04.28-10.15.24:690][366]LogModuleManager: Shutting down and abandoning module LinuxTargetPlatform (125)
[2022.04.28-10.15.24:690][366]LogModuleManager: Shutting down and abandoning module LinuxServerTargetPlatform (123)
[2022.04.28-10.15.24:690][366]LogModuleManager: Shutting down and abandoning module LinuxNoEditorTargetPlatform (121)
[2022.04.28-10.15.24:690][366]LogModuleManager: Shutting down and abandoning module LinuxClientTargetPlatform (119)
[2022.04.28-10.15.24:690][366]LogModuleManager: Shutting down and abandoning module TVOSTargetPlatform (117)
[2022.04.28-10.15.24:692][366]LogModuleManager: Shutting down and abandoning module Messaging (115)
[2022.04.28-10.15.24:692][366]LogModuleManager: Shutting down and abandoning module IOSTargetPlatform (113)
[2022.04.28-10.15.24:693][366]LogModuleManager: Shutting down and abandoning module HTML5TargetPlatform (111)
[2022.04.28-10.15.24:693][366]LogModuleManager: Shutting down and abandoning module AndroidTargetPlatform (109)
[2022.04.28-10.15.24:704][366]LogModuleManager: Shutting down and abandoning module WindowsTargetPlatform (107)
[2022.04.28-10.15.24:704][366]LogModuleManager: Shutting down and abandoning module WindowsServerTargetPlatform (105)
[2022.04.28-10.15.24:704][366]LogModuleManager: Shutting down and abandoning module WindowsNoEditorTargetPlatform (103)
[2022.04.28-10.15.24:704][366]LogModuleManager: Shutting down and abandoning module WindowsClientTargetPlatform (101)
[2022.04.28-10.15.24:704][366]LogModuleManager: Shutting down and abandoning module MacTargetPlatform (99)
[2022.04.28-10.15.24:704][366]LogModuleManager: Shutting down and abandoning module MacServerTargetPlatform (97)
[2022.04.28-10.15.24:704][366]LogModuleManager: Shutting down and abandoning module MacNoEditorTargetPlatform (95)
[2022.04.28-10.15.24:704][366]LogModuleManager: Shutting down and abandoning module MacClientTargetPlatform (93)
[2022.04.28-10.15.24:704][366]LogModuleManager: Shutting down and abandoning module AllDesktopTargetPlatform (91)
[2022.04.28-10.15.24:704][366]LogModuleManager: Shutting down and abandoning module InputCore (88)
[2022.04.28-10.15.24:705][366]LogModuleManager: Shutting down and abandoning module Settings (86)
[2022.04.28-10.15.24:705][366]LogModuleManager: Shutting down and abandoning module PhysXCooking (84)
[2022.04.28-10.15.24:705][366]LogModuleManager: Shutting down and abandoning module SteamVR (82)
[2022.04.28-10.15.24:705][366]LogModuleManager: Shutting down and abandoning module OculusHMD (80)
[2022.04.28-10.15.24:705][366]LogModuleManager: Shutting down and abandoning module ExampleDeviceProfileSelector (78)
[2022.04.28-10.15.24:705][366]LogModuleManager: Shutting down and abandoning module LauncherChunkInstaller (76)
[2022.04.28-10.15.24:705][366]LogModuleManager: Shutting down and abandoning module OnlineBlueprintSupport (74)
[2022.04.28-10.15.24:705][366]LogModuleManager: Shutting down and abandoning module OnlineSubsystem (70)
[2022.04.28-10.15.24:706][366]LogModuleManager: Shutting down and abandoning module XMPP (65)
[2022.04.28-10.15.24:707][366]LogModuleManager: Shutting down and abandoning module WebSockets (64)
[2022.04.28-10.15.24:722][366]LogModuleManager: Shutting down and abandoning module HTTP (61)
[2022.04.28-10.15.24:723][366]LogHttp: Display: Http module shutting down, but needs to wait on 1 outstanding Http requests:
[2022.04.28-10.15.24:723][366]LogHttp: Display: 	verb=[POST] url=[https://datarouter.ol.epicgames.com/datarouter/api/v1/public/data?SessionID=%7BE2447E6A-4103-144D-A8F9-90ABABFC8DBC%7D&AppID=UEEditor.Rocket.Release&AppVersion=4.20.3-4369336%2B%2B%2BUE4%2BRelease-4.20&UserID=e5897c7a43892caab94921811b6a6795%7C533b440b3c554a7ebaeba0de7e09a67d%7C5c5ca2ef-1d0d-4add-a3e2-8916b480fbb1&AppEnvironment=datacollector-binary&UploadType=eteventstream] status=Processing
[2022.04.28-10.15.24:759][366]LogModuleManager: Shutting down and abandoning module SSL (60)
[2022.04.28-10.15.24:761][366]LogModuleManager: Shutting down and abandoning module MagicLeapEmulator (56)
[2022.04.28-10.15.24:761][366]LogModuleManager: Shutting down and abandoning module MagicLeapPrivileges (54)
[2022.04.28-10.15.24:761][366]LogModuleManager: Shutting down and abandoning module MagicLeapIdentity (52)
[2022.04.28-10.15.24:761][366]LogModuleManager: Shutting down and abandoning module MagicLeapHelperVulkan (50)
[2022.04.28-10.15.24:761][366]LogModuleManager: Shutting down and abandoning module MagicLeapHelperOpenGL (48)
[2022.04.28-10.15.24:761][366]LogModuleManager: Shutting down and abandoning module MagicLeapSecureStorage (46)
[2022.04.28-10.15.24:761][366]LogModuleManager: Shutting down and abandoning module MagicLeapGestures (44)
[2022.04.28-10.15.24:761][366]LogModuleManager: Shutting down and abandoning module MagicLeapEyeTracker (42)
[2022.04.28-10.15.24:762][366]LogModuleManager: Shutting down and abandoning module MagicLeapController (40)
[2022.04.28-10.15.24:762][366]LogSlate: Slate User Destroyed.  User Index 0, Is Virtual User: 0
[2022.04.28-10.15.24:762][366]LogModuleManager: Shutting down and abandoning module MagicLeap (38)
[2022.04.28-10.15.24:762][366]LogModuleManager: Shutting down and abandoning module AnimationModifiers (36)
[2022.04.28-10.15.24:762][366]LogModuleManager: Shutting down and abandoning module PropertyEditor (35)
[2022.04.28-10.15.24:762][366]LogModuleManager: Shutting down and abandoning module AudioEditor (32)
[2022.04.28-10.15.24:763][366]LogModuleManager: Shutting down and abandoning module TextureCompressor (30)
[2022.04.28-10.15.24:764][366]LogModuleManager: Shutting down and abandoning module ShaderCore (28)
[2022.04.28-10.15.24:764][366]LogModuleManager: Shutting down and abandoning module Landscape (26)
[2022.04.28-10.15.24:764][366]LogModuleManager: Shutting down and abandoning module SlateRHIRenderer (24)
[2022.04.28-10.15.24:765][366]LogModuleManager: Shutting down and abandoning module OpenGLDrv (22)
[2022.04.28-10.15.24:766][366]LogModuleManager: Shutting down and abandoning module D3D11RHI (20)
[2022.04.28-10.15.24:766][366]LogModuleManager: Shutting down and abandoning module AnimGraphRuntime (18)
[2022.04.28-10.15.24:766][366]LogModuleManager: Shutting down and abandoning module Renderer (16)
[2022.04.28-10.15.24:766][366]LogModuleManager: Shutting down and abandoning module Engine (14)
[2022.04.28-10.15.24:766][366]LogModuleManager: Shutting down and abandoning module CoreUObject (12)
[2022.04.28-10.15.24:766][366]LogModuleManager: Shutting down and abandoning module NetworkFile (10)
[2022.04.28-10.15.24:766][366]LogModuleManager: Shutting down and abandoning module CookedIterativeFile (8)
[2022.04.28-10.15.24:766][366]LogModuleManager: Shutting down and abandoning module StreamingFile (6)
[2022.04.28-10.15.24:766][366]LogModuleManager: Shutting down and abandoning module SandboxFile (4)
[2022.04.28-10.15.24:766][366]LogModuleManager: Shutting down and abandoning module PakFile (2)
[2022.04.28-10.15.24:782][366]LogExit: Exiting.
[2022.04.28-10.15.24:788][366]Log file closed, 04/28/22 12:15:24
